[DEBUG] 2025-05-01 18:09:09.109 [http-nio-8080-exec-7] IntegratorServiceImpl - Adding Integrator [org.hibernate.cfg.beanvalidation.BeanValidationIntegrator].
[DEBUG] 2025-05-01 18:09:09.115 [http-nio-8080-exec-7] IntegratorServiceImpl - Adding Integrator [org.hibernate.secure.spi.JaccIntegrator].
[DEBUG] 2025-05-01 18:09:09.119 [http-nio-8080-exec-7] IntegratorServiceImpl - Adding Integrator [org.hibernate.cache.internal.CollectionCacheInvalidator].
[INFO ] 2025-05-01 18:09:09.138 [http-nio-8080-exec-7] Version - HHH000412: Hibernate ORM core version 5.6.15.Final
[DEBUG] 2025-05-01 18:09:09.139 [http-nio-8080-exec-7] Environment - HHH000206: hibernate.properties not found
[DEBUG] 2025-05-01 18:09:09.322 [http-nio-8080-exec-7] LocalXmlResourceResolver - Interpreting public/system identifier : [-//Hibernate/Hibernate Configuration DTD//EN] - [http://www.hibernate.org/dtd/hibernate-configuration-3.0.dtd]
[DEBUG] 2025-05-01 18:09:09.323 [http-nio-8080-exec-7] LocalXmlResourceResolver - Recognized hibernate-configuration identifier; attempting to resolve on classpath under org/hibernate/
[DEBUG] 2025-05-01 18:09:09.325 [http-nio-8080-exec-7] JaxbCfgProcessor - cfg.xml document did not define namespaces; wrapping in custom event reader to introduce namespace information
[DEBUG] 2025-05-01 18:09:09.508 [http-nio-8080-exec-7] ServiceBinding - Overriding existing service binding [org.hibernate.secure.spi.JaccService]
[DEBUG] 2025-05-01 18:09:09.521 [http-nio-8080-exec-7] RegionFactoryInitiator - Cannot default RegionFactory based on registered strategies as `[]` RegionFactory strategies were registered
[DEBUG] 2025-05-01 18:09:09.522 [http-nio-8080-exec-7] RegionFactoryInitiator - Cache region factory : org.hibernate.cache.internal.NoCachingRegionFactory
[INFO ] 2025-05-01 18:09:09.540 [http-nio-8080-exec-7] Version - HCANN000001: Hibernate Commons Annotations {5.1.2.Final}
[DEBUG] 2025-05-01 18:09:09.574 [http-nio-8080-exec-7] BasicTypeRegistry - Adding type registration boolean -> org.hibernate.type.BooleanType@43b317b
[DEBUG] 2025-05-01 18:09:09.574 [http-nio-8080-exec-7] BasicTypeRegistry - Adding type registration boolean -> org.hibernate.type.BooleanType@43b317b
[DEBUG] 2025-05-01 18:09:09.574 [http-nio-8080-exec-7] BasicTypeRegistry - Adding type registration java.lang.Boolean -> org.hibernate.type.BooleanType@43b317b
[DEBUG] 2025-05-01 18:09:09.575 [http-nio-8080-exec-7] BasicTypeRegistry - Adding type registration numeric_boolean -> org.hibernate.type.NumericBooleanType@1bc54b7f
[DEBUG] 2025-05-01 18:09:09.575 [http-nio-8080-exec-7] BasicTypeRegistry - Adding type registration true_false -> org.hibernate.type.TrueFalseType@13b1eeb3
[DEBUG] 2025-05-01 18:09:09.576 [http-nio-8080-exec-7] BasicTypeRegistry - Adding type registration yes_no -> org.hibernate.type.YesNoType@2886a118
[DEBUG] 2025-05-01 18:09:09.576 [http-nio-8080-exec-7] BasicTypeRegistry - Adding type registration byte -> org.hibernate.type.ByteType@69bc2213
[DEBUG] 2025-05-01 18:09:09.576 [http-nio-8080-exec-7] BasicTypeRegistry - Adding type registration byte -> org.hibernate.type.ByteType@69bc2213
[DEBUG] 2025-05-01 18:09:09.577 [http-nio-8080-exec-7] BasicTypeRegistry - Adding type registration java.lang.Byte -> org.hibernate.type.ByteType@69bc2213
[DEBUG] 2025-05-01 18:09:09.577 [http-nio-8080-exec-7] BasicTypeRegistry - Adding type registration character -> org.hibernate.type.CharacterType@709bbbc9
[DEBUG] 2025-05-01 18:09:09.577 [http-nio-8080-exec-7] BasicTypeRegistry - Adding type registration char -> org.hibernate.type.CharacterType@709bbbc9
[DEBUG] 2025-05-01 18:09:09.577 [http-nio-8080-exec-7] BasicTypeRegistry - Adding type registration java.lang.Character -> org.hibernate.type.CharacterType@709bbbc9
[DEBUG] 2025-05-01 18:09:09.578 [http-nio-8080-exec-7] BasicTypeRegistry - Adding type registration short -> org.hibernate.type.ShortType@4bb70146
[DEBUG] 2025-05-01 18:09:09.578 [http-nio-8080-exec-7] BasicTypeRegistry - Adding type registration short -> org.hibernate.type.ShortType@4bb70146
[DEBUG] 2025-05-01 18:09:09.578 [http-nio-8080-exec-7] BasicTypeRegistry - Adding type registration java.lang.Short -> org.hibernate.type.ShortType@4bb70146
[DEBUG] 2025-05-01 18:09:09.579 [http-nio-8080-exec-7] BasicTypeRegistry - Adding type registration integer -> org.hibernate.type.IntegerType@5d5ec473
[DEBUG] 2025-05-01 18:09:09.579 [http-nio-8080-exec-7] BasicTypeRegistry - Adding type registration int -> org.hibernate.type.IntegerType@5d5ec473
[DEBUG] 2025-05-01 18:09:09.579 [http-nio-8080-exec-7] BasicTypeRegistry - Adding type registration java.lang.Integer -> org.hibernate.type.IntegerType@5d5ec473
[DEBUG] 2025-05-01 18:09:09.580 [http-nio-8080-exec-7] BasicTypeRegistry - Adding type registration long -> org.hibernate.type.LongType@bb71094
[DEBUG] 2025-05-01 18:09:09.580 [http-nio-8080-exec-7] BasicTypeRegistry - Adding type registration long -> org.hibernate.type.LongType@bb71094
[DEBUG] 2025-05-01 18:09:09.580 [http-nio-8080-exec-7] BasicTypeRegistry - Adding type registration java.lang.Long -> org.hibernate.type.LongType@bb71094
[DEBUG] 2025-05-01 18:09:09.581 [http-nio-8080-exec-7] BasicTypeRegistry - Adding type registration float -> org.hibernate.type.FloatType@c1c8641
[DEBUG] 2025-05-01 18:09:09.581 [http-nio-8080-exec-7] BasicTypeRegistry - Adding type registration float -> org.hibernate.type.FloatType@c1c8641
[DEBUG] 2025-05-01 18:09:09.581 [http-nio-8080-exec-7] BasicTypeRegistry - Adding type registration java.lang.Float -> org.hibernate.type.FloatType@c1c8641
[DEBUG] 2025-05-01 18:09:09.581 [http-nio-8080-exec-7] BasicTypeRegistry - Adding type registration double -> org.hibernate.type.DoubleType@1b70b61b
[DEBUG] 2025-05-01 18:09:09.582 [http-nio-8080-exec-7] BasicTypeRegistry - Adding type registration double -> org.hibernate.type.DoubleType@1b70b61b
[DEBUG] 2025-05-01 18:09:09.582 [http-nio-8080-exec-7] BasicTypeRegistry - Adding type registration java.lang.Double -> org.hibernate.type.DoubleType@1b70b61b
[DEBUG] 2025-05-01 18:09:09.582 [http-nio-8080-exec-7] BasicTypeRegistry - Adding type registration big_decimal -> org.hibernate.type.BigDecimalType@61d600dd
[DEBUG] 2025-05-01 18:09:09.582 [http-nio-8080-exec-7] BasicTypeRegistry - Adding type registration java.math.BigDecimal -> org.hibernate.type.BigDecimalType@61d600dd
[DEBUG] 2025-05-01 18:09:09.583 [http-nio-8080-exec-7] BasicTypeRegistry - Adding type registration big_integer -> org.hibernate.type.BigIntegerType@418e6b
[DEBUG] 2025-05-01 18:09:09.583 [http-nio-8080-exec-7] BasicTypeRegistry - Adding type registration java.math.BigInteger -> org.hibernate.type.BigIntegerType@418e6b
[DEBUG] 2025-05-01 18:09:09.584 [http-nio-8080-exec-7] BasicTypeRegistry - Adding type registration string -> org.hibernate.type.StringType@557fc66b
[DEBUG] 2025-05-01 18:09:09.584 [http-nio-8080-exec-7] BasicTypeRegistry - Adding type registration java.lang.String -> org.hibernate.type.StringType@557fc66b
[DEBUG] 2025-05-01 18:09:09.584 [http-nio-8080-exec-7] BasicTypeRegistry - Adding type registration nstring -> org.hibernate.type.StringNVarcharType@340a9a98
[DEBUG] 2025-05-01 18:09:09.585 [http-nio-8080-exec-7] BasicTypeRegistry - Adding type registration ncharacter -> org.hibernate.type.CharacterNCharType@50dbd906
[DEBUG] 2025-05-01 18:09:09.585 [http-nio-8080-exec-7] BasicTypeRegistry - Adding type registration url -> org.hibernate.type.UrlType@5e7407ae
[DEBUG] 2025-05-01 18:09:09.585 [http-nio-8080-exec-7] BasicTypeRegistry - Adding type registration java.net.URL -> org.hibernate.type.UrlType@5e7407ae
[DEBUG] 2025-05-01 18:09:09.586 [http-nio-8080-exec-7] BasicTypeRegistry - Adding type registration Duration -> org.hibernate.type.DurationType@284fc89e
[DEBUG] 2025-05-01 18:09:09.586 [http-nio-8080-exec-7] BasicTypeRegistry - Adding type registration java.time.Duration -> org.hibernate.type.DurationType@284fc89e
[DEBUG] 2025-05-01 18:09:09.587 [http-nio-8080-exec-7] BasicTypeRegistry - Adding type registration Instant -> org.hibernate.type.InstantType@2524efae
[DEBUG] 2025-05-01 18:09:09.587 [http-nio-8080-exec-7] BasicTypeRegistry - Adding type registration java.time.Instant -> org.hibernate.type.InstantType@2524efae
[DEBUG] 2025-05-01 18:09:09.588 [http-nio-8080-exec-7] BasicTypeRegistry - Adding type registration LocalDateTime -> org.hibernate.type.LocalDateTimeType@aa46426
[DEBUG] 2025-05-01 18:09:09.588 [http-nio-8080-exec-7] BasicTypeRegistry - Adding type registration java.time.LocalDateTime -> org.hibernate.type.LocalDateTimeType@aa46426
[DEBUG] 2025-05-01 18:09:09.589 [http-nio-8080-exec-7] BasicTypeRegistry - Adding type registration LocalDate -> org.hibernate.type.LocalDateType@603b30a2
[DEBUG] 2025-05-01 18:09:09.589 [http-nio-8080-exec-7] BasicTypeRegistry - Adding type registration java.time.LocalDate -> org.hibernate.type.LocalDateType@603b30a2
[DEBUG] 2025-05-01 18:09:09.590 [http-nio-8080-exec-7] BasicTypeRegistry - Adding type registration LocalTime -> org.hibernate.type.LocalTimeType@6f77aebe
[DEBUG] 2025-05-01 18:09:09.590 [http-nio-8080-exec-7] BasicTypeRegistry - Adding type registration java.time.LocalTime -> org.hibernate.type.LocalTimeType@6f77aebe
[DEBUG] 2025-05-01 18:09:09.591 [http-nio-8080-exec-7] BasicTypeRegistry - Adding type registration OffsetDateTime -> org.hibernate.type.OffsetDateTimeType@41ae037e
[DEBUG] 2025-05-01 18:09:09.591 [http-nio-8080-exec-7] BasicTypeRegistry - Adding type registration java.time.OffsetDateTime -> org.hibernate.type.OffsetDateTimeType@41ae037e
[DEBUG] 2025-05-01 18:09:09.592 [http-nio-8080-exec-7] BasicTypeRegistry - Adding type registration OffsetTime -> org.hibernate.type.OffsetTimeType@7b8824fd
[DEBUG] 2025-05-01 18:09:09.592 [http-nio-8080-exec-7] BasicTypeRegistry - Adding type registration java.time.OffsetTime -> org.hibernate.type.OffsetTimeType@7b8824fd
[DEBUG] 2025-05-01 18:09:09.592 [http-nio-8080-exec-7] BasicTypeRegistry - Adding type registration ZonedDateTime -> org.hibernate.type.ZonedDateTimeType@238d5a95
[DEBUG] 2025-05-01 18:09:09.592 [http-nio-8080-exec-7] BasicTypeRegistry - Adding type registration java.time.ZonedDateTime -> org.hibernate.type.ZonedDateTimeType@238d5a95
[DEBUG] 2025-05-01 18:09:09.593 [http-nio-8080-exec-7] BasicTypeRegistry - Adding type registration date -> org.hibernate.type.DateType@2c2d5813
[DEBUG] 2025-05-01 18:09:09.593 [http-nio-8080-exec-7] BasicTypeRegistry - Adding type registration java.sql.Date -> org.hibernate.type.DateType@2c2d5813
[DEBUG] 2025-05-01 18:09:09.594 [http-nio-8080-exec-7] BasicTypeRegistry - Adding type registration time -> org.hibernate.type.TimeType@4490407a
[DEBUG] 2025-05-01 18:09:09.594 [http-nio-8080-exec-7] BasicTypeRegistry - Adding type registration java.sql.Time -> org.hibernate.type.TimeType@4490407a
[DEBUG] 2025-05-01 18:09:09.595 [http-nio-8080-exec-7] BasicTypeRegistry - Adding type registration timestamp -> org.hibernate.type.TimestampType@73aa6910
[DEBUG] 2025-05-01 18:09:09.595 [http-nio-8080-exec-7] BasicTypeRegistry - Adding type registration java.sql.Timestamp -> org.hibernate.type.TimestampType@73aa6910
[DEBUG] 2025-05-01 18:09:09.595 [http-nio-8080-exec-7] BasicTypeRegistry - Adding type registration java.util.Date -> org.hibernate.type.TimestampType@73aa6910
[DEBUG] 2025-05-01 18:09:09.596 [http-nio-8080-exec-7] BasicTypeRegistry - Adding type registration dbtimestamp -> org.hibernate.type.DbTimestampType@7f469f78
[DEBUG] 2025-05-01 18:09:09.597 [http-nio-8080-exec-7] BasicTypeRegistry - Adding type registration calendar -> org.hibernate.type.CalendarType@7f170b4
[DEBUG] 2025-05-01 18:09:09.597 [http-nio-8080-exec-7] BasicTypeRegistry - Adding type registration java.util.Calendar -> org.hibernate.type.CalendarType@7f170b4
[DEBUG] 2025-05-01 18:09:09.597 [http-nio-8080-exec-7] BasicTypeRegistry - Adding type registration java.util.GregorianCalendar -> org.hibernate.type.CalendarType@7f170b4
[DEBUG] 2025-05-01 18:09:09.598 [http-nio-8080-exec-7] BasicTypeRegistry - Adding type registration calendar_date -> org.hibernate.type.CalendarDateType@2d68937c
[DEBUG] 2025-05-01 18:09:09.598 [http-nio-8080-exec-7] BasicTypeRegistry - Adding type registration calendar_time -> org.hibernate.type.CalendarTimeType@37851ba0
[DEBUG] 2025-05-01 18:09:09.599 [http-nio-8080-exec-7] BasicTypeRegistry - Adding type registration locale -> org.hibernate.type.LocaleType@37a3f0e4
[DEBUG] 2025-05-01 18:09:09.599 [http-nio-8080-exec-7] BasicTypeRegistry - Adding type registration java.util.Locale -> org.hibernate.type.LocaleType@37a3f0e4
[DEBUG] 2025-05-01 18:09:09.600 [http-nio-8080-exec-7] BasicTypeRegistry - Adding type registration currency -> org.hibernate.type.CurrencyType@590165c0
[DEBUG] 2025-05-01 18:09:09.600 [http-nio-8080-exec-7] BasicTypeRegistry - Adding type registration java.util.Currency -> org.hibernate.type.CurrencyType@590165c0
[DEBUG] 2025-05-01 18:09:09.600 [http-nio-8080-exec-7] BasicTypeRegistry - Adding type registration timezone -> org.hibernate.type.TimeZoneType@60c349cb
[DEBUG] 2025-05-01 18:09:09.601 [http-nio-8080-exec-7] BasicTypeRegistry - Adding type registration java.util.TimeZone -> org.hibernate.type.TimeZoneType@60c349cb
[DEBUG] 2025-05-01 18:09:09.601 [http-nio-8080-exec-7] BasicTypeRegistry - Adding type registration class -> org.hibernate.type.ClassType@34a22c75
[DEBUG] 2025-05-01 18:09:09.601 [http-nio-8080-exec-7] BasicTypeRegistry - Adding type registration java.lang.Class -> org.hibernate.type.ClassType@34a22c75
[DEBUG] 2025-05-01 18:09:09.602 [http-nio-8080-exec-7] BasicTypeRegistry - Adding type registration uuid-binary -> org.hibernate.type.UUIDBinaryType@3f0a6f60
[DEBUG] 2025-05-01 18:09:09.602 [http-nio-8080-exec-7] BasicTypeRegistry - Adding type registration java.util.UUID -> org.hibernate.type.UUIDBinaryType@3f0a6f60
[DEBUG] 2025-05-01 18:09:09.602 [http-nio-8080-exec-7] BasicTypeRegistry - Adding type registration uuid-char -> org.hibernate.type.UUIDCharType@1f60de5b
[DEBUG] 2025-05-01 18:09:09.603 [http-nio-8080-exec-7] BasicTypeRegistry - Adding type registration binary -> org.hibernate.type.BinaryType@2ff937ae
[DEBUG] 2025-05-01 18:09:09.603 [http-nio-8080-exec-7] BasicTypeRegistry - Adding type registration byte[] -> org.hibernate.type.BinaryType@2ff937ae
[DEBUG] 2025-05-01 18:09:09.603 [http-nio-8080-exec-7] BasicTypeRegistry - Adding type registration [B -> org.hibernate.type.BinaryType@2ff937ae
[DEBUG] 2025-05-01 18:09:09.604 [http-nio-8080-exec-7] BasicTypeRegistry - Adding type registration wrapper-binary -> org.hibernate.type.WrapperBinaryType@1902ca89
[DEBUG] 2025-05-01 18:09:09.604 [http-nio-8080-exec-7] BasicTypeRegistry - Adding type registration Byte[] -> org.hibernate.type.WrapperBinaryType@1902ca89
[DEBUG] 2025-05-01 18:09:09.604 [http-nio-8080-exec-7] BasicTypeRegistry - Adding type registration [Ljava.lang.Byte; -> org.hibernate.type.WrapperBinaryType@1902ca89
[DEBUG] 2025-05-01 18:09:09.605 [http-nio-8080-exec-7] BasicTypeRegistry - Adding type registration row_version -> org.hibernate.type.RowVersionType@82d3605
[DEBUG] 2025-05-01 18:09:09.605 [http-nio-8080-exec-7] BasicTypeRegistry - Adding type registration image -> org.hibernate.type.ImageType@7dfd2b1b
[DEBUG] 2025-05-01 18:09:09.606 [http-nio-8080-exec-7] BasicTypeRegistry - Adding type registration characters -> org.hibernate.type.CharArrayType@552e109
[DEBUG] 2025-05-01 18:09:09.606 [http-nio-8080-exec-7] BasicTypeRegistry - Adding type registration char[] -> org.hibernate.type.CharArrayType@552e109
[DEBUG] 2025-05-01 18:09:09.606 [http-nio-8080-exec-7] BasicTypeRegistry - Adding type registration [C -> org.hibernate.type.CharArrayType@552e109
[DEBUG] 2025-05-01 18:09:09.606 [http-nio-8080-exec-7] BasicTypeRegistry - Adding type registration wrapper-characters -> org.hibernate.type.CharacterArrayType@1694a708
[DEBUG] 2025-05-01 18:09:09.606 [http-nio-8080-exec-7] BasicTypeRegistry - Adding type registration [Ljava.lang.Character; -> org.hibernate.type.CharacterArrayType@1694a708
[DEBUG] 2025-05-01 18:09:09.606 [http-nio-8080-exec-7] BasicTypeRegistry - Adding type registration Character[] -> org.hibernate.type.CharacterArrayType@1694a708
[DEBUG] 2025-05-01 18:09:09.607 [http-nio-8080-exec-7] BasicTypeRegistry - Adding type registration text -> org.hibernate.type.TextType@5d3096a9
[DEBUG] 2025-05-01 18:09:09.607 [http-nio-8080-exec-7] BasicTypeRegistry - Adding type registration ntext -> org.hibernate.type.NTextType@142074d0
[DEBUG] 2025-05-01 18:09:09.608 [http-nio-8080-exec-7] BasicTypeRegistry - Adding type registration blob -> org.hibernate.type.BlobType@3ed5ad7b
[DEBUG] 2025-05-01 18:09:09.608 [http-nio-8080-exec-7] BasicTypeRegistry - Adding type registration java.sql.Blob -> org.hibernate.type.BlobType@3ed5ad7b
[DEBUG] 2025-05-01 18:09:09.609 [http-nio-8080-exec-7] BasicTypeRegistry - Adding type registration materialized_blob -> org.hibernate.type.MaterializedBlobType@334746dc
[DEBUG] 2025-05-01 18:09:09.610 [http-nio-8080-exec-7] BasicTypeRegistry - Adding type registration clob -> org.hibernate.type.ClobType@54f1c7fd
[DEBUG] 2025-05-01 18:09:09.610 [http-nio-8080-exec-7] BasicTypeRegistry - Adding type registration java.sql.Clob -> org.hibernate.type.ClobType@54f1c7fd
[DEBUG] 2025-05-01 18:09:09.611 [http-nio-8080-exec-7] BasicTypeRegistry - Adding type registration nclob -> org.hibernate.type.NClobType@1f10be55
[DEBUG] 2025-05-01 18:09:09.611 [http-nio-8080-exec-7] BasicTypeRegistry - Adding type registration java.sql.NClob -> org.hibernate.type.NClobType@1f10be55
[DEBUG] 2025-05-01 18:09:09.611 [http-nio-8080-exec-7] BasicTypeRegistry - Adding type registration materialized_clob -> org.hibernate.type.MaterializedClobType@27437037
[DEBUG] 2025-05-01 18:09:09.611 [http-nio-8080-exec-7] BasicTypeRegistry - Adding type registration materialized_nclob -> org.hibernate.type.MaterializedNClobType@2016b42b
[DEBUG] 2025-05-01 18:09:09.613 [http-nio-8080-exec-7] BasicTypeRegistry - Adding type registration serializable -> org.hibernate.type.SerializableType@52afb470
[DEBUG] 2025-05-01 18:09:09.615 [http-nio-8080-exec-7] BasicTypeRegistry - Adding type registration object -> org.hibernate.type.ObjectType@1a3b71d5
[DEBUG] 2025-05-01 18:09:09.615 [http-nio-8080-exec-7] BasicTypeRegistry - Adding type registration java.lang.Object -> org.hibernate.type.ObjectType@1a3b71d5
[DEBUG] 2025-05-01 18:09:09.616 [http-nio-8080-exec-7] BasicTypeRegistry - Adding type registration imm_date -> org.hibernate.type.AdaptedImmutableType@2ead56ba
[DEBUG] 2025-05-01 18:09:09.616 [http-nio-8080-exec-7] BasicTypeRegistry - Adding type registration imm_time -> org.hibernate.type.AdaptedImmutableType@75a610b0
[DEBUG] 2025-05-01 18:09:09.616 [http-nio-8080-exec-7] BasicTypeRegistry - Adding type registration imm_timestamp -> org.hibernate.type.AdaptedImmutableType@4367bff2
[DEBUG] 2025-05-01 18:09:09.616 [http-nio-8080-exec-7] BasicTypeRegistry - Adding type registration imm_dbtimestamp -> org.hibernate.type.AdaptedImmutableType@65229b1c
[DEBUG] 2025-05-01 18:09:09.616 [http-nio-8080-exec-7] BasicTypeRegistry - Adding type registration imm_calendar -> org.hibernate.type.AdaptedImmutableType@217e0984
[DEBUG] 2025-05-01 18:09:09.616 [http-nio-8080-exec-7] BasicTypeRegistry - Adding type registration imm_calendar_date -> org.hibernate.type.AdaptedImmutableType@6498be8b
[DEBUG] 2025-05-01 18:09:09.616 [http-nio-8080-exec-7] BasicTypeRegistry - Adding type registration imm_binary -> org.hibernate.type.AdaptedImmutableType@1afe15c5
[DEBUG] 2025-05-01 18:09:09.616 [http-nio-8080-exec-7] BasicTypeRegistry - Adding type registration imm_serializable -> org.hibernate.type.AdaptedImmutableType@6b7597fd
[DEBUG] 2025-05-01 18:09:09.641 [http-nio-8080-exec-7] DefaultIdentifierGeneratorFactory - Registering IdentifierGenerator strategy [uuid2] -> [org.hibernate.id.UUIDGenerator]
[DEBUG] 2025-05-01 18:09:09.642 [http-nio-8080-exec-7] DefaultIdentifierGeneratorFactory - Registering IdentifierGenerator strategy [guid] -> [org.hibernate.id.GUIDGenerator]
[DEBUG] 2025-05-01 18:09:09.642 [http-nio-8080-exec-7] DefaultIdentifierGeneratorFactory - Registering IdentifierGenerator strategy [uuid] -> [org.hibernate.id.UUIDHexGenerator]
[DEBUG] 2025-05-01 18:09:09.643 [http-nio-8080-exec-7] DefaultIdentifierGeneratorFactory - Registering IdentifierGenerator strategy [uuid.hex] -> [org.hibernate.id.UUIDHexGenerator]
[DEBUG] 2025-05-01 18:09:09.643 [http-nio-8080-exec-7] DefaultIdentifierGeneratorFactory - Registering IdentifierGenerator strategy [assigned] -> [org.hibernate.id.Assigned]
[DEBUG] 2025-05-01 18:09:09.644 [http-nio-8080-exec-7] DefaultIdentifierGeneratorFactory - Registering IdentifierGenerator strategy [identity] -> [org.hibernate.id.IdentityGenerator]
[DEBUG] 2025-05-01 18:09:09.645 [http-nio-8080-exec-7] DefaultIdentifierGeneratorFactory - Registering IdentifierGenerator strategy [select] -> [org.hibernate.id.SelectGenerator]
[DEBUG] 2025-05-01 18:09:09.645 [http-nio-8080-exec-7] DefaultIdentifierGeneratorFactory - Registering IdentifierGenerator strategy [sequence] -> [org.hibernate.id.enhanced.SequenceStyleGenerator]
[DEBUG] 2025-05-01 18:09:09.646 [http-nio-8080-exec-7] DefaultIdentifierGeneratorFactory - Registering IdentifierGenerator strategy [seqhilo] -> [org.hibernate.id.SequenceHiLoGenerator]
[DEBUG] 2025-05-01 18:09:09.646 [http-nio-8080-exec-7] DefaultIdentifierGeneratorFactory - Registering IdentifierGenerator strategy [increment] -> [org.hibernate.id.IncrementGenerator]
[DEBUG] 2025-05-01 18:09:09.647 [http-nio-8080-exec-7] DefaultIdentifierGeneratorFactory - Registering IdentifierGenerator strategy [foreign] -> [org.hibernate.id.ForeignGenerator]
[DEBUG] 2025-05-01 18:09:09.647 [http-nio-8080-exec-7] DefaultIdentifierGeneratorFactory - Registering IdentifierGenerator strategy [sequence-identity] -> [org.hibernate.id.SequenceIdentityGenerator]
[DEBUG] 2025-05-01 18:09:09.647 [http-nio-8080-exec-7] DefaultIdentifierGeneratorFactory - Registering IdentifierGenerator strategy [enhanced-sequence] -> [org.hibernate.id.enhanced.SequenceStyleGenerator]
[DEBUG] 2025-05-01 18:09:09.648 [http-nio-8080-exec-7] DefaultIdentifierGeneratorFactory - Registering IdentifierGenerator strategy [enhanced-table] -> [org.hibernate.id.enhanced.TableGenerator]
[WARN ] 2025-05-01 18:09:09.650 [http-nio-8080-exec-7] ConnectionProviderInitiator - HHH000022: c3p0 properties were encountered, but the c3p0 provider class was not found on the classpath; these properties are going to be ignored.
[WARN ] 2025-05-01 18:09:09.652 [http-nio-8080-exec-7] pooling - HHH10001002: Using Hibernate built-in connection pool (not for production use!)
