[DEBUG] 2025-05-05 18:01:40.473 [http-nio-8080-exec-5] IntegratorServiceImpl - Adding Integrator [org.hibernate.cfg.beanvalidation.BeanValidationIntegrator].
[DEBUG] 2025-05-05 18:01:40.475 [http-nio-8080-exec-5] IntegratorServiceImpl - Adding Integrator [org.hibernate.secure.spi.JaccIntegrator].
[DEBUG] 2025-05-05 18:01:40.479 [http-nio-8080-exec-5] IntegratorServiceImpl - Adding Integrator [org.hibernate.cache.internal.CollectionCacheInvalidator].
[INFO ] 2025-05-05 18:01:40.497 [http-nio-8080-exec-5] Version - HHH000412: Hibernate ORM core version 5.6.15.Final
[DEBUG] 2025-05-05 18:01:40.498 [http-nio-8080-exec-5] Environment - HHH000206: hibernate.properties not found
[DEBUG] 2025-05-05 18:01:40.676 [http-nio-8080-exec-5] LocalXmlResourceResolver - Interpreting public/system identifier : [-//Hibernate/Hibernate Configuration DTD//EN] - [http://www.hibernate.org/dtd/hibernate-configuration-3.0.dtd]
[DEBUG] 2025-05-05 18:01:40.676 [http-nio-8080-exec-5] LocalXmlResourceResolver - Recognized hibernate-configuration identifier; attempting to resolve on classpath under org/hibernate/
[DEBUG] 2025-05-05 18:01:40.678 [http-nio-8080-exec-5] JaxbCfgProcessor - cfg.xml document did not define namespaces; wrapping in custom event reader to introduce namespace information
[DEBUG] 2025-05-05 18:01:40.869 [http-nio-8080-exec-5] ServiceBinding - Overriding existing service binding [org.hibernate.secure.spi.JaccService]
[DEBUG] 2025-05-05 18:01:40.881 [http-nio-8080-exec-5] RegionFactoryInitiator - Cannot default RegionFactory based on registered strategies as `[]` RegionFactory strategies were registered
[DEBUG] 2025-05-05 18:01:40.882 [http-nio-8080-exec-5] RegionFactoryInitiator - Cache region factory : org.hibernate.cache.internal.NoCachingRegionFactory
[INFO ] 2025-05-05 18:01:40.900 [http-nio-8080-exec-5] Version - HCANN000001: Hibernate Commons Annotations {5.1.2.Final}
[DEBUG] 2025-05-05 18:01:40.941 [http-nio-8080-exec-5] BasicTypeRegistry - Adding type registration boolean -> org.hibernate.type.BooleanType@10e0d1b2
[DEBUG] 2025-05-05 18:01:40.941 [http-nio-8080-exec-5] BasicTypeRegistry - Adding type registration boolean -> org.hibernate.type.BooleanType@10e0d1b2
[DEBUG] 2025-05-05 18:01:40.941 [http-nio-8080-exec-5] BasicTypeRegistry - Adding type registration java.lang.Boolean -> org.hibernate.type.BooleanType@10e0d1b2
[DEBUG] 2025-05-05 18:01:40.941 [http-nio-8080-exec-5] BasicTypeRegistry - Adding type registration numeric_boolean -> org.hibernate.type.NumericBooleanType@345437ff
[DEBUG] 2025-05-05 18:01:40.942 [http-nio-8080-exec-5] BasicTypeRegistry - Adding type registration true_false -> org.hibernate.type.TrueFalseType@2e0cdf48
[DEBUG] 2025-05-05 18:01:40.942 [http-nio-8080-exec-5] BasicTypeRegistry - Adding type registration yes_no -> org.hibernate.type.YesNoType@4003163d
[DEBUG] 2025-05-05 18:01:40.943 [http-nio-8080-exec-5] BasicTypeRegistry - Adding type registration byte -> org.hibernate.type.ByteType@2af256bc
[DEBUG] 2025-05-05 18:01:40.943 [http-nio-8080-exec-5] BasicTypeRegistry - Adding type registration byte -> org.hibernate.type.ByteType@2af256bc
[DEBUG] 2025-05-05 18:01:40.943 [http-nio-8080-exec-5] BasicTypeRegistry - Adding type registration java.lang.Byte -> org.hibernate.type.ByteType@2af256bc
[DEBUG] 2025-05-05 18:01:40.944 [http-nio-8080-exec-5] BasicTypeRegistry - Adding type registration character -> org.hibernate.type.CharacterType@49980c93
[DEBUG] 2025-05-05 18:01:40.944 [http-nio-8080-exec-5] BasicTypeRegistry - Adding type registration char -> org.hibernate.type.CharacterType@49980c93
[DEBUG] 2025-05-05 18:01:40.944 [http-nio-8080-exec-5] BasicTypeRegistry - Adding type registration java.lang.Character -> org.hibernate.type.CharacterType@49980c93
[DEBUG] 2025-05-05 18:01:40.945 [http-nio-8080-exec-5] BasicTypeRegistry - Adding type registration short -> org.hibernate.type.ShortType@42224dc5
[DEBUG] 2025-05-05 18:01:40.945 [http-nio-8080-exec-5] BasicTypeRegistry - Adding type registration short -> org.hibernate.type.ShortType@42224dc5
[DEBUG] 2025-05-05 18:01:40.945 [http-nio-8080-exec-5] BasicTypeRegistry - Adding type registration java.lang.Short -> org.hibernate.type.ShortType@42224dc5
[DEBUG] 2025-05-05 18:01:40.946 [http-nio-8080-exec-5] BasicTypeRegistry - Adding type registration integer -> org.hibernate.type.IntegerType@546555b2
[DEBUG] 2025-05-05 18:01:40.946 [http-nio-8080-exec-5] BasicTypeRegistry - Adding type registration int -> org.hibernate.type.IntegerType@546555b2
[DEBUG] 2025-05-05 18:01:40.946 [http-nio-8080-exec-5] BasicTypeRegistry - Adding type registration java.lang.Integer -> org.hibernate.type.IntegerType@546555b2
[DEBUG] 2025-05-05 18:01:40.947 [http-nio-8080-exec-5] BasicTypeRegistry - Adding type registration long -> org.hibernate.type.LongType@9342075
[DEBUG] 2025-05-05 18:01:40.947 [http-nio-8080-exec-5] BasicTypeRegistry - Adding type registration long -> org.hibernate.type.LongType@9342075
[DEBUG] 2025-05-05 18:01:40.947 [http-nio-8080-exec-5] BasicTypeRegistry - Adding type registration java.lang.Long -> org.hibernate.type.LongType@9342075
[DEBUG] 2025-05-05 18:01:40.948 [http-nio-8080-exec-5] BasicTypeRegistry - Adding type registration float -> org.hibernate.type.FloatType@3d312879
[DEBUG] 2025-05-05 18:01:40.948 [http-nio-8080-exec-5] BasicTypeRegistry - Adding type registration float -> org.hibernate.type.FloatType@3d312879
[DEBUG] 2025-05-05 18:01:40.948 [http-nio-8080-exec-5] BasicTypeRegistry - Adding type registration java.lang.Float -> org.hibernate.type.FloatType@3d312879
[DEBUG] 2025-05-05 18:01:40.948 [http-nio-8080-exec-5] BasicTypeRegistry - Adding type registration double -> org.hibernate.type.DoubleType@4a8a2f36
[DEBUG] 2025-05-05 18:01:40.948 [http-nio-8080-exec-5] BasicTypeRegistry - Adding type registration double -> org.hibernate.type.DoubleType@4a8a2f36
[DEBUG] 2025-05-05 18:01:40.948 [http-nio-8080-exec-5] BasicTypeRegistry - Adding type registration java.lang.Double -> org.hibernate.type.DoubleType@4a8a2f36
[DEBUG] 2025-05-05 18:01:40.949 [http-nio-8080-exec-5] BasicTypeRegistry - Adding type registration big_decimal -> org.hibernate.type.BigDecimalType@3c0cdb5f
[DEBUG] 2025-05-05 18:01:40.949 [http-nio-8080-exec-5] BasicTypeRegistry - Adding type registration java.math.BigDecimal -> org.hibernate.type.BigDecimalType@3c0cdb5f
[DEBUG] 2025-05-05 18:01:40.950 [http-nio-8080-exec-5] BasicTypeRegistry - Adding type registration big_integer -> org.hibernate.type.BigIntegerType@168bd7f2
[DEBUG] 2025-05-05 18:01:40.950 [http-nio-8080-exec-5] BasicTypeRegistry - Adding type registration java.math.BigInteger -> org.hibernate.type.BigIntegerType@168bd7f2
[DEBUG] 2025-05-05 18:01:40.951 [http-nio-8080-exec-5] BasicTypeRegistry - Adding type registration string -> org.hibernate.type.StringType@7cc4e8ba
[DEBUG] 2025-05-05 18:01:40.951 [http-nio-8080-exec-5] BasicTypeRegistry - Adding type registration java.lang.String -> org.hibernate.type.StringType@7cc4e8ba
[DEBUG] 2025-05-05 18:01:40.951 [http-nio-8080-exec-5] BasicTypeRegistry - Adding type registration nstring -> org.hibernate.type.StringNVarcharType@57a9d387
[DEBUG] 2025-05-05 18:01:40.952 [http-nio-8080-exec-5] BasicTypeRegistry - Adding type registration ncharacter -> org.hibernate.type.CharacterNCharType@655c2c6f
[DEBUG] 2025-05-05 18:01:40.953 [http-nio-8080-exec-5] BasicTypeRegistry - Adding type registration url -> org.hibernate.type.UrlType@470f0078
[DEBUG] 2025-05-05 18:01:40.953 [http-nio-8080-exec-5] BasicTypeRegistry - Adding type registration java.net.URL -> org.hibernate.type.UrlType@470f0078
[DEBUG] 2025-05-05 18:01:40.953 [http-nio-8080-exec-5] BasicTypeRegistry - Adding type registration Duration -> org.hibernate.type.DurationType@7cab7051
[DEBUG] 2025-05-05 18:01:40.953 [http-nio-8080-exec-5] BasicTypeRegistry - Adding type registration java.time.Duration -> org.hibernate.type.DurationType@7cab7051
[DEBUG] 2025-05-05 18:01:40.954 [http-nio-8080-exec-5] BasicTypeRegistry - Adding type registration Instant -> org.hibernate.type.InstantType@771bada6
[DEBUG] 2025-05-05 18:01:40.954 [http-nio-8080-exec-5] BasicTypeRegistry - Adding type registration java.time.Instant -> org.hibernate.type.InstantType@771bada6
[DEBUG] 2025-05-05 18:01:40.955 [http-nio-8080-exec-5] BasicTypeRegistry - Adding type registration LocalDateTime -> org.hibernate.type.LocalDateTimeType@628fd64a
[DEBUG] 2025-05-05 18:01:40.955 [http-nio-8080-exec-5] BasicTypeRegistry - Adding type registration java.time.LocalDateTime -> org.hibernate.type.LocalDateTimeType@628fd64a
[DEBUG] 2025-05-05 18:01:40.956 [http-nio-8080-exec-5] BasicTypeRegistry - Adding type registration LocalDate -> org.hibernate.type.LocalDateType@440724b7
[DEBUG] 2025-05-05 18:01:40.956 [http-nio-8080-exec-5] BasicTypeRegistry - Adding type registration java.time.LocalDate -> org.hibernate.type.LocalDateType@440724b7
[DEBUG] 2025-05-05 18:01:40.957 [http-nio-8080-exec-5] BasicTypeRegistry - Adding type registration LocalTime -> org.hibernate.type.LocalTimeType@10290274
[DEBUG] 2025-05-05 18:01:40.957 [http-nio-8080-exec-5] BasicTypeRegistry - Adding type registration java.time.LocalTime -> org.hibernate.type.LocalTimeType@10290274
[DEBUG] 2025-05-05 18:01:40.958 [http-nio-8080-exec-5] BasicTypeRegistry - Adding type registration OffsetDateTime -> org.hibernate.type.OffsetDateTimeType@4153ea6f
[DEBUG] 2025-05-05 18:01:40.958 [http-nio-8080-exec-5] BasicTypeRegistry - Adding type registration java.time.OffsetDateTime -> org.hibernate.type.OffsetDateTimeType@4153ea6f
[DEBUG] 2025-05-05 18:01:40.959 [http-nio-8080-exec-5] BasicTypeRegistry - Adding type registration OffsetTime -> org.hibernate.type.OffsetTimeType@59397aa6
[DEBUG] 2025-05-05 18:01:40.959 [http-nio-8080-exec-5] BasicTypeRegistry - Adding type registration java.time.OffsetTime -> org.hibernate.type.OffsetTimeType@59397aa6
[DEBUG] 2025-05-05 18:01:40.960 [http-nio-8080-exec-5] BasicTypeRegistry - Adding type registration ZonedDateTime -> org.hibernate.type.ZonedDateTimeType@6b2d793c
[DEBUG] 2025-05-05 18:01:40.960 [http-nio-8080-exec-5] BasicTypeRegistry - Adding type registration java.time.ZonedDateTime -> org.hibernate.type.ZonedDateTimeType@6b2d793c
[DEBUG] 2025-05-05 18:01:40.961 [http-nio-8080-exec-5] BasicTypeRegistry - Adding type registration date -> org.hibernate.type.DateType@170ae8cf
[DEBUG] 2025-05-05 18:01:40.961 [http-nio-8080-exec-5] BasicTypeRegistry - Adding type registration java.sql.Date -> org.hibernate.type.DateType@170ae8cf
[DEBUG] 2025-05-05 18:01:40.961 [http-nio-8080-exec-5] BasicTypeRegistry - Adding type registration time -> org.hibernate.type.TimeType@2464e4d1
[DEBUG] 2025-05-05 18:01:40.961 [http-nio-8080-exec-5] BasicTypeRegistry - Adding type registration java.sql.Time -> org.hibernate.type.TimeType@2464e4d1
[DEBUG] 2025-05-05 18:01:40.962 [http-nio-8080-exec-5] BasicTypeRegistry - Adding type registration timestamp -> org.hibernate.type.TimestampType@72b7e54c
[DEBUG] 2025-05-05 18:01:40.962 [http-nio-8080-exec-5] BasicTypeRegistry - Adding type registration java.sql.Timestamp -> org.hibernate.type.TimestampType@72b7e54c
[DEBUG] 2025-05-05 18:01:40.962 [http-nio-8080-exec-5] BasicTypeRegistry - Adding type registration java.util.Date -> org.hibernate.type.TimestampType@72b7e54c
[DEBUG] 2025-05-05 18:01:40.963 [http-nio-8080-exec-5] BasicTypeRegistry - Adding type registration dbtimestamp -> org.hibernate.type.DbTimestampType@56a98787
[DEBUG] 2025-05-05 18:01:40.964 [http-nio-8080-exec-5] BasicTypeRegistry - Adding type registration calendar -> org.hibernate.type.CalendarType@52aab43b
[DEBUG] 2025-05-05 18:01:40.964 [http-nio-8080-exec-5] BasicTypeRegistry - Adding type registration java.util.Calendar -> org.hibernate.type.CalendarType@52aab43b
[DEBUG] 2025-05-05 18:01:40.964 [http-nio-8080-exec-5] BasicTypeRegistry - Adding type registration java.util.GregorianCalendar -> org.hibernate.type.CalendarType@52aab43b
[DEBUG] 2025-05-05 18:01:40.965 [http-nio-8080-exec-5] BasicTypeRegistry - Adding type registration calendar_date -> org.hibernate.type.CalendarDateType@2f9e9e6e
[DEBUG] 2025-05-05 18:01:40.966 [http-nio-8080-exec-5] BasicTypeRegistry - Adding type registration calendar_time -> org.hibernate.type.CalendarTimeType@f8b6960
[DEBUG] 2025-05-05 18:01:40.966 [http-nio-8080-exec-5] BasicTypeRegistry - Adding type registration locale -> org.hibernate.type.LocaleType@6dee5edf
[DEBUG] 2025-05-05 18:01:40.966 [http-nio-8080-exec-5] BasicTypeRegistry - Adding type registration java.util.Locale -> org.hibernate.type.LocaleType@6dee5edf
[DEBUG] 2025-05-05 18:01:40.967 [http-nio-8080-exec-5] BasicTypeRegistry - Adding type registration currency -> org.hibernate.type.CurrencyType@7d6263bf
[DEBUG] 2025-05-05 18:01:40.967 [http-nio-8080-exec-5] BasicTypeRegistry - Adding type registration java.util.Currency -> org.hibernate.type.CurrencyType@7d6263bf
[DEBUG] 2025-05-05 18:01:40.968 [http-nio-8080-exec-5] BasicTypeRegistry - Adding type registration timezone -> org.hibernate.type.TimeZoneType@2fe33aea
[DEBUG] 2025-05-05 18:01:40.968 [http-nio-8080-exec-5] BasicTypeRegistry - Adding type registration java.util.TimeZone -> org.hibernate.type.TimeZoneType@2fe33aea
[DEBUG] 2025-05-05 18:01:40.968 [http-nio-8080-exec-5] BasicTypeRegistry - Adding type registration class -> org.hibernate.type.ClassType@3badd30d
[DEBUG] 2025-05-05 18:01:40.968 [http-nio-8080-exec-5] BasicTypeRegistry - Adding type registration java.lang.Class -> org.hibernate.type.ClassType@3badd30d
[DEBUG] 2025-05-05 18:01:40.969 [http-nio-8080-exec-5] BasicTypeRegistry - Adding type registration uuid-binary -> org.hibernate.type.UUIDBinaryType@7b760e20
[DEBUG] 2025-05-05 18:01:40.969 [http-nio-8080-exec-5] BasicTypeRegistry - Adding type registration java.util.UUID -> org.hibernate.type.UUIDBinaryType@7b760e20
[DEBUG] 2025-05-05 18:01:40.970 [http-nio-8080-exec-5] BasicTypeRegistry - Adding type registration uuid-char -> org.hibernate.type.UUIDCharType@728ac76f
[DEBUG] 2025-05-05 18:01:40.970 [http-nio-8080-exec-5] BasicTypeRegistry - Adding type registration binary -> org.hibernate.type.BinaryType@1f6c8876
[DEBUG] 2025-05-05 18:01:40.971 [http-nio-8080-exec-5] BasicTypeRegistry - Adding type registration byte[] -> org.hibernate.type.BinaryType@1f6c8876
[DEBUG] 2025-05-05 18:01:40.971 [http-nio-8080-exec-5] BasicTypeRegistry - Adding type registration [B -> org.hibernate.type.BinaryType@1f6c8876
[DEBUG] 2025-05-05 18:01:40.971 [http-nio-8080-exec-5] BasicTypeRegistry - Adding type registration wrapper-binary -> org.hibernate.type.WrapperBinaryType@6612b787
[DEBUG] 2025-05-05 18:01:40.971 [http-nio-8080-exec-5] BasicTypeRegistry - Adding type registration Byte[] -> org.hibernate.type.WrapperBinaryType@6612b787
[DEBUG] 2025-05-05 18:01:40.971 [http-nio-8080-exec-5] BasicTypeRegistry - Adding type registration [Ljava.lang.Byte; -> org.hibernate.type.WrapperBinaryType@6612b787
[DEBUG] 2025-05-05 18:01:40.972 [http-nio-8080-exec-5] BasicTypeRegistry - Adding type registration row_version -> org.hibernate.type.RowVersionType@2aa1b510
[DEBUG] 2025-05-05 18:01:40.972 [http-nio-8080-exec-5] BasicTypeRegistry - Adding type registration image -> org.hibernate.type.ImageType@358e5925
[DEBUG] 2025-05-05 18:01:40.973 [http-nio-8080-exec-5] BasicTypeRegistry - Adding type registration characters -> org.hibernate.type.CharArrayType@63f9b6d6
[DEBUG] 2025-05-05 18:01:40.973 [http-nio-8080-exec-5] BasicTypeRegistry - Adding type registration char[] -> org.hibernate.type.CharArrayType@63f9b6d6
[DEBUG] 2025-05-05 18:01:40.973 [http-nio-8080-exec-5] BasicTypeRegistry - Adding type registration [C -> org.hibernate.type.CharArrayType@63f9b6d6
[DEBUG] 2025-05-05 18:01:40.974 [http-nio-8080-exec-5] BasicTypeRegistry - Adding type registration wrapper-characters -> org.hibernate.type.CharacterArrayType@74a1e385
[DEBUG] 2025-05-05 18:01:40.974 [http-nio-8080-exec-5] BasicTypeRegistry - Adding type registration [Ljava.lang.Character; -> org.hibernate.type.CharacterArrayType@74a1e385
[DEBUG] 2025-05-05 18:01:40.974 [http-nio-8080-exec-5] BasicTypeRegistry - Adding type registration Character[] -> org.hibernate.type.CharacterArrayType@74a1e385
[DEBUG] 2025-05-05 18:01:40.974 [http-nio-8080-exec-5] BasicTypeRegistry - Adding type registration text -> org.hibernate.type.TextType@1b7331a1
[DEBUG] 2025-05-05 18:01:40.975 [http-nio-8080-exec-5] BasicTypeRegistry - Adding type registration ntext -> org.hibernate.type.NTextType@3d2cfe5c
[DEBUG] 2025-05-05 18:01:40.976 [http-nio-8080-exec-5] BasicTypeRegistry - Adding type registration blob -> org.hibernate.type.BlobType@775a0508
[DEBUG] 2025-05-05 18:01:40.976 [http-nio-8080-exec-5] BasicTypeRegistry - Adding type registration java.sql.Blob -> org.hibernate.type.BlobType@775a0508
[DEBUG] 2025-05-05 18:01:40.976 [http-nio-8080-exec-5] BasicTypeRegistry - Adding type registration materialized_blob -> org.hibernate.type.MaterializedBlobType@578312c6
[DEBUG] 2025-05-05 18:01:40.977 [http-nio-8080-exec-5] BasicTypeRegistry - Adding type registration clob -> org.hibernate.type.ClobType@50ca9232
[DEBUG] 2025-05-05 18:01:40.977 [http-nio-8080-exec-5] BasicTypeRegistry - Adding type registration java.sql.Clob -> org.hibernate.type.ClobType@50ca9232
[DEBUG] 2025-05-05 18:01:40.978 [http-nio-8080-exec-5] BasicTypeRegistry - Adding type registration nclob -> org.hibernate.type.NClobType@5dd3588f
[DEBUG] 2025-05-05 18:01:40.979 [http-nio-8080-exec-5] BasicTypeRegistry - Adding type registration java.sql.NClob -> org.hibernate.type.NClobType@5dd3588f
[DEBUG] 2025-05-05 18:01:40.979 [http-nio-8080-exec-5] BasicTypeRegistry - Adding type registration materialized_clob -> org.hibernate.type.MaterializedClobType@79ee29b2
[DEBUG] 2025-05-05 18:01:40.979 [http-nio-8080-exec-5] BasicTypeRegistry - Adding type registration materialized_nclob -> org.hibernate.type.MaterializedNClobType@6a0bac7b
[DEBUG] 2025-05-05 18:01:40.980 [http-nio-8080-exec-5] BasicTypeRegistry - Adding type registration serializable -> org.hibernate.type.SerializableType@2bd9344f
[DEBUG] 2025-05-05 18:01:40.983 [http-nio-8080-exec-5] BasicTypeRegistry - Adding type registration object -> org.hibernate.type.ObjectType@24f9390f
[DEBUG] 2025-05-05 18:01:40.983 [http-nio-8080-exec-5] BasicTypeRegistry - Adding type registration java.lang.Object -> org.hibernate.type.ObjectType@24f9390f
[DEBUG] 2025-05-05 18:01:40.983 [http-nio-8080-exec-5] BasicTypeRegistry - Adding type registration imm_date -> org.hibernate.type.AdaptedImmutableType@1c3ca414
[DEBUG] 2025-05-05 18:01:40.984 [http-nio-8080-exec-5] BasicTypeRegistry - Adding type registration imm_time -> org.hibernate.type.AdaptedImmutableType@33f65d3d
[DEBUG] 2025-05-05 18:01:40.984 [http-nio-8080-exec-5] BasicTypeRegistry - Adding type registration imm_timestamp -> org.hibernate.type.AdaptedImmutableType@3dd18f1f
[DEBUG] 2025-05-05 18:01:40.984 [http-nio-8080-exec-5] BasicTypeRegistry - Adding type registration imm_dbtimestamp -> org.hibernate.type.AdaptedImmutableType@4a954129
[DEBUG] 2025-05-05 18:01:40.984 [http-nio-8080-exec-5] BasicTypeRegistry - Adding type registration imm_calendar -> org.hibernate.type.AdaptedImmutableType@33f0406b
[DEBUG] 2025-05-05 18:01:40.984 [http-nio-8080-exec-5] BasicTypeRegistry - Adding type registration imm_calendar_date -> org.hibernate.type.AdaptedImmutableType@326efc9d
[DEBUG] 2025-05-05 18:01:40.984 [http-nio-8080-exec-5] BasicTypeRegistry - Adding type registration imm_binary -> org.hibernate.type.AdaptedImmutableType@3f624b8
[DEBUG] 2025-05-05 18:01:40.984 [http-nio-8080-exec-5] BasicTypeRegistry - Adding type registration imm_serializable -> org.hibernate.type.AdaptedImmutableType@630ab1e6
[DEBUG] 2025-05-05 18:01:41.010 [http-nio-8080-exec-5] DefaultIdentifierGeneratorFactory - Registering IdentifierGenerator strategy [uuid2] -> [org.hibernate.id.UUIDGenerator]
[DEBUG] 2025-05-05 18:01:41.011 [http-nio-8080-exec-5] DefaultIdentifierGeneratorFactory - Registering IdentifierGenerator strategy [guid] -> [org.hibernate.id.GUIDGenerator]
[DEBUG] 2025-05-05 18:01:41.012 [http-nio-8080-exec-5] DefaultIdentifierGeneratorFactory - Registering IdentifierGenerator strategy [uuid] -> [org.hibernate.id.UUIDHexGenerator]
[DEBUG] 2025-05-05 18:01:41.012 [http-nio-8080-exec-5] DefaultIdentifierGeneratorFactory - Registering IdentifierGenerator strategy [uuid.hex] -> [org.hibernate.id.UUIDHexGenerator]
[DEBUG] 2025-05-05 18:01:41.012 [http-nio-8080-exec-5] DefaultIdentifierGeneratorFactory - Registering IdentifierGenerator strategy [assigned] -> [org.hibernate.id.Assigned]
[DEBUG] 2025-05-05 18:01:41.013 [http-nio-8080-exec-5] DefaultIdentifierGeneratorFactory - Registering IdentifierGenerator strategy [identity] -> [org.hibernate.id.IdentityGenerator]
[DEBUG] 2025-05-05 18:01:41.013 [http-nio-8080-exec-5] DefaultIdentifierGeneratorFactory - Registering IdentifierGenerator strategy [select] -> [org.hibernate.id.SelectGenerator]
[DEBUG] 2025-05-05 18:01:41.014 [http-nio-8080-exec-5] DefaultIdentifierGeneratorFactory - Registering IdentifierGenerator strategy [sequence] -> [org.hibernate.id.enhanced.SequenceStyleGenerator]
[DEBUG] 2025-05-05 18:01:41.015 [http-nio-8080-exec-5] DefaultIdentifierGeneratorFactory - Registering IdentifierGenerator strategy [seqhilo] -> [org.hibernate.id.SequenceHiLoGenerator]
[DEBUG] 2025-05-05 18:01:41.016 [http-nio-8080-exec-5] DefaultIdentifierGeneratorFactory - Registering IdentifierGenerator strategy [increment] -> [org.hibernate.id.IncrementGenerator]
[DEBUG] 2025-05-05 18:01:41.016 [http-nio-8080-exec-5] DefaultIdentifierGeneratorFactory - Registering IdentifierGenerator strategy [foreign] -> [org.hibernate.id.ForeignGenerator]
[DEBUG] 2025-05-05 18:01:41.016 [http-nio-8080-exec-5] DefaultIdentifierGeneratorFactory - Registering IdentifierGenerator strategy [sequence-identity] -> [org.hibernate.id.SequenceIdentityGenerator]
[DEBUG] 2025-05-05 18:01:41.016 [http-nio-8080-exec-5] DefaultIdentifierGeneratorFactory - Registering IdentifierGenerator strategy [enhanced-sequence] -> [org.hibernate.id.enhanced.SequenceStyleGenerator]
[DEBUG] 2025-05-05 18:01:41.017 [http-nio-8080-exec-5] DefaultIdentifierGeneratorFactory - Registering IdentifierGenerator strategy [enhanced-table] -> [org.hibernate.id.enhanced.TableGenerator]
[WARN ] 2025-05-05 18:01:41.019 [http-nio-8080-exec-5] ConnectionProviderInitiator - HHH000022: c3p0 properties were encountered, but the c3p0 provider class was not found on the classpath; these properties are going to be ignored.
[WARN ] 2025-05-05 18:01:41.021 [http-nio-8080-exec-5] pooling - HHH10001002: Using Hibernate built-in connection pool (not for production use!)
[INFO ] 2025-05-05 18:01:41.024 [http-nio-8080-exec-5] pooling - HHH10001005: using driver [com.mysql.cj.jdbc.Driver] at URL [jdbc:mysql://awseb-e-im5c23ijpi-stack-awsebrdsdatabase-hae1rqqdaejj.c9iku2weendw.us-east-2.rds.amazonaws.com:3306/ebdb]
[INFO ] 2025-05-05 18:01:41.025 [http-nio-8080-exec-5] pooling - HHH10001001: Connection properties: {password=aromatic13, user=ajohnson}
[INFO ] 2025-05-05 18:01:41.025 [http-nio-8080-exec-5] pooling - HHH10001003: Autocommit mode: false
[DEBUG] 2025-05-05 18:01:41.027 [http-nio-8080-exec-5] DriverManagerConnectionProviderImpl - Initializing Connection pool with 1 Connections
[INFO ] 2025-05-05 18:01:41.028 [http-nio-8080-exec-5] DriverManagerConnectionProviderImpl - HHH000115: Hibernate connection pool size: 20 (min=1)
[DEBUG] 2025-05-05 18:01:41.853 [http-nio-8080-exec-5] JdbcEnvironmentInitiator - Database ->
       name : MySQL
    version : 8.0.41
      major : 8
      minor : 0
[DEBUG] 2025-05-05 18:01:41.854 [http-nio-8080-exec-5] JdbcEnvironmentInitiator - Driver ->
       name : MySQL Connector/J
    version : mysql-connector-j-8.0.33 (Revision: 7d6b0800528b6b25c68b52dc10d6c1c8429c100c)
      major : 8
      minor : 0
[DEBUG] 2025-05-05 18:01:41.854 [http-nio-8080-exec-5] JdbcEnvironmentInitiator - JDBC version : 4.2
[INFO ] 2025-05-05 18:01:41.878 [http-nio-8080-exec-5] Dialect - HHH000400: Using dialect: org.hibernate.dialect.MySQLDialect
[DEBUG] 2025-05-05 18:01:41.915 [http-nio-8080-exec-5] IdentifierHelperBuilder - JDBC driver metadata reported database stores quoted identifiers in more than one case
[DEBUG] 2025-05-05 18:01:41.916 [http-nio-8080-exec-5] IdentifierHelperBuilder - IdentifierCaseStrategy for both quoted and unquoted identifiers was set to the same strategy [MIXED]; that will likely lead to problems in schema update and validation if using quoted identifiers
[INFO ] 2025-05-05 18:01:41.995 [http-nio-8080-exec-5] beans - HHH10005002: No explicit CDI BeanManager reference was passed to Hibernate, but CDI is available on the Hibernate ClassLoader.
[DEBUG] 2025-05-05 18:01:42.001 [http-nio-8080-exec-5] TypeConfiguration$Scope - Scoping TypeConfiguration [org.hibernate.type.spi.TypeConfiguration@131998c5] to MetadataBuildingContext [org.hibernate.boot.internal.MetadataBuildingContextRootImpl@169b043a]
[DEBUG] 2025-05-05 18:01:42.034 [http-nio-8080-exec-5] Namespace - Created database namespace [logicalName=Name{catalog=null, schema=null}, physicalName=Name{catalog=null, schema=null}]
[DEBUG] 2025-05-05 18:01:42.045 [http-nio-8080-exec-5] AnnotationBinder - Binding entity from annotated class: roomley.entities.Task
[DEBUG] 2025-05-05 18:01:42.062 [http-nio-8080-exec-5] Ejb3Column - Binding column: Ejb3DiscriminatorColumn{logicalColumnName'DTYPE', discriminatorTypeName='string'}
[DEBUG] 2025-05-05 18:01:42.069 [http-nio-8080-exec-5] EntityBinder - Import with entity name Task
[DEBUG] 2025-05-05 18:01:42.071 [http-nio-8080-exec-5] EntityBinder - Bind entity roomley.entities.Task on table tasks
[DEBUG] 2025-05-05 18:01:42.092 [http-nio-8080-exec-5] Ejb3Column - Binding column: Ejb3Column{table=org.hibernate.mapping.Table(tasks), mappingColumn=task_id, insertable=true, updatable=true, unique=false}
[DEBUG] 2025-05-05 18:01:42.095 [http-nio-8080-exec-5] ClassLoaderAccessImpl - Not known whether passed class name [roomley.entities.Task] is safe
[DEBUG] 2025-05-05 18:01:42.095 [http-nio-8080-exec-5] ClassLoaderAccessImpl - No temp ClassLoader provided; using live ClassLoader for loading potentially unsafe class : roomley.entities.Task
[DEBUG] 2025-05-05 18:01:42.096 [http-nio-8080-exec-5] PropertyBinder - MetadataSourceProcessor property taskId with lazy=false
[DEBUG] 2025-05-05 18:01:42.097 [http-nio-8080-exec-5] AbstractPropertyHolder - Attempting to locate auto-apply AttributeConverter for property [roomley.entities.Task:taskId]
[DEBUG] 2025-05-05 18:01:42.099 [http-nio-8080-exec-5] SimpleValueBinder - building SimpleValue for taskId
[DEBUG] 2025-05-05 18:01:42.100 [http-nio-8080-exec-5] PropertyBinder - Building property taskId
[DEBUG] 2025-05-05 18:01:42.105 [http-nio-8080-exec-5] BinderHelper - #makeIdGenerator(org.hibernate.mapping.SimpleValue([org.hibernate.mapping.Column(task_id)]), taskId, org.hibernate.id.enhanced.SequenceStyleGenerator, native, ...)
[DEBUG] 2025-05-05 18:01:42.106 [http-nio-8080-exec-5] Ejb3Column - Binding column: Ejb3Column{table=org.hibernate.mapping.Table(tasks), mappingColumn=task_description, insertable=true, updatable=true, unique=false}
[DEBUG] 2025-05-05 18:01:42.106 [http-nio-8080-exec-5] PropertyBinder - MetadataSourceProcessor property taskDescription with lazy=false
[DEBUG] 2025-05-05 18:01:42.106 [http-nio-8080-exec-5] AbstractPropertyHolder - Attempting to locate auto-apply AttributeConverter for property [roomley.entities.Task:taskDescription]
[DEBUG] 2025-05-05 18:01:42.106 [http-nio-8080-exec-5] SimpleValueBinder - building SimpleValue for taskDescription
[DEBUG] 2025-05-05 18:01:42.106 [http-nio-8080-exec-5] PropertyBinder - Building property taskDescription
[DEBUG] 2025-05-05 18:01:42.107 [http-nio-8080-exec-5] Ejb3Column - Binding column: Ejb3Column{table=org.hibernate.mapping.Table(tasks), mappingColumn=task_difficulty, insertable=true, updatable=true, unique=false}
[DEBUG] 2025-05-05 18:01:42.107 [http-nio-8080-exec-5] PropertyBinder - MetadataSourceProcessor property taskDifficulty with lazy=false
[DEBUG] 2025-05-05 18:01:42.107 [http-nio-8080-exec-5] AbstractPropertyHolder - Attempting to locate auto-apply AttributeConverter for property [roomley.entities.Task:taskDifficulty]
[DEBUG] 2025-05-05 18:01:42.107 [http-nio-8080-exec-5] SimpleValueBinder - building SimpleValue for taskDifficulty
[DEBUG] 2025-05-05 18:01:42.107 [http-nio-8080-exec-5] PropertyBinder - Building property taskDifficulty
[DEBUG] 2025-05-05 18:01:42.107 [http-nio-8080-exec-5] Ejb3Column - Binding column: Ejb3Column{table=org.hibernate.mapping.Table(tasks), mappingColumn=task_name, insertable=true, updatable=true, unique=false}
[DEBUG] 2025-05-05 18:01:42.107 [http-nio-8080-exec-5] PropertyBinder - MetadataSourceProcessor property taskName with lazy=false
[DEBUG] 2025-05-05 18:01:42.107 [http-nio-8080-exec-5] AbstractPropertyHolder - Attempting to locate auto-apply AttributeConverter for property [roomley.entities.Task:taskName]
[DEBUG] 2025-05-05 18:01:42.107 [http-nio-8080-exec-5] SimpleValueBinder - building SimpleValue for taskName
[DEBUG] 2025-05-05 18:01:42.107 [http-nio-8080-exec-5] PropertyBinder - Building property taskName
[DEBUG] 2025-05-05 18:01:42.107 [http-nio-8080-exec-5] Ejb3Column - Binding column: Ejb3Column{table=org.hibernate.mapping.Table(tasks), mappingColumn=status, insertable=true, updatable=true, unique=false}
[DEBUG] 2025-05-05 18:01:42.107 [http-nio-8080-exec-5] PropertyBinder - MetadataSourceProcessor property taskStatus with lazy=false
[DEBUG] 2025-05-05 18:01:42.107 [http-nio-8080-exec-5] AbstractPropertyHolder - Attempting to locate auto-apply AttributeConverter for property [roomley.entities.Task:taskStatus]
[DEBUG] 2025-05-05 18:01:42.107 [http-nio-8080-exec-5] SimpleValueBinder - building SimpleValue for taskStatus
[DEBUG] 2025-05-05 18:01:42.107 [http-nio-8080-exec-5] PropertyBinder - Building property taskStatus
[DEBUG] 2025-05-05 18:01:42.108 [http-nio-8080-exec-5] Ejb3Column - Binding column: Ejb3JoinColumn{logicalColumnName='user_id', referencedColumn='', mappedBy=''}
[DEBUG] 2025-05-05 18:01:42.109 [http-nio-8080-exec-5] Ejb3Column - Binding column: Ejb3Column{table=org.hibernate.mapping.Table(tasks), mappingColumn=user, insertable=true, updatable=true, unique=false}
[DEBUG] 2025-05-05 18:01:42.112 [http-nio-8080-exec-5] PropertyBinder - Building property user
[DEBUG] 2025-05-05 18:01:42.118 [http-nio-8080-exec-5] AnnotationBinder - Binding entity from annotated class: roomley.entities.User
[DEBUG] 2025-05-05 18:01:42.118 [http-nio-8080-exec-5] Ejb3Column - Binding column: Ejb3DiscriminatorColumn{logicalColumnName'DTYPE', discriminatorTypeName='string'}
[DEBUG] 2025-05-05 18:01:42.119 [http-nio-8080-exec-5] EntityBinder - Import with entity name User
[DEBUG] 2025-05-05 18:01:42.119 [http-nio-8080-exec-5] EntityBinder - Bind entity roomley.entities.User on table users
[DEBUG] 2025-05-05 18:01:42.121 [http-nio-8080-exec-5] Ejb3Column - Binding column: Ejb3Column{table=org.hibernate.mapping.Table(users), mappingColumn=user_id, insertable=true, updatable=true, unique=false}
[DEBUG] 2025-05-05 18:01:42.121 [http-nio-8080-exec-5] ClassLoaderAccessImpl - Not known whether passed class name [roomley.entities.User] is safe
[DEBUG] 2025-05-05 18:01:42.121 [http-nio-8080-exec-5] ClassLoaderAccessImpl - No temp ClassLoader provided; using live ClassLoader for loading potentially unsafe class : roomley.entities.User
[DEBUG] 2025-05-05 18:01:42.121 [http-nio-8080-exec-5] PropertyBinder - MetadataSourceProcessor property user_id with lazy=false
[DEBUG] 2025-05-05 18:01:42.121 [http-nio-8080-exec-5] AbstractPropertyHolder - Attempting to locate auto-apply AttributeConverter for property [roomley.entities.User:user_id]
[DEBUG] 2025-05-05 18:01:42.121 [http-nio-8080-exec-5] SimpleValueBinder - building SimpleValue for user_id
[DEBUG] 2025-05-05 18:01:42.121 [http-nio-8080-exec-5] PropertyBinder - Building property user_id
[DEBUG] 2025-05-05 18:01:42.121 [http-nio-8080-exec-5] BinderHelper - #makeIdGenerator(org.hibernate.mapping.SimpleValue([org.hibernate.mapping.Column(user_id)]), user_id, org.hibernate.id.enhanced.SequenceStyleGenerator, native, ...)
[DEBUG] 2025-05-05 18:01:42.121 [http-nio-8080-exec-5] Ejb3Column - Binding column: Ejb3Column{table=org.hibernate.mapping.Table(users), mappingColumn=cognito_sub, insertable=true, updatable=true, unique=false}
[DEBUG] 2025-05-05 18:01:42.121 [http-nio-8080-exec-5] PropertyBinder - MetadataSourceProcessor property cognito_sub with lazy=false
[DEBUG] 2025-05-05 18:01:42.121 [http-nio-8080-exec-5] AbstractPropertyHolder - Attempting to locate auto-apply AttributeConverter for property [roomley.entities.User:cognito_sub]
[DEBUG] 2025-05-05 18:01:42.121 [http-nio-8080-exec-5] SimpleValueBinder - building SimpleValue for cognito_sub
[DEBUG] 2025-05-05 18:01:42.121 [http-nio-8080-exec-5] PropertyBinder - Building property cognito_sub
[DEBUG] 2025-05-05 18:01:42.121 [http-nio-8080-exec-5] Ejb3Column - Binding column: Ejb3Column{table=org.hibernate.mapping.Table(users), mappingColumn=created_at, insertable=true, updatable=true, unique=false}
[DEBUG] 2025-05-05 18:01:42.121 [http-nio-8080-exec-5] PropertyBinder - MetadataSourceProcessor property created_at with lazy=false
[DEBUG] 2025-05-05 18:01:42.121 [http-nio-8080-exec-5] AbstractPropertyHolder - Attempting to locate auto-apply AttributeConverter for property [roomley.entities.User:created_at]
[DEBUG] 2025-05-05 18:01:42.121 [http-nio-8080-exec-5] SimpleValueBinder - building SimpleValue for created_at
[DEBUG] 2025-05-05 18:01:42.121 [http-nio-8080-exec-5] PropertyBinder - Building property created_at
[DEBUG] 2025-05-05 18:01:42.121 [http-nio-8080-exec-5] Ejb3Column - Binding column: Ejb3Column{table=org.hibernate.mapping.Table(users), mappingColumn=email, insertable=true, updatable=true, unique=false}
[DEBUG] 2025-05-05 18:01:42.121 [http-nio-8080-exec-5] PropertyBinder - MetadataSourceProcessor property email with lazy=false
[DEBUG] 2025-05-05 18:01:42.121 [http-nio-8080-exec-5] AbstractPropertyHolder - Attempting to locate auto-apply AttributeConverter for property [roomley.entities.User:email]
[DEBUG] 2025-05-05 18:01:42.121 [http-nio-8080-exec-5] SimpleValueBinder - building SimpleValue for email
[DEBUG] 2025-05-05 18:01:42.121 [http-nio-8080-exec-5] PropertyBinder - Building property email
[DEBUG] 2025-05-05 18:01:42.121 [http-nio-8080-exec-5] Ejb3Column - Binding column: Ejb3Column{table=org.hibernate.mapping.Table(users), mappingColumn=last_login, insertable=true, updatable=true, unique=false}
[DEBUG] 2025-05-05 18:01:42.121 [http-nio-8080-exec-5] PropertyBinder - MetadataSourceProcessor property last_login with lazy=false
[DEBUG] 2025-05-05 18:01:42.121 [http-nio-8080-exec-5] AbstractPropertyHolder - Attempting to locate auto-apply AttributeConverter for property [roomley.entities.User:last_login]
[DEBUG] 2025-05-05 18:01:42.121 [http-nio-8080-exec-5] SimpleValueBinder - building SimpleValue for last_login
[DEBUG] 2025-05-05 18:01:42.121 [http-nio-8080-exec-5] PropertyBinder - Building property last_login
[DEBUG] 2025-05-05 18:01:42.122 [http-nio-8080-exec-5] Ejb3Column - Binding column: Ejb3Column{table=org.hibernate.mapping.Table(users), mappingColumn=role, insertable=true, updatable=true, unique=false}
[DEBUG] 2025-05-05 18:01:42.122 [http-nio-8080-exec-5] PropertyBinder - MetadataSourceProcessor property role with lazy=false
[DEBUG] 2025-05-05 18:01:42.122 [http-nio-8080-exec-5] AbstractPropertyHolder - Attempting to locate auto-apply AttributeConverter for property [roomley.entities.User:role]
[DEBUG] 2025-05-05 18:01:42.122 [http-nio-8080-exec-5] SimpleValueBinder - building SimpleValue for role
[DEBUG] 2025-05-05 18:01:42.122 [http-nio-8080-exec-5] PropertyBinder - Building property role
[DEBUG] 2025-05-05 18:01:42.122 [http-nio-8080-exec-5] Ejb3Column - Binding column: Ejb3JoinColumn{logicalColumnName='null', referencedColumn='null', mappedBy='user'}
[DEBUG] 2025-05-05 18:01:42.122 [http-nio-8080-exec-5] Ejb3Column - Binding column: Ejb3Column{table=org.hibernate.mapping.Table(users), mappingColumn=task, insertable=true, updatable=true, unique=false}
[DEBUG] 2025-05-05 18:01:42.123 [http-nio-8080-exec-5] Ejb3Column - Binding column: Ejb3Column{table=org.hibernate.mapping.Table(users), mappingColumn=null, insertable=true, updatable=true, unique=false}
[DEBUG] 2025-05-05 18:01:42.131 [http-nio-8080-exec-5] Ejb3Column - Binding column: Ejb3Column{table=org.hibernate.mapping.Table(users), mappingColumn=element, insertable=true, updatable=true, unique=false}
[DEBUG] 2025-05-05 18:01:42.131 [http-nio-8080-exec-5] Ejb3Column - Binding column: Ejb3Column{table=org.hibernate.mapping.Table(users), mappingColumn=task_KEY, insertable=true, updatable=true, unique=false}
[DEBUG] 2025-05-05 18:01:42.132 [http-nio-8080-exec-5] Ejb3Column - Binding column: Ejb3JoinColumn{logicalColumnName='task_KEY', referencedColumn='null', mappedBy='null'}
[DEBUG] 2025-05-05 18:01:42.132 [http-nio-8080-exec-5] Ejb3Column - Binding column: Ejb3JoinColumn{logicalColumnName='null', referencedColumn='null', mappedBy='user'}
[DEBUG] 2025-05-05 18:01:42.132 [http-nio-8080-exec-5] Ejb3Column - Binding column: Ejb3JoinColumn{logicalColumnName='null', referencedColumn='null', mappedBy='user'}
[DEBUG] 2025-05-05 18:01:42.133 [http-nio-8080-exec-5] CollectionBinder - Collection role: roomley.entities.User.task
[DEBUG] 2025-05-05 18:01:42.134 [http-nio-8080-exec-5] PropertyBinder - Building property task
[DEBUG] 2025-05-05 18:01:42.134 [http-nio-8080-exec-5] Ejb3Column - Binding column: Ejb3Column{table=org.hibernate.mapping.Table(users), mappingColumn=username, insertable=true, updatable=true, unique=false}
[DEBUG] 2025-05-05 18:01:42.134 [http-nio-8080-exec-5] PropertyBinder - MetadataSourceProcessor property username with lazy=false
[DEBUG] 2025-05-05 18:01:42.134 [http-nio-8080-exec-5] AbstractPropertyHolder - Attempting to locate auto-apply AttributeConverter for property [roomley.entities.User:username]
[DEBUG] 2025-05-05 18:01:42.134 [http-nio-8080-exec-5] SimpleValueBinder - building SimpleValue for username
[DEBUG] 2025-05-05 18:01:42.134 [http-nio-8080-exec-5] PropertyBinder - Building property username
[DEBUG] 2025-05-05 18:01:42.135 [http-nio-8080-exec-5] SimpleValueBinder - Starting fillSimpleValue for taskId
[DEBUG] 2025-05-05 18:01:42.136 [http-nio-8080-exec-5] SimpleValueBinder - Starting fillSimpleValue for taskDescription
[DEBUG] 2025-05-05 18:01:42.136 [http-nio-8080-exec-5] SimpleValueBinder - Starting fillSimpleValue for taskDifficulty
[DEBUG] 2025-05-05 18:01:42.136 [http-nio-8080-exec-5] SimpleValueBinder - Starting fillSimpleValue for taskName
[DEBUG] 2025-05-05 18:01:42.136 [http-nio-8080-exec-5] SimpleValueBinder - Starting fillSimpleValue for taskStatus
[DEBUG] 2025-05-05 18:01:42.136 [http-nio-8080-exec-5] SimpleValueBinder - Starting fillSimpleValue for user_id
[DEBUG] 2025-05-05 18:01:42.136 [http-nio-8080-exec-5] SimpleValueBinder - Starting fillSimpleValue for cognito_sub
[DEBUG] 2025-05-05 18:01:42.136 [http-nio-8080-exec-5] SimpleValueBinder - Starting fillSimpleValue for created_at
[DEBUG] 2025-05-05 18:01:42.136 [http-nio-8080-exec-5] SimpleValueBinder - Starting fillSimpleValue for email
[DEBUG] 2025-05-05 18:01:42.136 [http-nio-8080-exec-5] SimpleValueBinder - Starting fillSimpleValue for last_login
[DEBUG] 2025-05-05 18:01:42.136 [http-nio-8080-exec-5] SimpleValueBinder - Starting fillSimpleValue for role
[DEBUG] 2025-05-05 18:01:42.136 [http-nio-8080-exec-5] SimpleValueBinder - Starting fillSimpleValue for username
[DEBUG] 2025-05-05 18:01:42.140 [http-nio-8080-exec-5] PrimaryKey - Forcing column [task_id] to be non-null as it is part of the primary key for table [tasks]
[DEBUG] 2025-05-05 18:01:42.140 [http-nio-8080-exec-5] PrimaryKey - Forcing column [user_id] to be non-null as it is part of the primary key for table [users]
[DEBUG] 2025-05-05 18:01:42.141 [http-nio-8080-exec-5] CollectionSecondPass - Second pass for collection: roomley.entities.User.task
[DEBUG] 2025-05-05 18:01:42.141 [http-nio-8080-exec-5] CollectionBinder - Binding a OneToMany: roomley.entities.User.task through a foreign key
[DEBUG] 2025-05-05 18:01:42.141 [http-nio-8080-exec-5] CollectionBinder - Mapping collection: roomley.entities.User.task -> tasks
[DEBUG] 2025-05-05 18:01:42.142 [http-nio-8080-exec-5] TableBinder - Retrieving property roomley.entities.Task.user
[DEBUG] 2025-05-05 18:01:42.142 [http-nio-8080-exec-5] CollectionSecondPass - Mapped collection key: user_id, one-to-many: roomley.entities.Task
[DEBUG] 2025-05-05 18:01:42.142 [http-nio-8080-exec-5] InFlightMetadataCollectorImpl - Resolving reference to class: roomley.entities.User
[DEBUG] 2025-05-05 18:01:42.145 [http-nio-8080-exec-5] InFlightMetadataCollectorImpl - Resolving reference to class: roomley.entities.User
[DEBUG] 2025-05-05 18:01:42.179 [http-nio-8080-exec-5] SessionFactoryImpl - Building session factory
[DEBUG] 2025-05-05 18:01:42.179 [http-nio-8080-exec-5] Settings - SessionFactory name : null
[DEBUG] 2025-05-05 18:01:42.179 [http-nio-8080-exec-5] Settings - Automatic flush during beforeCompletion(): enabled
[DEBUG] 2025-05-05 18:01:42.179 [http-nio-8080-exec-5] Settings - Automatic session close at end of transaction: disabled
[DEBUG] 2025-05-05 18:01:42.179 [http-nio-8080-exec-5] Settings - Statistics: disabled
[DEBUG] 2025-05-05 18:01:42.179 [http-nio-8080-exec-5] Settings - Deleted entity synthetic identifier rollback: disabled
[DEBUG] 2025-05-05 18:01:42.179 [http-nio-8080-exec-5] Settings - Default entity-mode: pojo
[DEBUG] 2025-05-05 18:01:42.179 [http-nio-8080-exec-5] Settings - Check Nullability in Core (should be disabled when Bean Validation is on): enabled
[DEBUG] 2025-05-05 18:01:42.179 [http-nio-8080-exec-5] Settings - Allow initialization of lazy state outside session : disabled
[DEBUG] 2025-05-05 18:01:42.179 [http-nio-8080-exec-5] Settings - Using BatchFetchStyle : LEGACY
[DEBUG] 2025-05-05 18:01:42.179 [http-nio-8080-exec-5] Settings - Default batch fetch size: -1
[DEBUG] 2025-05-05 18:01:42.180 [http-nio-8080-exec-5] Settings - Maximum outer join fetch depth: 2
[DEBUG] 2025-05-05 18:01:42.180 [http-nio-8080-exec-5] Settings - Default null ordering: NONE
[DEBUG] 2025-05-05 18:01:42.180 [http-nio-8080-exec-5] Settings - Order SQL updates by primary key: disabled
[DEBUG] 2025-05-05 18:01:42.180 [http-nio-8080-exec-5] Settings - Order SQL inserts for batching: disabled
[DEBUG] 2025-05-05 18:01:42.180 [http-nio-8080-exec-5] Settings - multi-tenancy strategy : NONE
[DEBUG] 2025-05-05 18:01:42.180 [http-nio-8080-exec-5] Settings - JTA Track by Thread: enabled
[DEBUG] 2025-05-05 18:01:42.180 [http-nio-8080-exec-5] Settings - Query language substitutions: {}
[DEBUG] 2025-05-05 18:01:42.180 [http-nio-8080-exec-5] Settings - Named query checking : enabled
[DEBUG] 2025-05-05 18:01:42.180 [http-nio-8080-exec-5] Settings - Second-level cache: disabled
[DEBUG] 2025-05-05 18:01:42.180 [http-nio-8080-exec-5] Settings - Second-level query cache: disabled
[DEBUG] 2025-05-05 18:01:42.180 [http-nio-8080-exec-5] Settings - Second-level query cache factory: null
[DEBUG] 2025-05-05 18:01:42.180 [http-nio-8080-exec-5] Settings - Second-level cache region prefix: null
[DEBUG] 2025-05-05 18:01:42.180 [http-nio-8080-exec-5] Settings - Optimize second-level cache for minimal puts: disabled
[DEBUG] 2025-05-05 18:01:42.180 [http-nio-8080-exec-5] Settings - Structured second-level cache entries: disabled
[DEBUG] 2025-05-05 18:01:42.180 [http-nio-8080-exec-5] Settings - Second-level cache direct-reference entries: disabled
[DEBUG] 2025-05-05 18:01:42.180 [http-nio-8080-exec-5] Settings - Automatic eviction of collection cache: disabled
[DEBUG] 2025-05-05 18:01:42.180 [http-nio-8080-exec-5] Settings - JDBC batch size: 15
[DEBUG] 2025-05-05 18:01:42.180 [http-nio-8080-exec-5] Settings - JDBC batch updates for versioned data: enabled
[DEBUG] 2025-05-05 18:01:42.180 [http-nio-8080-exec-5] Settings - Scrollable result sets: enabled
[DEBUG] 2025-05-05 18:01:42.180 [http-nio-8080-exec-5] Settings - Wrap result sets: disabled
[DEBUG] 2025-05-05 18:01:42.180 [http-nio-8080-exec-5] Settings - JDBC3 getGeneratedKeys(): enabled
[DEBUG] 2025-05-05 18:01:42.180 [http-nio-8080-exec-5] Settings - JDBC result set fetch size: null
[DEBUG] 2025-05-05 18:01:42.180 [http-nio-8080-exec-5] Settings - Connection release mode: AFTER_TRANSACTION
[DEBUG] 2025-05-05 18:01:42.180 [http-nio-8080-exec-5] Settings - Generate SQL with comments: disabled
[DEBUG] 2025-05-05 18:01:42.180 [http-nio-8080-exec-5] Settings - JPA compliance - query : disabled
[DEBUG] 2025-05-05 18:01:42.180 [http-nio-8080-exec-5] Settings - JPA compliance - closed-handling : disabled
[DEBUG] 2025-05-05 18:01:42.180 [http-nio-8080-exec-5] Settings - JPA compliance - lists : disabled
[DEBUG] 2025-05-05 18:01:42.180 [http-nio-8080-exec-5] Settings - JPA compliance - transactions : disabled
[DEBUG] 2025-05-05 18:01:42.224 [http-nio-8080-exec-5] SessionFactoryServiceRegistryImpl - EventListenerRegistry access via ServiceRegistry is deprecated.  Use `sessionFactory.getEventEngine().getListenerRegistry()` instead
[DEBUG] 2025-05-05 18:01:42.224 [http-nio-8080-exec-5] SessionFactoryServiceRegistryImpl - EventListenerRegistry access via ServiceRegistry is deprecated.  Use `sessionFactory.getEventEngine().getListenerRegistry()` instead
[DEBUG] 2025-05-05 18:01:42.235 [http-nio-8080-exec-5] SessionFactoryImpl - Session factory constructed with filter configurations : {}
[DEBUG] 2025-05-05 18:01:42.236 [http-nio-8080-exec-5] SessionFactoryImpl - Instantiating session factory with properties: {java.specification.version=24, sun.cpu.isalist=amd64, hibernate.c3p0.idle_test_period=3000, sun.jnu.encoding=Cp1252, hibernate.dialect=org.hibernate.dialect.MySQLDialect, hibernate.c3p0.min_size=5, java.class.path=C:\Program Files\Apache Software Foundation\Tomcat 9.0\bin\bootstrap.jar;C:\Program Files\Apache Software Foundation\Tomcat 9.0\bin\tomcat-juli.jar, java.vm.vendor=Oracle Corporation, sun.arch.data.model=64, user.variant=, java.vendor.url=https://java.oracle.com/, catalina.useNaming=true, user.timezone=America/Chicago, org.apache.el.GET_CLASSLOADER_USE_PRIVILEGED=false, java.vm.specification.version=24, os.name=Windows 10, sun.io.useCanonCaches=false, sun.java.launcher=SUN_STANDARD, user.country=US, sun.boot.library.path=C:\Users\Andrew\.jdks\openjdk-24\bin, com.sun.management.jmxremote.ssl=false, sun.java.command=org.apache.catalina.startup.Bootstrap start, com.sun.management.jmxremote=, jdk.debug=release, sun.cpu.endian=little, user.home=C:\Users\Andrew, hibernate.c3p0.max_statements=50, user.language=en, java.specification.vendor=Oracle Corporation, java.naming.factory.url.pkgs=org.apache.naming, java.version.date=2025-03-18, java.home=C:\Users\Andrew\.jdks\openjdk-24, ignore.endorsed.dirs=, file.separator=\, java.vm.compressedOopsMode=Zero based, line.separator=
, hibernate.c3p0.timeout=300, java.specification.name=Java Platform API Specification, java.vm.specification.vendor=Oracle Corporation, com.sun.management.jmxremote.password.file=C:\Users\Andrew\AppData\Local\JetBrains\IntelliJIdea2024.3\tomcat\5279a7e4-99ca-4460-8ea9-e592b5fcd88a\jmxremote.password, package.access=sun.,org.apache.catalina.,org.apache.coyote.,org.apache.jasper.,org.apache.tomcat., package.definition=sun.,java.,org.apache.catalina.,org.apache.coyote.,org.apache.jasper.,org.apache.naming.,org.apache.tomcat., jdk.tls.ephemeralDHKeySize=2048, user.script=, server.loader=, java.protocol.handler.pkgs=org.apache.catalina.webresources, java.util.logging.config.file=C:\Users\Andrew\AppData\Local\JetBrains\IntelliJIdea2024.3\tomcat\5279a7e4-99ca-4460-8ea9-e592b5fcd88a\conf\logging.properties, com.sun.management.jmxremote.access.file=C:\Users\Andrew\AppData\Local\JetBrains\IntelliJIdea2024.3\tomcat\5279a7e4-99ca-4460-8ea9-e592b5fcd88a\jmxremote.access, sun.management.compiler=HotSpot 64-Bit Tiered Compilers, hibernate.c3p0.max_size=20, java.runtime.version=24+36-3646, java.naming.factory.initial=org.apache.naming.java.javaURLContextFactory, user.name=Andrew, stdout.encoding=Cp1252, path.separator=;, common.loader="C:/Program Files/Apache Software Foundation/Tomcat 9.0/lib","C:/Program Files/Apache Software Foundation/Tomcat 9.0/lib/*.jar","C:\Program Files\Apache Software Foundation\Tomcat 9.0/lib","C:\Program Files\Apache Software Foundation\Tomcat 9.0/lib/*.jar", hibernate.connection.username=****, os.version=10.0, java.runtime.name=OpenJDK Runtime Environment, hibernate.connection.url=jdbc:mysql://awseb-e-im5c23ijpi-stack-awsebrdsdatabase-hae1rqqdaejj.c9iku2weendw.us-east-2.rds.amazonaws.com:3306/ebdb, file.encoding=UTF-8, java.vm.name=OpenJDK 64-Bit Server VM, hibernate.connection.driver_class=com.mysql.cj.jdbc.Driver, java.vendor.url.bug=https://bugreport.java.com/bugreport/, java.io.tmpdir=C:\Program Files\Apache Software Foundation\Tomcat 9.0\temp, tomcat.util.scan.StandardJarScanFilter.jarsToScan=log4j-taglib*.jar,log4j-web*.jar,log4javascript*.jar,slf4j-taglib*.jar, catalina.home=C:\Program Files\Apache Software Foundation\Tomcat 9.0, java.version=24, com.sun.management.jmxremote.port=1099, tomcat.util.scan.StandardJarScanFilter.jarsToSkip=annotations-api.jar,ant-junit*.jar,ant-launcher*.jar,ant*.jar,asm-*.jar,aspectj*.jar,bcel*.jar,biz.aQute.bnd*.jar,bootstrap.jar,catalina-ant.jar,catalina-ha.jar,catalina-ssi.jar,catalina-storeconfig.jar,catalina-tribes.jar,catalina.jar,cglib-*.jar,cobertura-*.jar,commons-beanutils*.jar,commons-codec*.jar,commons-collections*.jar,commons-compress*.jar,commons-daemon.jar,commons-dbcp*.jar,commons-digester*.jar,commons-fileupload*.jar,commons-httpclient*.jar,commons-io*.jar,commons-lang*.jar,commons-logging*.jar,commons-math*.jar,commons-pool*.jar,derby-*.jar,dom4j-*.jar,easymock-*.jar,ecj-*.jar,el-api.jar,geronimo-spec-jaxrpc*.jar,h2*.jar,ha-api-*.jar,hamcrest-*.jar,hibernate*.jar,httpclient*.jar,icu4j-*.jar,jasper-el.jar,jasper.jar,jaspic-api.jar,jaxb-*.jar,jaxen-*.jar,jaxws-rt-*.jar,jdom-*.jar,jetty-*.jar,jmx-tools.jar,jmx.jar,jsp-api.jar,jstl.jar,jta*.jar,junit-*.jar,junit.jar,log4j*.jar,mail*.jar,objenesis-*.jar,oraclepki.jar,org.hamcrest.core_*.jar,org.junit_*.jar,oro-*.jar,servlet-api-*.jar,servlet-api.jar,slf4j*.jar,taglibs-standard-spec-*.jar,tagsoup-*.jar,tomcat-api.jar,tomcat-coyote.jar,tomcat-coyote-ffm.jar,tomcat-dbcp.jar,tomcat-i18n-*.jar,tomcat-jdbc.jar,tomcat-jni.jar,tomcat-juli-adapters.jar,tomcat-juli.jar,tomcat-util-scan.jar,tomcat-util.jar,tomcat-websocket.jar,tools.jar,unboundid-ldapsdk-*.jar,websocket-api.jar,wsdl4j*.jar,xercesImpl.jar,xml-apis.jar,xmlParserAPIs-*.jar,xmlParserAPIs.jar,xom-*.jar, user.dir=C:\Program Files\Apache Software Foundation\Tomcat 9.0\bin, os.arch=amd64, java.vm.specification.name=Java Virtual Machine Specification, hibernate.connection.password=****, sun.os.patch.level=, catalina.base=C:\Users\Andrew\AppData\Local\JetBrains\IntelliJIdea2024.3\tomcat\5279a7e4-99ca-4460-8ea9-e592b5fcd88a, shared.loader=, hibernate.boot.CfgXmlAccessService.key=org.hibernate.boot.cfgxml.spi.LoadedConfig@15ee438e, native.encoding=Cp1252, java.util.logging.manager=org.apache.juli.ClassLoaderLogManager, java.library.path=C:\Users\Andrew\.jdks\openjdk-24\bin;C:\Windows\Sun\Java\bin;C:\Windows\system32;C:\Windows;C:\Program Files\Eclipse Adoptium\jdk-11.0.26.4-hotspot\bin;C:\Python313\Scripts\;C:\Python313\;C:\Windows\system32;C:\Windows;C:\Windows\System32\Wbem;C:\Windows\System32\WindowsPowerShell\v1.0\;C:\Windows\System32\OpenSSH\;C:\Program Files\Git\cmd;C:\Program Files\NVIDIA Corporation\NVIDIA App\NvDLISR;C:\Program Files\nodejs\;C:\ProgramData\chocolatey\bin;C:\Strawberry\c\bin;C:\Strawberry\perl\site\bin;C:\Strawberry\perl\bin;C:\ProgramData\chocolatey\lib\maven\apache-maven-3.9.9\bin;C:\Program Files (x86)\NVIDIA Corporation\PhysX\Common;C:\Program Files\dotnet\;C:\Program Files\MySQL\MySQL Shell 8.0\bin\;C:\Users\Andrew\AppData\Local\Microsoft\WindowsApps;C:\Users\Andrew\AppData\Local\Programs\Microsoft VS Code\bin;C:\Users\Andrew\AppData\Roaming\npm;C:\Users\Andrew\AppData\Roaming\Python\Python313\Scripts;C:\Program Files\MySQL\MySQL Server 8.0\bin;;., java.vendor=Oracle Corporation, stderr.encoding=Cp1252, java.vm.info=mixed mode, sharing, java.vm.version=24+36-3646, hibernate.bytecode.use_reflection_optimizer=false, java.rmi.server.randomIDs=true, java.rmi.server.hostname=127.0.0.1, sun.io.unicode.encoding=UnicodeLittle, tomcat.util.buf.StringCache.byte.enabled=true, java.class.version=68.0}
[DEBUG] 2025-05-05 18:01:42.252 [http-nio-8080-exec-5] TypeSafeActivator - Unable to acquire Bean Validation ValidatorFactory, skipping activation
[DEBUG] 2025-05-05 18:01:42.252 [http-nio-8080-exec-5] JaccIntegrator - Skipping JACC integration as it was not enabled
[DEBUG] 2025-05-05 18:01:42.253 [http-nio-8080-exec-5] SessionFactoryImpl - Instantiated session factory
[DEBUG] 2025-05-05 18:01:42.253 [http-nio-8080-exec-5] TypeConfiguration$Scope - Scoping TypeConfiguration [org.hibernate.type.spi.TypeConfiguration@131998c5] to SessionFactoryImpl [org.hibernate.internal.SessionFactoryImpl@7f2d18ed]
[DEBUG] 2025-05-05 18:01:42.310 [http-nio-8080-exec-5] interceptor - To-one property `roomley.entities.Task#user` was mapped with LAZY + NO_PROXY but the class was not enhanced
[DEBUG] 2025-05-05 18:01:42.312 [http-nio-8080-exec-5] interceptor - To-one property `roomley.entities.Task#user` was mapped with LAZY + NO_PROXY but the class was not enhanced
[DEBUG] 2025-05-05 18:01:42.312 [http-nio-8080-exec-5] ClassLoaderAccessImpl - Not known whether passed class name [roomley.entities.Task] is safe
[DEBUG] 2025-05-05 18:01:42.312 [http-nio-8080-exec-5] ClassLoaderAccessImpl - No temp ClassLoader provided; using live ClassLoader for loading potentially unsafe class : roomley.entities.Task
[DEBUG] 2025-05-05 18:01:42.493 [http-nio-8080-exec-5] interceptor - To-one property `roomley.entities.Task#user` was mapped with LAZY + NO_PROXY but the class was not enhanced
[DEBUG] 2025-05-05 18:01:42.493 [http-nio-8080-exec-5] interceptor - To-one property `roomley.entities.Task#user` was mapped with LAZY + NO_PROXY but the class was not enhanced
[DEBUG] 2025-05-05 18:01:42.499 [http-nio-8080-exec-5] ClassLoaderAccessImpl - Not known whether passed class name [roomley.entities.User] is safe
[DEBUG] 2025-05-05 18:01:42.499 [http-nio-8080-exec-5] ClassLoaderAccessImpl - No temp ClassLoader provided; using live ClassLoader for loading potentially unsafe class : roomley.entities.User
[DEBUG] 2025-05-05 18:01:42.514 [http-nio-8080-exec-5] AbstractCollectionPersister - Static SQL for collection: roomley.entities.User.task
[DEBUG] 2025-05-05 18:01:42.514 [http-nio-8080-exec-5] AbstractCollectionPersister -  Row insert: update tasks set user_id=? where task_id=?
[DEBUG] 2025-05-05 18:01:42.514 [http-nio-8080-exec-5] AbstractCollectionPersister -  Row update: update tasks set  where task_id=?
[DEBUG] 2025-05-05 18:01:42.514 [http-nio-8080-exec-5] AbstractCollectionPersister -  Row delete: update tasks set user_id=null where user_id=? and task_id=?
[DEBUG] 2025-05-05 18:01:42.514 [http-nio-8080-exec-5] AbstractCollectionPersister -  One-shot delete: update tasks set user_id=null where user_id=?
[DEBUG] 2025-05-05 18:01:42.517 [http-nio-8080-exec-5] AbstractEntityPersister - Static SQL for entity: roomley.entities.Task
[DEBUG] 2025-05-05 18:01:42.517 [http-nio-8080-exec-5] AbstractEntityPersister -  Version select: select task_id from tasks where task_id =?
[DEBUG] 2025-05-05 18:01:42.517 [http-nio-8080-exec-5] AbstractEntityPersister -  Snapshot select: select task_.task_id, task_.task_description as task_des2_0_, task_.task_difficulty as task_dif3_0_, task_.task_name as task_nam4_0_, task_.status as status5_0_, task_.user_id as user_id6_0_ from tasks task_ where task_.task_id=?
[DEBUG] 2025-05-05 18:01:42.517 [http-nio-8080-exec-5] AbstractEntityPersister -  Insert 0: insert into tasks (task_description, task_difficulty, task_name, status, user_id, task_id) values (?, ?, ?, ?, ?, ?)
[DEBUG] 2025-05-05 18:01:42.517 [http-nio-8080-exec-5] AbstractEntityPersister -  Update 0: update tasks set task_description=?, task_difficulty=?, task_name=?, status=?, user_id=? where task_id=?
[DEBUG] 2025-05-05 18:01:42.517 [http-nio-8080-exec-5] AbstractEntityPersister -  Delete 0: delete from tasks where task_id=?
[DEBUG] 2025-05-05 18:01:42.517 [http-nio-8080-exec-5] AbstractEntityPersister -  Identity insert: insert into tasks (task_description, task_difficulty, task_name, status, user_id) values (?, ?, ?, ?, ?)
[DEBUG] 2025-05-05 18:01:42.543 [http-nio-8080-exec-5] QuerySpacesImpl - Adding QuerySpace : uid = <gen:0> -> org.hibernate.loader.plan.build.internal.spaces.EntityQuerySpaceImpl@27cde7b4]
[DEBUG] 2025-05-05 18:01:42.544 [http-nio-8080-exec-5] MetamodelGraphWalker - Visiting attribute path : taskDescription
[DEBUG] 2025-05-05 18:01:42.544 [http-nio-8080-exec-5] MetamodelGraphWalker - Visiting attribute path : taskDifficulty
[DEBUG] 2025-05-05 18:01:42.544 [http-nio-8080-exec-5] MetamodelGraphWalker - Visiting attribute path : taskName
[DEBUG] 2025-05-05 18:01:42.544 [http-nio-8080-exec-5] MetamodelGraphWalker - Visiting attribute path : taskStatus
[DEBUG] 2025-05-05 18:01:42.544 [http-nio-8080-exec-5] MetamodelGraphWalker - Visiting attribute path : user
[DEBUG] 2025-05-05 18:01:42.548 [http-nio-8080-exec-5] QuerySpacesImpl - Adding QuerySpace : uid = <gen:1> -> org.hibernate.loader.plan.build.internal.spaces.EntityQuerySpaceImpl@6260ae66]
[DEBUG] 2025-05-05 18:01:42.549 [http-nio-8080-exec-5] MetamodelGraphWalker - Visiting attribute path : user.cognito_sub
[DEBUG] 2025-05-05 18:01:42.549 [http-nio-8080-exec-5] MetamodelGraphWalker - Visiting attribute path : user.created_at
[DEBUG] 2025-05-05 18:01:42.549 [http-nio-8080-exec-5] MetamodelGraphWalker - Visiting attribute path : user.email
[DEBUG] 2025-05-05 18:01:42.549 [http-nio-8080-exec-5] MetamodelGraphWalker - Visiting attribute path : user.last_login
[DEBUG] 2025-05-05 18:01:42.549 [http-nio-8080-exec-5] MetamodelGraphWalker - Visiting attribute path : user.role
[DEBUG] 2025-05-05 18:01:42.549 [http-nio-8080-exec-5] MetamodelGraphWalker - Visiting attribute path : user.task
[DEBUG] 2025-05-05 18:01:42.549 [http-nio-8080-exec-5] MetamodelGraphWalker - Property path deemed to be circular : user.task
[DEBUG] 2025-05-05 18:01:42.549 [http-nio-8080-exec-5] MetamodelGraphWalker - Visiting attribute path : user.username
[DEBUG] 2025-05-05 18:01:42.549 [http-nio-8080-exec-5] FetchStyleLoadPlanBuildingAssociationVisitationStrategy - Building LoadPlan...
[DEBUG] 2025-05-05 18:01:42.559 [http-nio-8080-exec-5] LoadQueryJoinAndFetchProcessor - processing queryspace <gen:0>
[DEBUG] 2025-05-05 18:01:42.563 [http-nio-8080-exec-5] LoadPlanTreePrinter - LoadPlan(entity=roomley.entities.Task)
    - Returns
       - EntityReturnImpl(entity=roomley.entities.Task, querySpaceUid=<gen:0>, path=roomley.entities.Task)
          - EntityAttributeFetchImpl(entity=roomley.entities.User, querySpaceUid=<gen:1>, path=roomley.entities.Task.user)
    - QuerySpaces
       - EntityQuerySpaceImpl(uid=<gen:0>, entity=roomley.entities.Task)
          - SQL table alias mapping - task0_
          - alias suffix - 0_
          - suffixed key columns - {task_id1_0_0_}
          - JOIN (JoinDefinedByMetadata(user)) : <gen:0> -> <gen:1>
             - EntityQuerySpaceImpl(uid=<gen:1>, entity=roomley.entities.User)
                - SQL table alias mapping - user1_
                - alias suffix - 1_
                - suffixed key columns - {user_id1_1_1_}

[DEBUG] 2025-05-05 18:01:42.564 [http-nio-8080-exec-5] EntityLoader - Static select for entity roomley.entities.Task [NONE]: select task0_.task_id as task_id1_0_0_, task0_.task_description as task_des2_0_0_, task0_.task_difficulty as task_dif3_0_0_, task0_.task_name as task_nam4_0_0_, task0_.status as status5_0_0_, task0_.user_id as user_id6_0_0_, user1_.user_id as user_id1_1_1_, user1_.cognito_sub as cognito_2_1_1_, user1_.created_at as created_3_1_1_, user1_.email as email4_1_1_, user1_.last_login as last_log5_1_1_, user1_.role as role6_1_1_, user1_.username as username7_1_1_ from tasks task0_ left outer join users user1_ on task0_.user_id=user1_.user_id where task0_.task_id=?
[DEBUG] 2025-05-05 18:01:42.564 [http-nio-8080-exec-5] AbstractEntityPersister - Static SQL for entity: roomley.entities.User
[DEBUG] 2025-05-05 18:01:42.565 [http-nio-8080-exec-5] AbstractEntityPersister -  Version select: select user_id from users where user_id =?
[DEBUG] 2025-05-05 18:01:42.565 [http-nio-8080-exec-5] AbstractEntityPersister -  Snapshot select: select user_.user_id, user_.cognito_sub as cognito_2_1_, user_.created_at as created_3_1_, user_.email as email4_1_, user_.last_login as last_log5_1_, user_.role as role6_1_, user_.username as username7_1_ from users user_ where user_.user_id=?
[DEBUG] 2025-05-05 18:01:42.565 [http-nio-8080-exec-5] AbstractEntityPersister -  Insert 0: insert into users (cognito_sub, created_at, email, last_login, role, username, user_id) values (?, ?, ?, ?, ?, ?, ?)
[DEBUG] 2025-05-05 18:01:42.565 [http-nio-8080-exec-5] AbstractEntityPersister -  Update 0: update users set cognito_sub=?, created_at=?, email=?, last_login=?, role=?, username=? where user_id=?
[DEBUG] 2025-05-05 18:01:42.565 [http-nio-8080-exec-5] AbstractEntityPersister -  Delete 0: delete from users where user_id=?
[DEBUG] 2025-05-05 18:01:42.565 [http-nio-8080-exec-5] AbstractEntityPersister -  Identity insert: insert into users (cognito_sub, created_at, email, last_login, role, username) values (?, ?, ?, ?, ?, ?)
[DEBUG] 2025-05-05 18:01:42.565 [http-nio-8080-exec-5] QuerySpacesImpl - Adding QuerySpace : uid = <gen:0> -> org.hibernate.loader.plan.build.internal.spaces.EntityQuerySpaceImpl@46778a3c]
[DEBUG] 2025-05-05 18:01:42.565 [http-nio-8080-exec-5] MetamodelGraphWalker - Visiting attribute path : cognito_sub
[DEBUG] 2025-05-05 18:01:42.565 [http-nio-8080-exec-5] MetamodelGraphWalker - Visiting attribute path : created_at
[DEBUG] 2025-05-05 18:01:42.565 [http-nio-8080-exec-5] MetamodelGraphWalker - Visiting attribute path : email
[DEBUG] 2025-05-05 18:01:42.565 [http-nio-8080-exec-5] MetamodelGraphWalker - Visiting attribute path : last_login
[DEBUG] 2025-05-05 18:01:42.565 [http-nio-8080-exec-5] MetamodelGraphWalker - Visiting attribute path : role
[DEBUG] 2025-05-05 18:01:42.565 [http-nio-8080-exec-5] MetamodelGraphWalker - Visiting attribute path : task
[DEBUG] 2025-05-05 18:01:42.565 [http-nio-8080-exec-5] QuerySpacesImpl - Adding QuerySpace : uid = <gen:1> -> org.hibernate.loader.plan.build.internal.spaces.CollectionQuerySpaceImpl@3784104b]
[DEBUG] 2025-05-05 18:01:42.566 [http-nio-8080-exec-5] QuerySpacesImpl - Adding QuerySpace : uid = <gen:2> -> org.hibernate.loader.plan.build.internal.spaces.EntityQuerySpaceImpl@9b2c475]
[DEBUG] 2025-05-05 18:01:42.567 [http-nio-8080-exec-5] MetamodelGraphWalker - Visiting attribute path : task.taskDescription
[DEBUG] 2025-05-05 18:01:42.568 [http-nio-8080-exec-5] MetamodelGraphWalker - Visiting attribute path : task.taskDifficulty
[DEBUG] 2025-05-05 18:01:42.568 [http-nio-8080-exec-5] MetamodelGraphWalker - Visiting attribute path : task.taskName
[DEBUG] 2025-05-05 18:01:42.568 [http-nio-8080-exec-5] MetamodelGraphWalker - Visiting attribute path : task.taskStatus
[DEBUG] 2025-05-05 18:01:42.568 [http-nio-8080-exec-5] MetamodelGraphWalker - Visiting attribute path : task.user
[DEBUG] 2025-05-05 18:01:42.568 [http-nio-8080-exec-5] MetamodelGraphWalker - Property path deemed to be circular : task.user
[DEBUG] 2025-05-05 18:01:42.568 [http-nio-8080-exec-5] MetamodelGraphWalker - Visiting attribute path : username
[DEBUG] 2025-05-05 18:01:42.568 [http-nio-8080-exec-5] FetchStyleLoadPlanBuildingAssociationVisitationStrategy - Building LoadPlan...
[DEBUG] 2025-05-05 18:01:42.568 [http-nio-8080-exec-5] LoadQueryJoinAndFetchProcessor - processing queryspace <gen:0>
[DEBUG] 2025-05-05 18:01:42.570 [http-nio-8080-exec-5] LoadPlanTreePrinter - LoadPlan(entity=roomley.entities.User)
    - Returns
       - EntityReturnImpl(entity=roomley.entities.User, querySpaceUid=<gen:0>, path=roomley.entities.User)
          - CollectionAttributeFetchImpl(collection=roomley.entities.User.task, querySpaceUid=<gen:1>, path=roomley.entities.User.task)
             - (collection element) CollectionFetchableElementEntityGraph(entity=roomley.entities.Task, querySpaceUid=<gen:2>, path=roomley.entities.User.task.<elements>)
    - QuerySpaces
       - EntityQuerySpaceImpl(uid=<gen:0>, entity=roomley.entities.User)
          - SQL table alias mapping - user0_
          - alias suffix - 0_
          - suffixed key columns - {user_id1_1_0_}
          - JOIN (JoinDefinedByMetadata(task)) : <gen:0> -> <gen:1>
             - CollectionQuerySpaceImpl(uid=<gen:1>, collection=roomley.entities.User.task)
                - SQL table alias mapping - task1_
                - alias suffix - 1_
                - suffixed key columns - {user_id6_0_1_}
                - entity-element alias suffix - 2_
                - 2_entity-element suffixed key columns - task_id1_0_2_
                - JOIN (JoinDefinedByMetadata(elements)) : <gen:1> -> <gen:2>
                   - EntityQuerySpaceImpl(uid=<gen:2>, entity=roomley.entities.Task)
                      - SQL table alias mapping - task1_
                      - alias suffix - 2_
                      - suffixed key columns - {task_id1_0_2_}

[DEBUG] 2025-05-05 18:01:42.570 [http-nio-8080-exec-5] EntityLoader - Static select for entity roomley.entities.User [NONE]: select user0_.user_id as user_id1_1_0_, user0_.cognito_sub as cognito_2_1_0_, user0_.created_at as created_3_1_0_, user0_.email as email4_1_0_, user0_.last_login as last_log5_1_0_, user0_.role as role6_1_0_, user0_.username as username7_1_0_, task1_.user_id as user_id6_0_1_, task1_.task_id as task_id1_0_1_, task1_.task_id as task_id1_0_2_, task1_.task_description as task_des2_0_2_, task1_.task_difficulty as task_dif3_0_2_, task1_.task_name as task_nam4_0_2_, task1_.status as status5_0_2_, task1_.user_id as user_id6_0_2_ from users user0_ left outer join tasks task1_ on user0_.user_id=task1_.user_id where user0_.user_id=?
[DEBUG] 2025-05-05 18:01:42.574 [http-nio-8080-exec-5] QuerySpacesImpl - Adding QuerySpace : uid = <gen:0> -> org.hibernate.loader.plan.build.internal.spaces.CollectionQuerySpaceImpl@1042e9e]
[DEBUG] 2025-05-05 18:01:42.574 [http-nio-8080-exec-5] QuerySpacesImpl - Adding QuerySpace : uid = <gen:1> -> org.hibernate.loader.plan.build.internal.spaces.EntityQuerySpaceImpl@1de93383]
[DEBUG] 2025-05-05 18:01:42.574 [http-nio-8080-exec-5] MetamodelGraphWalker - Visiting attribute path : taskDescription
[DEBUG] 2025-05-05 18:01:42.574 [http-nio-8080-exec-5] MetamodelGraphWalker - Visiting attribute path : taskDifficulty
[DEBUG] 2025-05-05 18:01:42.574 [http-nio-8080-exec-5] MetamodelGraphWalker - Visiting attribute path : taskName
[DEBUG] 2025-05-05 18:01:42.574 [http-nio-8080-exec-5] MetamodelGraphWalker - Visiting attribute path : taskStatus
[DEBUG] 2025-05-05 18:01:42.574 [http-nio-8080-exec-5] MetamodelGraphWalker - Visiting attribute path : user
[DEBUG] 2025-05-05 18:01:42.574 [http-nio-8080-exec-5] MetamodelGraphWalker - Property path deemed to be circular : user
[DEBUG] 2025-05-05 18:01:42.574 [http-nio-8080-exec-5] FetchStyleLoadPlanBuildingAssociationVisitationStrategy - Building LoadPlan...
[DEBUG] 2025-05-05 18:01:42.576 [http-nio-8080-exec-5] LoadQueryJoinAndFetchProcessor - processing queryspace <gen:0>
[DEBUG] 2025-05-05 18:01:42.576 [http-nio-8080-exec-5] LoadPlanTreePrinter - LoadPlan(collection=roomley.entities.User.task)
    - Returns
       - CollectionReturnImpl(collection=roomley.entities.User.task, querySpaceUid=<gen:0>, path=[roomley.entities.User.task])
          - (collection element) CollectionFetchableElementEntityGraph(entity=roomley.entities.Task, querySpaceUid=<gen:1>, path=[roomley.entities.User.task].<elements>)
    - QuerySpaces
       - CollectionQuerySpaceImpl(uid=<gen:0>, collection=roomley.entities.User.task)
          - SQL table alias mapping - task0_
          - alias suffix - 0_
          - suffixed key columns - {user_id6_0_0_}
          - entity-element alias suffix - 1_
          - 1_entity-element suffixed key columns - task_id1_0_1_
          - JOIN (JoinDefinedByMetadata(elements)) : <gen:0> -> <gen:1>
             - EntityQuerySpaceImpl(uid=<gen:1>, entity=roomley.entities.Task)
                - SQL table alias mapping - task0_
                - alias suffix - 1_
                - suffixed key columns - {task_id1_0_1_}

[DEBUG] 2025-05-05 18:01:42.576 [http-nio-8080-exec-5] CollectionLoader - Static select for collection roomley.entities.User.task: select task0_.user_id as user_id6_0_0_, task0_.task_id as task_id1_0_0_, task0_.task_id as task_id1_0_1_, task0_.task_description as task_des2_0_1_, task0_.task_difficulty as task_dif3_0_1_, task0_.task_name as task_nam4_0_1_, task0_.status as status5_0_1_, task0_.user_id as user_id6_0_1_ from tasks task0_ where task0_.user_id=?
[DEBUG] 2025-05-05 18:01:42.605 [http-nio-8080-exec-5] SchemaManagementToolCoordinator - No schema actions specified
[DEBUG] 2025-05-05 18:01:42.605 [http-nio-8080-exec-5] SchemaManagementToolCoordinator - No actions specified; doing nothing
[DEBUG] 2025-05-05 18:01:42.605 [http-nio-8080-exec-5] JtaPlatformInitiator - No JtaPlatform was specified, checking resolver
[DEBUG] 2025-05-05 18:01:42.605 [http-nio-8080-exec-5] JtaPlatformResolverInitiator - No JtaPlatformResolver was specified, using default [org.hibernate.engine.transaction.jta.platform.internal.StandardJtaPlatformResolver]
[DEBUG] 2025-05-05 18:01:42.610 [http-nio-8080-exec-5] StandardJtaPlatformResolver - Could not resolve JtaPlatform, using default [org.hibernate.engine.transaction.jta.platform.internal.NoJtaPlatform]
[INFO ] 2025-05-05 18:01:42.610 [http-nio-8080-exec-5] JtaPlatformInitiator - HHH000490: Using JtaPlatform implementation: [org.hibernate.engine.transaction.jta.platform.internal.NoJtaPlatform]
[DEBUG] 2025-05-05 18:01:42.615 [http-nio-8080-exec-5] SessionFactoryServiceRegistryImpl - EventListenerRegistry access via ServiceRegistry is deprecated.  Use `sessionFactory.getEventEngine().getListenerRegistry()` instead
[DEBUG] 2025-05-05 18:01:42.616 [http-nio-8080-exec-5] QueryTranslatorFactoryInitiator - QueryTranslatorFactory: org.hibernate.hql.internal.ast.ASTQueryTranslatorFactory@134b577b
[DEBUG] 2025-05-05 18:01:42.621 [http-nio-8080-exec-5] NamedQueryRepository - Checking 0 named HQL queries
[DEBUG] 2025-05-05 18:01:42.621 [http-nio-8080-exec-5] NamedQueryRepository - Checking 0 named SQL queries
[DEBUG] 2025-05-05 18:01:42.623 [http-nio-8080-exec-5] SessionFactoryRegistry - Initializing SessionFactoryRegistry : org.hibernate.internal.SessionFactoryRegistry@7597910d
[DEBUG] 2025-05-05 18:01:42.624 [http-nio-8080-exec-5] SessionFactoryRegistry - Registering SessionFactory: 73f124b8-5b2b-465b-b733-4da57146a5e2 (<unnamed>)
[DEBUG] 2025-05-05 18:01:42.624 [http-nio-8080-exec-5] SessionFactoryRegistry - Not binding SessionFactory to JNDI, no JNDI name configured
[DEBUG] 2025-05-05 18:01:42.675 [http-nio-8080-exec-5] StatisticsInitiator - Statistics initialized [enabled=false]
[DEBUG] 2025-05-05 18:01:42.716 [http-nio-8080-exec-5] CriteriaQueryImpl - Rendered criteria query -> select generatedAlias0 from User as generatedAlias0 where generatedAlias0.cognito_sub=:param0
[DEBUG] 2025-05-05 18:01:42.744 [http-nio-8080-exec-5] QueryTranslatorImpl - parse() - HQL: select generatedAlias0 from roomley.entities.User as generatedAlias0 where generatedAlias0.cognito_sub=:param0
[DEBUG] 2025-05-05 18:01:42.747 [http-nio-8080-exec-5] ErrorTracker - throwQueryException() : no errors
[DEBUG] 2025-05-05 18:01:42.753 [http-nio-8080-exec-5] QueryTranslatorImpl - --- HQL AST ---
 \-[QUERY] Node: 'query'
    +-[SELECT_FROM] Node: 'SELECT_FROM'
    |  +-[FROM] Node: 'from'
    |  |  \-[RANGE] Node: 'RANGE'
    |  |     +-[DOT] Node: '.'
    |  |     |  +-[DOT] Node: '.'
    |  |     |  |  +-[IDENT] Node: 'roomley'
    |  |     |  |  \-[IDENT] Node: 'entities'
    |  |     |  \-[IDENT] Node: 'User'
    |  |     \-[ALIAS] Node: 'generatedAlias0'
    |  \-[SELECT] Node: 'select'
    |     \-[IDENT] Node: 'generatedAlias0'
    \-[WHERE] Node: 'where'
       \-[EQ] Node: '='
          +-[DOT] Node: '.'
          |  +-[IDENT] Node: 'generatedAlias0'
          |  \-[IDENT] Node: 'cognito_sub'
          \-[COLON] Node: ':'
             \-[IDENT] Node: 'param0'

[DEBUG] 2025-05-05 18:01:42.767 [http-nio-8080-exec-5] HqlSqlBaseWalker - select << begin [level=1, statement=select]
[DEBUG] 2025-05-05 18:01:42.776 [http-nio-8080-exec-5] FromElement - FromClause{level=1} : roomley.entities.User (generatedAlias0) -> user0_
[DEBUG] 2025-05-05 18:01:42.776 [http-nio-8080-exec-5] FromReferenceNode - Resolved : generatedAlias0 -> user0_.user_id
[DEBUG] 2025-05-05 18:01:42.778 [http-nio-8080-exec-5] FromReferenceNode - Resolved : generatedAlias0 -> user0_.user_id
[DEBUG] 2025-05-05 18:01:42.779 [http-nio-8080-exec-5] DotNode - getDataType() : cognito_sub -> org.hibernate.type.StringType@7cc4e8ba
[DEBUG] 2025-05-05 18:01:42.779 [http-nio-8080-exec-5] FromReferenceNode - Resolved : generatedAlias0.cognito_sub -> user0_.cognito_sub
[DEBUG] 2025-05-05 18:01:42.781 [http-nio-8080-exec-5] HqlSqlBaseWalker - select : finishing up [level=1, statement=select]
[DEBUG] 2025-05-05 18:01:42.781 [http-nio-8080-exec-5] HqlSqlWalker - processQuery() :  ( SELECT ( {select clause} user0_.user_id ) ( FromClause{level=1} users user0_ ) ( where ( = ( user0_.cognito_sub user0_.user_id cognito_sub ) ? ) ) )
[DEBUG] 2025-05-05 18:01:42.785 [http-nio-8080-exec-5] JoinProcessor - Tables referenced from query nodes:
 \-QueryNode
    +-SelectClause
    | referencedTables(entity User): [users]
    |  +-IdentNode
    |  | persister: SingleTableEntityPersister(roomley.entities.User)
    |  | originalText: generatedAlias0
    |  \-SqlFragment
    +-FromClause
    |  \-FromElement
    \-SqlNode
       \-BinaryLogicOperatorNode
          +-DotNode
          | persister: SingleTableEntityPersister(roomley.entities.User)
          | path: generatedAlias0.cognito_sub
          |  +-IdentNode
          |  | persister: SingleTableEntityPersister(roomley.entities.User)
          |  | originalText: generatedAlias0
          |  \-IdentNode
          |    persister: null
          |    originalText: cognito_sub
          \-ParameterNode

[DEBUG] 2025-05-05 18:01:42.787 [http-nio-8080-exec-5] JoinProcessor - Using FROM fragment [users user0_]
[DEBUG] 2025-05-05 18:01:42.787 [http-nio-8080-exec-5] HqlSqlBaseWalker - select >> end [level=1, statement=select]
[DEBUG] 2025-05-05 18:01:42.787 [http-nio-8080-exec-5] QueryTranslatorImpl - --- SQL AST ---
 \-[SELECT] QueryNode: 'SELECT'  querySpaces (users)
    +-[SELECT_CLAUSE] SelectClause: '{select clause}'
    |  +-[ALIAS_REF] IdentNode: 'user0_.user_id as user_id1_1_' {alias=generatedAlias0, className=roomley.entities.User, tableAlias=user0_}
    |  \-[SQL_TOKEN] SqlFragment: 'user0_.cognito_sub as cognito_2_1_, user0_.created_at as created_3_1_, user0_.email as email4_1_, user0_.last_login as last_log5_1_, user0_.role as role6_1_, user0_.username as username7_1_'
    +-[FROM] FromClause: 'from' FromClause{level=1, fromElementCounter=1, fromElements=1, fromElementByClassAlias=[generatedAlias0], fromElementByTableAlias=[user0_], fromElementsByPath=[], collectionJoinFromElementsByPath=[], impliedElements=[]}
    |  \-[FROM_FRAGMENT] FromElement: 'users user0_' FromElement{explicit,not a collection join,not a fetch join,fetch non-lazy properties,classAlias=generatedAlias0,role=null,tableName=users,tableAlias=user0_,origin=null,columns={,className=roomley.entities.User}}
    \-[WHERE] SqlNode: 'where'
       \-[EQ] BinaryLogicOperatorNode: '='
          +-[DOT] DotNode: 'user0_.cognito_sub' {propertyName=cognito_sub,dereferenceType=PRIMITIVE,getPropertyPath=cognito_sub,path=generatedAlias0.cognito_sub,tableAlias=user0_,className=roomley.entities.User,classAlias=generatedAlias0}
          |  +-[ALIAS_REF] IdentNode: 'user0_.user_id' {alias=generatedAlias0, className=roomley.entities.User, tableAlias=user0_}
          |  \-[IDENT] IdentNode: 'cognito_sub' {originalText=cognito_sub}
          \-[NAMED_PARAM] ParameterNode: '?' {name=param0, expectedType=org.hibernate.type.StringType@7cc4e8ba}

[DEBUG] 2025-05-05 18:01:42.787 [http-nio-8080-exec-5] ErrorTracker - throwQueryException() : no errors
[DEBUG] 2025-05-05 18:01:42.790 [http-nio-8080-exec-5] QueryTranslatorImpl - HQL: select generatedAlias0 from roomley.entities.User as generatedAlias0 where generatedAlias0.cognito_sub=:param0
[DEBUG] 2025-05-05 18:01:42.790 [http-nio-8080-exec-5] QueryTranslatorImpl - SQL: select user0_.user_id as user_id1_1_, user0_.cognito_sub as cognito_2_1_, user0_.created_at as created_3_1_, user0_.email as email4_1_, user0_.last_login as last_log5_1_, user0_.role as role6_1_, user0_.username as username7_1_ from users user0_ where user0_.cognito_sub=?
[DEBUG] 2025-05-05 18:01:42.790 [http-nio-8080-exec-5] ErrorTracker - throwQueryException() : no errors
[DEBUG] 2025-05-05 18:01:42.806 [http-nio-8080-exec-5] SQL - select user0_.user_id as user_id1_1_, user0_.cognito_sub as cognito_2_1_, user0_.created_at as created_3_1_, user0_.email as email4_1_, user0_.last_login as last_log5_1_, user0_.role as role6_1_, user0_.username as username7_1_ from users user0_ where user0_.cognito_sub=?
[DEBUG] 2025-05-05 18:01:42.944 [http-nio-8080-exec-5] Loader - Result set row: 0
[DEBUG] 2025-05-05 18:01:42.946 [http-nio-8080-exec-5] Loader - Result row: EntityKey[roomley.entities.User#1]
[DEBUG] 2025-05-05 18:01:42.953 [http-nio-8080-exec-5] TwoPhaseLoad - Resolving attributes for [roomley.entities.User#1]
[DEBUG] 2025-05-05 18:01:42.954 [http-nio-8080-exec-5] TwoPhaseLoad - Processing attribute `cognito_sub` : value = f11b2550-a041-70b3-a47b-1b60db675143
[DEBUG] 2025-05-05 18:01:42.954 [http-nio-8080-exec-5] TwoPhaseLoad - Attribute (`cognito_sub`)  - enhanced for lazy-loading? - false
[DEBUG] 2025-05-05 18:01:42.954 [http-nio-8080-exec-5] TwoPhaseLoad - Processing attribute `created_at` : value = null
[DEBUG] 2025-05-05 18:01:42.954 [http-nio-8080-exec-5] TwoPhaseLoad - Attribute (`created_at`)  - enhanced for lazy-loading? - false
[DEBUG] 2025-05-05 18:01:42.954 [http-nio-8080-exec-5] TwoPhaseLoad - Processing attribute `email` : value = ajohnson@koi-dev.com
[DEBUG] 2025-05-05 18:01:42.954 [http-nio-8080-exec-5] TwoPhaseLoad - Attribute (`email`)  - enhanced for lazy-loading? - false
[DEBUG] 2025-05-05 18:01:42.954 [http-nio-8080-exec-5] TwoPhaseLoad - Processing attribute `last_login` : value = 2025-05-05 17:42:37.0
[DEBUG] 2025-05-05 18:01:42.954 [http-nio-8080-exec-5] TwoPhaseLoad - Attribute (`last_login`)  - enhanced for lazy-loading? - false
[DEBUG] 2025-05-05 18:01:42.954 [http-nio-8080-exec-5] TwoPhaseLoad - Processing attribute `role` : value = Admin
[DEBUG] 2025-05-05 18:01:42.954 [http-nio-8080-exec-5] TwoPhaseLoad - Attribute (`role`)  - enhanced for lazy-loading? - false
[DEBUG] 2025-05-05 18:01:42.954 [http-nio-8080-exec-5] TwoPhaseLoad - Processing attribute `task` : value = NOT NULL COLLECTION
[DEBUG] 2025-05-05 18:01:42.954 [http-nio-8080-exec-5] TwoPhaseLoad - Attribute (`task`)  - enhanced for lazy-loading? - false
[DEBUG] 2025-05-05 18:01:42.958 [http-nio-8080-exec-5] TwoPhaseLoad - Processing attribute `username` : value = ajohnson
[DEBUG] 2025-05-05 18:01:42.958 [http-nio-8080-exec-5] TwoPhaseLoad - Attribute (`username`)  - enhanced for lazy-loading? - false
[DEBUG] 2025-05-05 18:01:42.959 [http-nio-8080-exec-5] TwoPhaseLoad - Done materializing entity [roomley.entities.User#1]
[DEBUG] 2025-05-05 18:01:42.961 [http-nio-8080-exec-5] AbstractLoadPlanBasedCollectionInitializer - Loading collection: [roomley.entities.User.task#1]
[DEBUG] 2025-05-05 18:01:42.961 [http-nio-8080-exec-5] SQL - select task0_.user_id as user_id6_0_0_, task0_.task_id as task_id1_0_0_, task0_.task_id as task_id1_0_1_, task0_.task_description as task_des2_0_1_, task0_.task_difficulty as task_dif3_0_1_, task0_.task_name as task_nam4_0_1_, task0_.status as status5_0_1_, task0_.user_id as user_id6_0_1_ from tasks task0_ where task0_.user_id=?
[DEBUG] 2025-05-05 18:01:43.020 [http-nio-8080-exec-5] ResultSetProcessorImpl - Preparing collection initializer : [roomley.entities.User.task#1]
[DEBUG] 2025-05-05 18:01:43.024 [http-nio-8080-exec-5] CollectionLoadContext - 1 collections were found in result set for role: roomley.entities.User.task
[DEBUG] 2025-05-05 18:01:43.024 [http-nio-8080-exec-5] CollectionLoadContext - Collection fully initialized: [roomley.entities.User.task#1]
[DEBUG] 2025-05-05 18:01:43.024 [http-nio-8080-exec-5] CollectionLoadContext - 1 collections initialized for role: roomley.entities.User.task
[DEBUG] 2025-05-05 18:01:43.024 [http-nio-8080-exec-5] AbstractLoadPlanBasedCollectionInitializer - Done loading collection
[DEBUG] 2025-05-05 18:01:43.025 [http-nio-8080-exec-5] LogicalConnectionManagedImpl - Initiating JDBC connection release from afterTransaction
[DEBUG] 2025-05-05 18:01:43.093 [http-nio-8080-exec-5] LogicalConnectionManagedImpl - Initiating JDBC connection release from afterTransaction
[DEBUG] 2025-05-05 18:01:58.345 [http-nio-8080-exec-9] CriteriaQueryImpl - Rendered criteria query -> select generatedAlias0 from User as generatedAlias0 where generatedAlias0.cognito_sub=:param0
[DEBUG] 2025-05-05 18:01:58.346 [http-nio-8080-exec-9] SQL - select user0_.user_id as user_id1_1_, user0_.cognito_sub as cognito_2_1_, user0_.created_at as created_3_1_, user0_.email as email4_1_, user0_.last_login as last_log5_1_, user0_.role as role6_1_, user0_.username as username7_1_ from users user0_ where user0_.cognito_sub=?
[DEBUG] 2025-05-05 18:01:58.458 [http-nio-8080-exec-9] Loader - Result set row: 0
[DEBUG] 2025-05-05 18:01:58.458 [http-nio-8080-exec-9] Loader - Result row: EntityKey[roomley.entities.User#1]
[DEBUG] 2025-05-05 18:01:58.458 [http-nio-8080-exec-9] TwoPhaseLoad - Resolving attributes for [roomley.entities.User#1]
[DEBUG] 2025-05-05 18:01:58.458 [http-nio-8080-exec-9] TwoPhaseLoad - Processing attribute `cognito_sub` : value = f11b2550-a041-70b3-a47b-1b60db675143
[DEBUG] 2025-05-05 18:01:58.458 [http-nio-8080-exec-9] TwoPhaseLoad - Attribute (`cognito_sub`)  - enhanced for lazy-loading? - false
[DEBUG] 2025-05-05 18:01:58.458 [http-nio-8080-exec-9] TwoPhaseLoad - Processing attribute `created_at` : value = null
[DEBUG] 2025-05-05 18:01:58.458 [http-nio-8080-exec-9] TwoPhaseLoad - Attribute (`created_at`)  - enhanced for lazy-loading? - false
[DEBUG] 2025-05-05 18:01:58.458 [http-nio-8080-exec-9] TwoPhaseLoad - Processing attribute `email` : value = ajohnson@koi-dev.com
[DEBUG] 2025-05-05 18:01:58.458 [http-nio-8080-exec-9] TwoPhaseLoad - Attribute (`email`)  - enhanced for lazy-loading? - false
[DEBUG] 2025-05-05 18:01:58.458 [http-nio-8080-exec-9] TwoPhaseLoad - Processing attribute `last_login` : value = 2025-05-05 17:42:37.0
[DEBUG] 2025-05-05 18:01:58.458 [http-nio-8080-exec-9] TwoPhaseLoad - Attribute (`last_login`)  - enhanced for lazy-loading? - false
[DEBUG] 2025-05-05 18:01:58.458 [http-nio-8080-exec-9] TwoPhaseLoad - Processing attribute `role` : value = Admin
[DEBUG] 2025-05-05 18:01:58.458 [http-nio-8080-exec-9] TwoPhaseLoad - Attribute (`role`)  - enhanced for lazy-loading? - false
[DEBUG] 2025-05-05 18:01:58.458 [http-nio-8080-exec-9] TwoPhaseLoad - Processing attribute `task` : value = NOT NULL COLLECTION
[DEBUG] 2025-05-05 18:01:58.459 [http-nio-8080-exec-9] TwoPhaseLoad - Attribute (`task`)  - enhanced for lazy-loading? - false
[DEBUG] 2025-05-05 18:01:58.459 [http-nio-8080-exec-9] TwoPhaseLoad - Processing attribute `username` : value = ajohnson
[DEBUG] 2025-05-05 18:01:58.459 [http-nio-8080-exec-9] TwoPhaseLoad - Attribute (`username`)  - enhanced for lazy-loading? - false
[DEBUG] 2025-05-05 18:01:58.459 [http-nio-8080-exec-9] TwoPhaseLoad - Done materializing entity [roomley.entities.User#1]
[DEBUG] 2025-05-05 18:01:58.459 [http-nio-8080-exec-9] AbstractLoadPlanBasedCollectionInitializer - Loading collection: [roomley.entities.User.task#1]
[DEBUG] 2025-05-05 18:01:58.459 [http-nio-8080-exec-9] SQL - select task0_.user_id as user_id6_0_0_, task0_.task_id as task_id1_0_0_, task0_.task_id as task_id1_0_1_, task0_.task_description as task_des2_0_1_, task0_.task_difficulty as task_dif3_0_1_, task0_.task_name as task_nam4_0_1_, task0_.status as status5_0_1_, task0_.user_id as user_id6_0_1_ from tasks task0_ where task0_.user_id=?
[DEBUG] 2025-05-05 18:01:58.506 [http-nio-8080-exec-9] ResultSetProcessorImpl - Preparing collection initializer : [roomley.entities.User.task#1]
[DEBUG] 2025-05-05 18:01:58.506 [http-nio-8080-exec-9] CollectionLoadContext - 1 collections were found in result set for role: roomley.entities.User.task
[DEBUG] 2025-05-05 18:01:58.506 [http-nio-8080-exec-9] CollectionLoadContext - Collection fully initialized: [roomley.entities.User.task#1]
[DEBUG] 2025-05-05 18:01:58.506 [http-nio-8080-exec-9] CollectionLoadContext - 1 collections initialized for role: roomley.entities.User.task
[DEBUG] 2025-05-05 18:01:58.507 [http-nio-8080-exec-9] AbstractLoadPlanBasedCollectionInitializer - Done loading collection
[DEBUG] 2025-05-05 18:01:58.507 [http-nio-8080-exec-9] LogicalConnectionManagedImpl - Initiating JDBC connection release from afterTransaction
[DEBUG] 2025-05-05 18:01:58.571 [http-nio-8080-exec-9] LogicalConnectionManagedImpl - Initiating JDBC connection release from afterTransaction
[DEBUG] 2025-05-05 18:02:11.795 [Hibernate Connection Pool Validation Thread] DriverManagerConnectionProviderImpl - Connection pool now considered primed; min-size will be maintained
