[DEBUG] 2025-05-04 23:32:05.527 [http-nio-8080-exec-4] IntegratorServiceImpl - Adding Integrator [org.hibernate.cfg.beanvalidation.BeanValidationIntegrator].
[DEBUG] 2025-05-04 23:32:05.529 [http-nio-8080-exec-4] IntegratorServiceImpl - Adding Integrator [org.hibernate.secure.spi.JaccIntegrator].
[DEBUG] 2025-05-04 23:32:05.533 [http-nio-8080-exec-4] IntegratorServiceImpl - Adding Integrator [org.hibernate.cache.internal.CollectionCacheInvalidator].
[INFO ] 2025-05-04 23:32:05.554 [http-nio-8080-exec-4] Version - HHH000412: Hibernate ORM core version 5.6.15.Final
[DEBUG] 2025-05-04 23:32:05.556 [http-nio-8080-exec-4] Environment - HHH000206: hibernate.properties not found
[DEBUG] 2025-05-04 23:32:05.742 [http-nio-8080-exec-4] LocalXmlResourceResolver - Interpreting public/system identifier : [-//Hibernate/Hibernate Configuration DTD//EN] - [http://www.hibernate.org/dtd/hibernate-configuration-3.0.dtd]
[DEBUG] 2025-05-04 23:32:05.742 [http-nio-8080-exec-4] LocalXmlResourceResolver - Recognized hibernate-configuration identifier; attempting to resolve on classpath under org/hibernate/
[DEBUG] 2025-05-04 23:32:05.744 [http-nio-8080-exec-4] JaxbCfgProcessor - cfg.xml document did not define namespaces; wrapping in custom event reader to introduce namespace information
[DEBUG] 2025-05-04 23:32:05.928 [http-nio-8080-exec-4] ServiceBinding - Overriding existing service binding [org.hibernate.secure.spi.JaccService]
[DEBUG] 2025-05-04 23:32:05.941 [http-nio-8080-exec-4] RegionFactoryInitiator - Cannot default RegionFactory based on registered strategies as `[]` RegionFactory strategies were registered
[DEBUG] 2025-05-04 23:32:05.942 [http-nio-8080-exec-4] RegionFactoryInitiator - Cache region factory : org.hibernate.cache.internal.NoCachingRegionFactory
[INFO ] 2025-05-04 23:32:05.960 [http-nio-8080-exec-4] Version - HCANN000001: Hibernate Commons Annotations {5.1.2.Final}
[DEBUG] 2025-05-04 23:32:05.995 [http-nio-8080-exec-4] BasicTypeRegistry - Adding type registration boolean -> org.hibernate.type.BooleanType@59de509f
[DEBUG] 2025-05-04 23:32:05.995 [http-nio-8080-exec-4] BasicTypeRegistry - Adding type registration boolean -> org.hibernate.type.BooleanType@59de509f
[DEBUG] 2025-05-04 23:32:05.995 [http-nio-8080-exec-4] BasicTypeRegistry - Adding type registration java.lang.Boolean -> org.hibernate.type.BooleanType@59de509f
[DEBUG] 2025-05-04 23:32:05.996 [http-nio-8080-exec-4] BasicTypeRegistry - Adding type registration numeric_boolean -> org.hibernate.type.NumericBooleanType@8ae2d53
[DEBUG] 2025-05-04 23:32:05.996 [http-nio-8080-exec-4] BasicTypeRegistry - Adding type registration true_false -> org.hibernate.type.TrueFalseType@2784f6c5
[DEBUG] 2025-05-04 23:32:05.997 [http-nio-8080-exec-4] BasicTypeRegistry - Adding type registration yes_no -> org.hibernate.type.YesNoType@7261a7cc
[DEBUG] 2025-05-04 23:32:05.997 [http-nio-8080-exec-4] BasicTypeRegistry - Adding type registration byte -> org.hibernate.type.ByteType@3a259456
[DEBUG] 2025-05-04 23:32:05.997 [http-nio-8080-exec-4] BasicTypeRegistry - Adding type registration byte -> org.hibernate.type.ByteType@3a259456
[DEBUG] 2025-05-04 23:32:05.997 [http-nio-8080-exec-4] BasicTypeRegistry - Adding type registration java.lang.Byte -> org.hibernate.type.ByteType@3a259456
[DEBUG] 2025-05-04 23:32:05.998 [http-nio-8080-exec-4] BasicTypeRegistry - Adding type registration character -> org.hibernate.type.CharacterType@1169ea1
[DEBUG] 2025-05-04 23:32:05.998 [http-nio-8080-exec-4] BasicTypeRegistry - Adding type registration char -> org.hibernate.type.CharacterType@1169ea1
[DEBUG] 2025-05-04 23:32:05.998 [http-nio-8080-exec-4] BasicTypeRegistry - Adding type registration java.lang.Character -> org.hibernate.type.CharacterType@1169ea1
[DEBUG] 2025-05-04 23:32:05.999 [http-nio-8080-exec-4] BasicTypeRegistry - Adding type registration short -> org.hibernate.type.ShortType@67f03bd2
[DEBUG] 2025-05-04 23:32:05.999 [http-nio-8080-exec-4] BasicTypeRegistry - Adding type registration short -> org.hibernate.type.ShortType@67f03bd2
[DEBUG] 2025-05-04 23:32:05.999 [http-nio-8080-exec-4] BasicTypeRegistry - Adding type registration java.lang.Short -> org.hibernate.type.ShortType@67f03bd2
[DEBUG] 2025-05-04 23:32:06.000 [http-nio-8080-exec-4] BasicTypeRegistry - Adding type registration integer -> org.hibernate.type.IntegerType@7a5ca211
[DEBUG] 2025-05-04 23:32:06.000 [http-nio-8080-exec-4] BasicTypeRegistry - Adding type registration int -> org.hibernate.type.IntegerType@7a5ca211
[DEBUG] 2025-05-04 23:32:06.000 [http-nio-8080-exec-4] BasicTypeRegistry - Adding type registration java.lang.Integer -> org.hibernate.type.IntegerType@7a5ca211
[DEBUG] 2025-05-04 23:32:06.001 [http-nio-8080-exec-4] BasicTypeRegistry - Adding type registration long -> org.hibernate.type.LongType@3b9373a5
[DEBUG] 2025-05-04 23:32:06.001 [http-nio-8080-exec-4] BasicTypeRegistry - Adding type registration long -> org.hibernate.type.LongType@3b9373a5
[DEBUG] 2025-05-04 23:32:06.001 [http-nio-8080-exec-4] BasicTypeRegistry - Adding type registration java.lang.Long -> org.hibernate.type.LongType@3b9373a5
[DEBUG] 2025-05-04 23:32:06.001 [http-nio-8080-exec-4] BasicTypeRegistry - Adding type registration float -> org.hibernate.type.FloatType@257f22d6
[DEBUG] 2025-05-04 23:32:06.001 [http-nio-8080-exec-4] BasicTypeRegistry - Adding type registration float -> org.hibernate.type.FloatType@257f22d6
[DEBUG] 2025-05-04 23:32:06.001 [http-nio-8080-exec-4] BasicTypeRegistry - Adding type registration java.lang.Float -> org.hibernate.type.FloatType@257f22d6
[DEBUG] 2025-05-04 23:32:06.002 [http-nio-8080-exec-4] BasicTypeRegistry - Adding type registration double -> org.hibernate.type.DoubleType@16b5f34
[DEBUG] 2025-05-04 23:32:06.002 [http-nio-8080-exec-4] BasicTypeRegistry - Adding type registration double -> org.hibernate.type.DoubleType@16b5f34
[DEBUG] 2025-05-04 23:32:06.002 [http-nio-8080-exec-4] BasicTypeRegistry - Adding type registration java.lang.Double -> org.hibernate.type.DoubleType@16b5f34
[DEBUG] 2025-05-04 23:32:06.003 [http-nio-8080-exec-4] BasicTypeRegistry - Adding type registration big_decimal -> org.hibernate.type.BigDecimalType@46c53b34
[DEBUG] 2025-05-04 23:32:06.003 [http-nio-8080-exec-4] BasicTypeRegistry - Adding type registration java.math.BigDecimal -> org.hibernate.type.BigDecimalType@46c53b34
[DEBUG] 2025-05-04 23:32:06.004 [http-nio-8080-exec-4] BasicTypeRegistry - Adding type registration big_integer -> org.hibernate.type.BigIntegerType@3bff1f09
[DEBUG] 2025-05-04 23:32:06.004 [http-nio-8080-exec-4] BasicTypeRegistry - Adding type registration java.math.BigInteger -> org.hibernate.type.BigIntegerType@3bff1f09
[DEBUG] 2025-05-04 23:32:06.004 [http-nio-8080-exec-4] BasicTypeRegistry - Adding type registration string -> org.hibernate.type.StringType@7d135f93
[DEBUG] 2025-05-04 23:32:06.004 [http-nio-8080-exec-4] BasicTypeRegistry - Adding type registration java.lang.String -> org.hibernate.type.StringType@7d135f93
[DEBUG] 2025-05-04 23:32:06.005 [http-nio-8080-exec-4] BasicTypeRegistry - Adding type registration nstring -> org.hibernate.type.StringNVarcharType@20401eb6
[DEBUG] 2025-05-04 23:32:06.005 [http-nio-8080-exec-4] BasicTypeRegistry - Adding type registration ncharacter -> org.hibernate.type.CharacterNCharType@2b98225f
[DEBUG] 2025-05-04 23:32:06.006 [http-nio-8080-exec-4] BasicTypeRegistry - Adding type registration url -> org.hibernate.type.UrlType@5a74dd3b
[DEBUG] 2025-05-04 23:32:06.006 [http-nio-8080-exec-4] BasicTypeRegistry - Adding type registration java.net.URL -> org.hibernate.type.UrlType@5a74dd3b
[DEBUG] 2025-05-04 23:32:06.006 [http-nio-8080-exec-4] BasicTypeRegistry - Adding type registration Duration -> org.hibernate.type.DurationType@35890ff1
[DEBUG] 2025-05-04 23:32:06.007 [http-nio-8080-exec-4] BasicTypeRegistry - Adding type registration java.time.Duration -> org.hibernate.type.DurationType@35890ff1
[DEBUG] 2025-05-04 23:32:06.007 [http-nio-8080-exec-4] BasicTypeRegistry - Adding type registration Instant -> org.hibernate.type.InstantType@39080bf
[DEBUG] 2025-05-04 23:32:06.007 [http-nio-8080-exec-4] BasicTypeRegistry - Adding type registration java.time.Instant -> org.hibernate.type.InstantType@39080bf
[DEBUG] 2025-05-04 23:32:06.008 [http-nio-8080-exec-4] BasicTypeRegistry - Adding type registration LocalDateTime -> org.hibernate.type.LocalDateTimeType@2e437ac5
[DEBUG] 2025-05-04 23:32:06.009 [http-nio-8080-exec-4] BasicTypeRegistry - Adding type registration java.time.LocalDateTime -> org.hibernate.type.LocalDateTimeType@2e437ac5
[DEBUG] 2025-05-04 23:32:06.010 [http-nio-8080-exec-4] BasicTypeRegistry - Adding type registration LocalDate -> org.hibernate.type.LocalDateType@546945a7
[DEBUG] 2025-05-04 23:32:06.010 [http-nio-8080-exec-4] BasicTypeRegistry - Adding type registration java.time.LocalDate -> org.hibernate.type.LocalDateType@546945a7
[DEBUG] 2025-05-04 23:32:06.010 [http-nio-8080-exec-4] BasicTypeRegistry - Adding type registration LocalTime -> org.hibernate.type.LocalTimeType@54ccf7a2
[DEBUG] 2025-05-04 23:32:06.011 [http-nio-8080-exec-4] BasicTypeRegistry - Adding type registration java.time.LocalTime -> org.hibernate.type.LocalTimeType@54ccf7a2
[DEBUG] 2025-05-04 23:32:06.011 [http-nio-8080-exec-4] BasicTypeRegistry - Adding type registration OffsetDateTime -> org.hibernate.type.OffsetDateTimeType@3bccb350
[DEBUG] 2025-05-04 23:32:06.011 [http-nio-8080-exec-4] BasicTypeRegistry - Adding type registration java.time.OffsetDateTime -> org.hibernate.type.OffsetDateTimeType@3bccb350
[DEBUG] 2025-05-04 23:32:06.012 [http-nio-8080-exec-4] BasicTypeRegistry - Adding type registration OffsetTime -> org.hibernate.type.OffsetTimeType@3941738e
[DEBUG] 2025-05-04 23:32:06.012 [http-nio-8080-exec-4] BasicTypeRegistry - Adding type registration java.time.OffsetTime -> org.hibernate.type.OffsetTimeType@3941738e
[DEBUG] 2025-05-04 23:32:06.013 [http-nio-8080-exec-4] BasicTypeRegistry - Adding type registration ZonedDateTime -> org.hibernate.type.ZonedDateTimeType@eaf84d5
[DEBUG] 2025-05-04 23:32:06.013 [http-nio-8080-exec-4] BasicTypeRegistry - Adding type registration java.time.ZonedDateTime -> org.hibernate.type.ZonedDateTimeType@eaf84d5
[DEBUG] 2025-05-04 23:32:06.014 [http-nio-8080-exec-4] BasicTypeRegistry - Adding type registration date -> org.hibernate.type.DateType@1c49c2d8
[DEBUG] 2025-05-04 23:32:06.014 [http-nio-8080-exec-4] BasicTypeRegistry - Adding type registration java.sql.Date -> org.hibernate.type.DateType@1c49c2d8
[DEBUG] 2025-05-04 23:32:06.015 [http-nio-8080-exec-4] BasicTypeRegistry - Adding type registration time -> org.hibernate.type.TimeType@16fd58a1
[DEBUG] 2025-05-04 23:32:06.015 [http-nio-8080-exec-4] BasicTypeRegistry - Adding type registration java.sql.Time -> org.hibernate.type.TimeType@16fd58a1
[DEBUG] 2025-05-04 23:32:06.016 [http-nio-8080-exec-4] BasicTypeRegistry - Adding type registration timestamp -> org.hibernate.type.TimestampType@3092ccf6
[DEBUG] 2025-05-04 23:32:06.016 [http-nio-8080-exec-4] BasicTypeRegistry - Adding type registration java.sql.Timestamp -> org.hibernate.type.TimestampType@3092ccf6
[DEBUG] 2025-05-04 23:32:06.016 [http-nio-8080-exec-4] BasicTypeRegistry - Adding type registration java.util.Date -> org.hibernate.type.TimestampType@3092ccf6
[DEBUG] 2025-05-04 23:32:06.016 [http-nio-8080-exec-4] BasicTypeRegistry - Adding type registration dbtimestamp -> org.hibernate.type.DbTimestampType@39b684a6
[DEBUG] 2025-05-04 23:32:06.017 [http-nio-8080-exec-4] BasicTypeRegistry - Adding type registration calendar -> org.hibernate.type.CalendarType@6d4cc677
[DEBUG] 2025-05-04 23:32:06.017 [http-nio-8080-exec-4] BasicTypeRegistry - Adding type registration java.util.Calendar -> org.hibernate.type.CalendarType@6d4cc677
[DEBUG] 2025-05-04 23:32:06.017 [http-nio-8080-exec-4] BasicTypeRegistry - Adding type registration java.util.GregorianCalendar -> org.hibernate.type.CalendarType@6d4cc677
[DEBUG] 2025-05-04 23:32:06.017 [http-nio-8080-exec-4] BasicTypeRegistry - Adding type registration calendar_date -> org.hibernate.type.CalendarDateType@3f82d45a
[DEBUG] 2025-05-04 23:32:06.018 [http-nio-8080-exec-4] BasicTypeRegistry - Adding type registration calendar_time -> org.hibernate.type.CalendarTimeType@7234126d
[DEBUG] 2025-05-04 23:32:06.019 [http-nio-8080-exec-4] BasicTypeRegistry - Adding type registration locale -> org.hibernate.type.LocaleType@3c325482
[DEBUG] 2025-05-04 23:32:06.019 [http-nio-8080-exec-4] BasicTypeRegistry - Adding type registration java.util.Locale -> org.hibernate.type.LocaleType@3c325482
[DEBUG] 2025-05-04 23:32:06.020 [http-nio-8080-exec-4] BasicTypeRegistry - Adding type registration currency -> org.hibernate.type.CurrencyType@244af349
[DEBUG] 2025-05-04 23:32:06.020 [http-nio-8080-exec-4] BasicTypeRegistry - Adding type registration java.util.Currency -> org.hibernate.type.CurrencyType@244af349
[DEBUG] 2025-05-04 23:32:06.020 [http-nio-8080-exec-4] BasicTypeRegistry - Adding type registration timezone -> org.hibernate.type.TimeZoneType@10cdd09c
[DEBUG] 2025-05-04 23:32:06.020 [http-nio-8080-exec-4] BasicTypeRegistry - Adding type registration java.util.TimeZone -> org.hibernate.type.TimeZoneType@10cdd09c
[DEBUG] 2025-05-04 23:32:06.021 [http-nio-8080-exec-4] BasicTypeRegistry - Adding type registration class -> org.hibernate.type.ClassType@2ccce17
[DEBUG] 2025-05-04 23:32:06.021 [http-nio-8080-exec-4] BasicTypeRegistry - Adding type registration java.lang.Class -> org.hibernate.type.ClassType@2ccce17
[DEBUG] 2025-05-04 23:32:06.022 [http-nio-8080-exec-4] BasicTypeRegistry - Adding type registration uuid-binary -> org.hibernate.type.UUIDBinaryType@6a30fbd5
[DEBUG] 2025-05-04 23:32:06.022 [http-nio-8080-exec-4] BasicTypeRegistry - Adding type registration java.util.UUID -> org.hibernate.type.UUIDBinaryType@6a30fbd5
[DEBUG] 2025-05-04 23:32:06.022 [http-nio-8080-exec-4] BasicTypeRegistry - Adding type registration uuid-char -> org.hibernate.type.UUIDCharType@7aa70d7
[DEBUG] 2025-05-04 23:32:06.023 [http-nio-8080-exec-4] BasicTypeRegistry - Adding type registration binary -> org.hibernate.type.BinaryType@450d5e51
[DEBUG] 2025-05-04 23:32:06.023 [http-nio-8080-exec-4] BasicTypeRegistry - Adding type registration byte[] -> org.hibernate.type.BinaryType@450d5e51
[DEBUG] 2025-05-04 23:32:06.023 [http-nio-8080-exec-4] BasicTypeRegistry - Adding type registration [B -> org.hibernate.type.BinaryType@450d5e51
[DEBUG] 2025-05-04 23:32:06.024 [http-nio-8080-exec-4] BasicTypeRegistry - Adding type registration wrapper-binary -> org.hibernate.type.WrapperBinaryType@1559e363
[DEBUG] 2025-05-04 23:32:06.024 [http-nio-8080-exec-4] BasicTypeRegistry - Adding type registration Byte[] -> org.hibernate.type.WrapperBinaryType@1559e363
[DEBUG] 2025-05-04 23:32:06.024 [http-nio-8080-exec-4] BasicTypeRegistry - Adding type registration [Ljava.lang.Byte; -> org.hibernate.type.WrapperBinaryType@1559e363
[DEBUG] 2025-05-04 23:32:06.025 [http-nio-8080-exec-4] BasicTypeRegistry - Adding type registration row_version -> org.hibernate.type.RowVersionType@6d4a4ae1
[DEBUG] 2025-05-04 23:32:06.025 [http-nio-8080-exec-4] BasicTypeRegistry - Adding type registration image -> org.hibernate.type.ImageType@7ee768a1
[DEBUG] 2025-05-04 23:32:06.026 [http-nio-8080-exec-4] BasicTypeRegistry - Adding type registration characters -> org.hibernate.type.CharArrayType@31ab625d
[DEBUG] 2025-05-04 23:32:06.026 [http-nio-8080-exec-4] BasicTypeRegistry - Adding type registration char[] -> org.hibernate.type.CharArrayType@31ab625d
[DEBUG] 2025-05-04 23:32:06.026 [http-nio-8080-exec-4] BasicTypeRegistry - Adding type registration [C -> org.hibernate.type.CharArrayType@31ab625d
[DEBUG] 2025-05-04 23:32:06.026 [http-nio-8080-exec-4] BasicTypeRegistry - Adding type registration wrapper-characters -> org.hibernate.type.CharacterArrayType@1789263a
[DEBUG] 2025-05-04 23:32:06.027 [http-nio-8080-exec-4] BasicTypeRegistry - Adding type registration [Ljava.lang.Character; -> org.hibernate.type.CharacterArrayType@1789263a
[DEBUG] 2025-05-04 23:32:06.027 [http-nio-8080-exec-4] BasicTypeRegistry - Adding type registration Character[] -> org.hibernate.type.CharacterArrayType@1789263a
[DEBUG] 2025-05-04 23:32:06.027 [http-nio-8080-exec-4] BasicTypeRegistry - Adding type registration text -> org.hibernate.type.TextType@2ade371c
[DEBUG] 2025-05-04 23:32:06.027 [http-nio-8080-exec-4] BasicTypeRegistry - Adding type registration ntext -> org.hibernate.type.NTextType@502744c0
[DEBUG] 2025-05-04 23:32:06.028 [http-nio-8080-exec-4] BasicTypeRegistry - Adding type registration blob -> org.hibernate.type.BlobType@47f29028
[DEBUG] 2025-05-04 23:32:06.028 [http-nio-8080-exec-4] BasicTypeRegistry - Adding type registration java.sql.Blob -> org.hibernate.type.BlobType@47f29028
[DEBUG] 2025-05-04 23:32:06.029 [http-nio-8080-exec-4] BasicTypeRegistry - Adding type registration materialized_blob -> org.hibernate.type.MaterializedBlobType@3fbfef10
[DEBUG] 2025-05-04 23:32:06.030 [http-nio-8080-exec-4] BasicTypeRegistry - Adding type registration clob -> org.hibernate.type.ClobType@798f96c9
[DEBUG] 2025-05-04 23:32:06.030 [http-nio-8080-exec-4] BasicTypeRegistry - Adding type registration java.sql.Clob -> org.hibernate.type.ClobType@798f96c9
[DEBUG] 2025-05-04 23:32:06.031 [http-nio-8080-exec-4] BasicTypeRegistry - Adding type registration nclob -> org.hibernate.type.NClobType@6dd52845
[DEBUG] 2025-05-04 23:32:06.031 [http-nio-8080-exec-4] BasicTypeRegistry - Adding type registration java.sql.NClob -> org.hibernate.type.NClobType@6dd52845
[DEBUG] 2025-05-04 23:32:06.031 [http-nio-8080-exec-4] BasicTypeRegistry - Adding type registration materialized_clob -> org.hibernate.type.MaterializedClobType@4e0f57af
[DEBUG] 2025-05-04 23:32:06.032 [http-nio-8080-exec-4] BasicTypeRegistry - Adding type registration materialized_nclob -> org.hibernate.type.MaterializedNClobType@7c72a727
[DEBUG] 2025-05-04 23:32:06.033 [http-nio-8080-exec-4] BasicTypeRegistry - Adding type registration serializable -> org.hibernate.type.SerializableType@1beab170
[DEBUG] 2025-05-04 23:32:06.035 [http-nio-8080-exec-4] BasicTypeRegistry - Adding type registration object -> org.hibernate.type.ObjectType@dff5642
[DEBUG] 2025-05-04 23:32:06.036 [http-nio-8080-exec-4] BasicTypeRegistry - Adding type registration java.lang.Object -> org.hibernate.type.ObjectType@dff5642
[DEBUG] 2025-05-04 23:32:06.036 [http-nio-8080-exec-4] BasicTypeRegistry - Adding type registration imm_date -> org.hibernate.type.AdaptedImmutableType@5ccfddae
[DEBUG] 2025-05-04 23:32:06.036 [http-nio-8080-exec-4] BasicTypeRegistry - Adding type registration imm_time -> org.hibernate.type.AdaptedImmutableType@5243821a
[DEBUG] 2025-05-04 23:32:06.036 [http-nio-8080-exec-4] BasicTypeRegistry - Adding type registration imm_timestamp -> org.hibernate.type.AdaptedImmutableType@6fd28a58
[DEBUG] 2025-05-04 23:32:06.036 [http-nio-8080-exec-4] BasicTypeRegistry - Adding type registration imm_dbtimestamp -> org.hibernate.type.AdaptedImmutableType@6a3c0f15
[DEBUG] 2025-05-04 23:32:06.036 [http-nio-8080-exec-4] BasicTypeRegistry - Adding type registration imm_calendar -> org.hibernate.type.AdaptedImmutableType@48bc8d51
[DEBUG] 2025-05-04 23:32:06.036 [http-nio-8080-exec-4] BasicTypeRegistry - Adding type registration imm_calendar_date -> org.hibernate.type.AdaptedImmutableType@6a1950e
[DEBUG] 2025-05-04 23:32:06.036 [http-nio-8080-exec-4] BasicTypeRegistry - Adding type registration imm_binary -> org.hibernate.type.AdaptedImmutableType@7dda4fc8
[DEBUG] 2025-05-04 23:32:06.036 [http-nio-8080-exec-4] BasicTypeRegistry - Adding type registration imm_serializable -> org.hibernate.type.AdaptedImmutableType@7714a3c1
[DEBUG] 2025-05-04 23:32:06.066 [http-nio-8080-exec-4] DefaultIdentifierGeneratorFactory - Registering IdentifierGenerator strategy [uuid2] -> [org.hibernate.id.UUIDGenerator]
[DEBUG] 2025-05-04 23:32:06.066 [http-nio-8080-exec-4] DefaultIdentifierGeneratorFactory - Registering IdentifierGenerator strategy [guid] -> [org.hibernate.id.GUIDGenerator]
[DEBUG] 2025-05-04 23:32:06.067 [http-nio-8080-exec-4] DefaultIdentifierGeneratorFactory - Registering IdentifierGenerator strategy [uuid] -> [org.hibernate.id.UUIDHexGenerator]
[DEBUG] 2025-05-04 23:32:06.067 [http-nio-8080-exec-4] DefaultIdentifierGeneratorFactory - Registering IdentifierGenerator strategy [uuid.hex] -> [org.hibernate.id.UUIDHexGenerator]
[DEBUG] 2025-05-04 23:32:06.067 [http-nio-8080-exec-4] DefaultIdentifierGeneratorFactory - Registering IdentifierGenerator strategy [assigned] -> [org.hibernate.id.Assigned]
[DEBUG] 2025-05-04 23:32:06.068 [http-nio-8080-exec-4] DefaultIdentifierGeneratorFactory - Registering IdentifierGenerator strategy [identity] -> [org.hibernate.id.IdentityGenerator]
[DEBUG] 2025-05-04 23:32:06.069 [http-nio-8080-exec-4] DefaultIdentifierGeneratorFactory - Registering IdentifierGenerator strategy [select] -> [org.hibernate.id.SelectGenerator]
[DEBUG] 2025-05-04 23:32:06.069 [http-nio-8080-exec-4] DefaultIdentifierGeneratorFactory - Registering IdentifierGenerator strategy [sequence] -> [org.hibernate.id.enhanced.SequenceStyleGenerator]
[DEBUG] 2025-05-04 23:32:06.070 [http-nio-8080-exec-4] DefaultIdentifierGeneratorFactory - Registering IdentifierGenerator strategy [seqhilo] -> [org.hibernate.id.SequenceHiLoGenerator]
[DEBUG] 2025-05-04 23:32:06.071 [http-nio-8080-exec-4] DefaultIdentifierGeneratorFactory - Registering IdentifierGenerator strategy [increment] -> [org.hibernate.id.IncrementGenerator]
[DEBUG] 2025-05-04 23:32:06.071 [http-nio-8080-exec-4] DefaultIdentifierGeneratorFactory - Registering IdentifierGenerator strategy [foreign] -> [org.hibernate.id.ForeignGenerator]
[DEBUG] 2025-05-04 23:32:06.071 [http-nio-8080-exec-4] DefaultIdentifierGeneratorFactory - Registering IdentifierGenerator strategy [sequence-identity] -> [org.hibernate.id.SequenceIdentityGenerator]
[DEBUG] 2025-05-04 23:32:06.071 [http-nio-8080-exec-4] DefaultIdentifierGeneratorFactory - Registering IdentifierGenerator strategy [enhanced-sequence] -> [org.hibernate.id.enhanced.SequenceStyleGenerator]
[DEBUG] 2025-05-04 23:32:06.072 [http-nio-8080-exec-4] DefaultIdentifierGeneratorFactory - Registering IdentifierGenerator strategy [enhanced-table] -> [org.hibernate.id.enhanced.TableGenerator]
[WARN ] 2025-05-04 23:32:06.075 [http-nio-8080-exec-4] ConnectionProviderInitiator - HHH000022: c3p0 properties were encountered, but the c3p0 provider class was not found on the classpath; these properties are going to be ignored.
[WARN ] 2025-05-04 23:32:06.077 [http-nio-8080-exec-4] pooling - HHH10001002: Using Hibernate built-in connection pool (not for production use!)
[INFO ] 2025-05-04 23:32:06.077 [http-nio-8080-exec-4] pooling - HHH10001005: using driver [com.mysql.cj.jdbc.Driver] at URL [jdbc:mysql://awseb-e-im5c23ijpi-stack-awsebrdsdatabase-hae1rqqdaejj.c9iku2weendw.us-east-2.rds.amazonaws.com:3306/ebdb]
[INFO ] 2025-05-04 23:32:06.077 [http-nio-8080-exec-4] pooling - HHH10001001: Connection properties: {password=aromatic13, user=ajohnson}
[INFO ] 2025-05-04 23:32:06.077 [http-nio-8080-exec-4] pooling - HHH10001003: Autocommit mode: false
[DEBUG] 2025-05-04 23:32:06.080 [http-nio-8080-exec-4] DriverManagerConnectionProviderImpl - Initializing Connection pool with 1 Connections
[INFO ] 2025-05-04 23:32:06.080 [http-nio-8080-exec-4] DriverManagerConnectionProviderImpl - HHH000115: Hibernate connection pool size: 20 (min=1)
[DEBUG] 2025-05-04 23:32:06.698 [http-nio-8080-exec-4] JdbcEnvironmentInitiator - Database ->
       name : MySQL
    version : 8.0.41
      major : 8
      minor : 0
[DEBUG] 2025-05-04 23:32:06.698 [http-nio-8080-exec-4] JdbcEnvironmentInitiator - Driver ->
       name : MySQL Connector/J
    version : mysql-connector-j-8.0.33 (Revision: 7d6b0800528b6b25c68b52dc10d6c1c8429c100c)
      major : 8
      minor : 0
[DEBUG] 2025-05-04 23:32:06.699 [http-nio-8080-exec-4] JdbcEnvironmentInitiator - JDBC version : 4.2
[INFO ] 2025-05-04 23:32:06.722 [http-nio-8080-exec-4] Dialect - HHH000400: Using dialect: org.hibernate.dialect.MySQLDialect
[DEBUG] 2025-05-04 23:32:06.748 [http-nio-8080-exec-4] IdentifierHelperBuilder - JDBC driver metadata reported database stores quoted identifiers in more than one case
[DEBUG] 2025-05-04 23:32:06.749 [http-nio-8080-exec-4] IdentifierHelperBuilder - IdentifierCaseStrategy for both quoted and unquoted identifiers was set to the same strategy [MIXED]; that will likely lead to problems in schema update and validation if using quoted identifiers
[INFO ] 2025-05-04 23:32:06.819 [http-nio-8080-exec-4] beans - HHH10005002: No explicit CDI BeanManager reference was passed to Hibernate, but CDI is available on the Hibernate ClassLoader.
[DEBUG] 2025-05-04 23:32:06.825 [http-nio-8080-exec-4] TypeConfiguration$Scope - Scoping TypeConfiguration [org.hibernate.type.spi.TypeConfiguration@6521ac0f] to MetadataBuildingContext [org.hibernate.boot.internal.MetadataBuildingContextRootImpl@32f830b8]
[DEBUG] 2025-05-04 23:32:06.860 [http-nio-8080-exec-4] Namespace - Created database namespace [logicalName=Name{catalog=null, schema=null}, physicalName=Name{catalog=null, schema=null}]
[DEBUG] 2025-05-04 23:32:06.871 [http-nio-8080-exec-4] AnnotationBinder - Binding entity from annotated class: roomley.entities.Task
[DEBUG] 2025-05-04 23:32:06.888 [http-nio-8080-exec-4] Ejb3Column - Binding column: Ejb3DiscriminatorColumn{logicalColumnName'DTYPE', discriminatorTypeName='string'}
[DEBUG] 2025-05-04 23:32:06.894 [http-nio-8080-exec-4] EntityBinder - Import with entity name Task
[DEBUG] 2025-05-04 23:32:06.897 [http-nio-8080-exec-4] EntityBinder - Bind entity roomley.entities.Task on table tasks
[DEBUG] 2025-05-04 23:32:06.921 [http-nio-8080-exec-4] Ejb3Column - Binding column: Ejb3Column{table=org.hibernate.mapping.Table(tasks), mappingColumn=task_id, insertable=true, updatable=true, unique=false}
[DEBUG] 2025-05-04 23:32:06.924 [http-nio-8080-exec-4] ClassLoaderAccessImpl - Not known whether passed class name [roomley.entities.Task] is safe
[DEBUG] 2025-05-04 23:32:06.925 [http-nio-8080-exec-4] ClassLoaderAccessImpl - No temp ClassLoader provided; using live ClassLoader for loading potentially unsafe class : roomley.entities.Task
[DEBUG] 2025-05-04 23:32:06.925 [http-nio-8080-exec-4] PropertyBinder - MetadataSourceProcessor property taskId with lazy=false
[DEBUG] 2025-05-04 23:32:06.926 [http-nio-8080-exec-4] AbstractPropertyHolder - Attempting to locate auto-apply AttributeConverter for property [roomley.entities.Task:taskId]
[DEBUG] 2025-05-04 23:32:06.928 [http-nio-8080-exec-4] SimpleValueBinder - building SimpleValue for taskId
[DEBUG] 2025-05-04 23:32:06.929 [http-nio-8080-exec-4] PropertyBinder - Building property taskId
[DEBUG] 2025-05-04 23:32:06.934 [http-nio-8080-exec-4] BinderHelper - #makeIdGenerator(org.hibernate.mapping.SimpleValue([org.hibernate.mapping.Column(task_id)]), taskId, org.hibernate.id.enhanced.SequenceStyleGenerator, native, ...)
[DEBUG] 2025-05-04 23:32:06.934 [http-nio-8080-exec-4] Ejb3Column - Binding column: Ejb3Column{table=org.hibernate.mapping.Table(tasks), mappingColumn=task_description, insertable=true, updatable=true, unique=false}
[DEBUG] 2025-05-04 23:32:06.934 [http-nio-8080-exec-4] PropertyBinder - MetadataSourceProcessor property taskDescription with lazy=false
[DEBUG] 2025-05-04 23:32:06.935 [http-nio-8080-exec-4] AbstractPropertyHolder - Attempting to locate auto-apply AttributeConverter for property [roomley.entities.Task:taskDescription]
[DEBUG] 2025-05-04 23:32:06.935 [http-nio-8080-exec-4] SimpleValueBinder - building SimpleValue for taskDescription
[DEBUG] 2025-05-04 23:32:06.935 [http-nio-8080-exec-4] PropertyBinder - Building property taskDescription
[DEBUG] 2025-05-04 23:32:06.935 [http-nio-8080-exec-4] Ejb3Column - Binding column: Ejb3Column{table=org.hibernate.mapping.Table(tasks), mappingColumn=task_name, insertable=true, updatable=true, unique=false}
[DEBUG] 2025-05-04 23:32:06.935 [http-nio-8080-exec-4] PropertyBinder - MetadataSourceProcessor property taskName with lazy=false
[DEBUG] 2025-05-04 23:32:06.935 [http-nio-8080-exec-4] AbstractPropertyHolder - Attempting to locate auto-apply AttributeConverter for property [roomley.entities.Task:taskName]
[DEBUG] 2025-05-04 23:32:06.935 [http-nio-8080-exec-4] SimpleValueBinder - building SimpleValue for taskName
[DEBUG] 2025-05-04 23:32:06.935 [http-nio-8080-exec-4] PropertyBinder - Building property taskName
[DEBUG] 2025-05-04 23:32:06.935 [http-nio-8080-exec-4] Ejb3Column - Binding column: Ejb3Column{table=org.hibernate.mapping.Table(tasks), mappingColumn=status, insertable=true, updatable=true, unique=false}
[DEBUG] 2025-05-04 23:32:06.935 [http-nio-8080-exec-4] PropertyBinder - MetadataSourceProcessor property taskStatus with lazy=false
[DEBUG] 2025-05-04 23:32:06.935 [http-nio-8080-exec-4] AbstractPropertyHolder - Attempting to locate auto-apply AttributeConverter for property [roomley.entities.Task:taskStatus]
[DEBUG] 2025-05-04 23:32:06.935 [http-nio-8080-exec-4] SimpleValueBinder - building SimpleValue for taskStatus
[DEBUG] 2025-05-04 23:32:06.935 [http-nio-8080-exec-4] PropertyBinder - Building property taskStatus
[DEBUG] 2025-05-04 23:32:06.935 [http-nio-8080-exec-4] Ejb3Column - Binding column: Ejb3Column{table=org.hibernate.mapping.Table(tasks), mappingColumn=task_type, insertable=true, updatable=true, unique=false}
[DEBUG] 2025-05-04 23:32:06.935 [http-nio-8080-exec-4] PropertyBinder - MetadataSourceProcessor property taskType with lazy=false
[DEBUG] 2025-05-04 23:32:06.935 [http-nio-8080-exec-4] AbstractPropertyHolder - Attempting to locate auto-apply AttributeConverter for property [roomley.entities.Task:taskType]
[DEBUG] 2025-05-04 23:32:06.935 [http-nio-8080-exec-4] SimpleValueBinder - building SimpleValue for taskType
[DEBUG] 2025-05-04 23:32:06.935 [http-nio-8080-exec-4] PropertyBinder - Building property taskType
[DEBUG] 2025-05-04 23:32:06.936 [http-nio-8080-exec-4] Ejb3Column - Binding column: Ejb3JoinColumn{logicalColumnName='Users_user_id', referencedColumn='', mappedBy=''}
[DEBUG] 2025-05-04 23:32:06.937 [http-nio-8080-exec-4] Ejb3Column - Binding column: Ejb3Column{table=org.hibernate.mapping.Table(tasks), mappingColumn=user, insertable=true, updatable=true, unique=false}
[DEBUG] 2025-05-04 23:32:06.940 [http-nio-8080-exec-4] PropertyBinder - Building property user
[DEBUG] 2025-05-04 23:32:06.945 [http-nio-8080-exec-4] AnnotationBinder - Binding entity from annotated class: roomley.entities.User
[DEBUG] 2025-05-04 23:32:06.946 [http-nio-8080-exec-4] Ejb3Column - Binding column: Ejb3DiscriminatorColumn{logicalColumnName'DTYPE', discriminatorTypeName='string'}
[DEBUG] 2025-05-04 23:32:06.946 [http-nio-8080-exec-4] EntityBinder - Import with entity name User
[DEBUG] 2025-05-04 23:32:06.946 [http-nio-8080-exec-4] EntityBinder - Bind entity roomley.entities.User on table users
[DEBUG] 2025-05-04 23:32:06.948 [http-nio-8080-exec-4] Ejb3Column - Binding column: Ejb3Column{table=org.hibernate.mapping.Table(users), mappingColumn=user_id, insertable=true, updatable=true, unique=false}
[DEBUG] 2025-05-04 23:32:06.948 [http-nio-8080-exec-4] ClassLoaderAccessImpl - Not known whether passed class name [roomley.entities.User] is safe
[DEBUG] 2025-05-04 23:32:06.948 [http-nio-8080-exec-4] ClassLoaderAccessImpl - No temp ClassLoader provided; using live ClassLoader for loading potentially unsafe class : roomley.entities.User
[DEBUG] 2025-05-04 23:32:06.948 [http-nio-8080-exec-4] PropertyBinder - MetadataSourceProcessor property id with lazy=false
[DEBUG] 2025-05-04 23:32:06.948 [http-nio-8080-exec-4] AbstractPropertyHolder - Attempting to locate auto-apply AttributeConverter for property [roomley.entities.User:id]
[DEBUG] 2025-05-04 23:32:06.948 [http-nio-8080-exec-4] SimpleValueBinder - building SimpleValue for id
[DEBUG] 2025-05-04 23:32:06.948 [http-nio-8080-exec-4] PropertyBinder - Building property id
[DEBUG] 2025-05-04 23:32:06.948 [http-nio-8080-exec-4] BinderHelper - #makeIdGenerator(org.hibernate.mapping.SimpleValue([org.hibernate.mapping.Column(user_id)]), id, org.hibernate.id.enhanced.SequenceStyleGenerator, native, ...)
[DEBUG] 2025-05-04 23:32:06.948 [http-nio-8080-exec-4] Ejb3Column - Binding column: Ejb3Column{table=org.hibernate.mapping.Table(users), mappingColumn=Households_household_id, insertable=true, updatable=true, unique=false}
[DEBUG] 2025-05-04 23:32:06.948 [http-nio-8080-exec-4] PropertyBinder - MetadataSourceProcessor property householdId with lazy=false
[DEBUG] 2025-05-04 23:32:06.948 [http-nio-8080-exec-4] AbstractPropertyHolder - Attempting to locate auto-apply AttributeConverter for property [roomley.entities.User:householdId]
[DEBUG] 2025-05-04 23:32:06.948 [http-nio-8080-exec-4] SimpleValueBinder - building SimpleValue for householdId
[DEBUG] 2025-05-04 23:32:06.948 [http-nio-8080-exec-4] PropertyBinder - Building property householdId
[DEBUG] 2025-05-04 23:32:06.948 [http-nio-8080-exec-4] Ejb3Column - Binding column: Ejb3Column{table=org.hibernate.mapping.Table(users), mappingColumn=password, insertable=true, updatable=true, unique=false}
[DEBUG] 2025-05-04 23:32:06.948 [http-nio-8080-exec-4] PropertyBinder - MetadataSourceProcessor property password with lazy=false
[DEBUG] 2025-05-04 23:32:06.948 [http-nio-8080-exec-4] AbstractPropertyHolder - Attempting to locate auto-apply AttributeConverter for property [roomley.entities.User:password]
[DEBUG] 2025-05-04 23:32:06.948 [http-nio-8080-exec-4] SimpleValueBinder - building SimpleValue for password
[DEBUG] 2025-05-04 23:32:06.948 [http-nio-8080-exec-4] PropertyBinder - Building property password
[DEBUG] 2025-05-04 23:32:06.948 [http-nio-8080-exec-4] Ejb3Column - Binding column: Ejb3JoinColumn{logicalColumnName='null', referencedColumn='null', mappedBy='user'}
[DEBUG] 2025-05-04 23:32:06.949 [http-nio-8080-exec-4] Ejb3Column - Binding column: Ejb3Column{table=org.hibernate.mapping.Table(users), mappingColumn=task, insertable=true, updatable=true, unique=false}
[DEBUG] 2025-05-04 23:32:06.950 [http-nio-8080-exec-4] Ejb3Column - Binding column: Ejb3Column{table=org.hibernate.mapping.Table(users), mappingColumn=null, insertable=true, updatable=true, unique=false}
[DEBUG] 2025-05-04 23:32:06.957 [http-nio-8080-exec-4] Ejb3Column - Binding column: Ejb3Column{table=org.hibernate.mapping.Table(users), mappingColumn=element, insertable=true, updatable=true, unique=false}
[DEBUG] 2025-05-04 23:32:06.957 [http-nio-8080-exec-4] Ejb3Column - Binding column: Ejb3Column{table=org.hibernate.mapping.Table(users), mappingColumn=task_KEY, insertable=true, updatable=true, unique=false}
[DEBUG] 2025-05-04 23:32:06.958 [http-nio-8080-exec-4] Ejb3Column - Binding column: Ejb3JoinColumn{logicalColumnName='task_KEY', referencedColumn='null', mappedBy='null'}
[DEBUG] 2025-05-04 23:32:06.959 [http-nio-8080-exec-4] Ejb3Column - Binding column: Ejb3JoinColumn{logicalColumnName='null', referencedColumn='null', mappedBy='user'}
[DEBUG] 2025-05-04 23:32:06.959 [http-nio-8080-exec-4] Ejb3Column - Binding column: Ejb3JoinColumn{logicalColumnName='null', referencedColumn='null', mappedBy='user'}
[DEBUG] 2025-05-04 23:32:06.959 [http-nio-8080-exec-4] CollectionBinder - Collection role: roomley.entities.User.task
[DEBUG] 2025-05-04 23:32:06.960 [http-nio-8080-exec-4] PropertyBinder - Building property task
[DEBUG] 2025-05-04 23:32:06.960 [http-nio-8080-exec-4] Ejb3Column - Binding column: Ejb3Column{table=org.hibernate.mapping.Table(users), mappingColumn=birthdate, insertable=true, updatable=true, unique=false}
[DEBUG] 2025-05-04 23:32:06.960 [http-nio-8080-exec-4] PropertyBinder - MetadataSourceProcessor property userBirthDate with lazy=false
[DEBUG] 2025-05-04 23:32:06.960 [http-nio-8080-exec-4] AbstractPropertyHolder - Attempting to locate auto-apply AttributeConverter for property [roomley.entities.User:userBirthDate]
[DEBUG] 2025-05-04 23:32:06.960 [http-nio-8080-exec-4] SimpleValueBinder - building SimpleValue for userBirthDate
[DEBUG] 2025-05-04 23:32:06.961 [http-nio-8080-exec-4] PropertyBinder - Building property userBirthDate
[DEBUG] 2025-05-04 23:32:06.961 [http-nio-8080-exec-4] Ejb3Column - Binding column: Ejb3Column{table=org.hibernate.mapping.Table(users), mappingColumn=email, insertable=true, updatable=true, unique=false}
[DEBUG] 2025-05-04 23:32:06.961 [http-nio-8080-exec-4] PropertyBinder - MetadataSourceProcessor property userEmail with lazy=false
[DEBUG] 2025-05-04 23:32:06.961 [http-nio-8080-exec-4] AbstractPropertyHolder - Attempting to locate auto-apply AttributeConverter for property [roomley.entities.User:userEmail]
[DEBUG] 2025-05-04 23:32:06.961 [http-nio-8080-exec-4] SimpleValueBinder - building SimpleValue for userEmail
[DEBUG] 2025-05-04 23:32:06.961 [http-nio-8080-exec-4] PropertyBinder - Building property userEmail
[DEBUG] 2025-05-04 23:32:06.961 [http-nio-8080-exec-4] Ejb3Column - Binding column: Ejb3Column{table=org.hibernate.mapping.Table(users), mappingColumn=first_name, insertable=true, updatable=true, unique=false}
[DEBUG] 2025-05-04 23:32:06.961 [http-nio-8080-exec-4] PropertyBinder - MetadataSourceProcessor property userFirstName with lazy=false
[DEBUG] 2025-05-04 23:32:06.961 [http-nio-8080-exec-4] AbstractPropertyHolder - Attempting to locate auto-apply AttributeConverter for property [roomley.entities.User:userFirstName]
[DEBUG] 2025-05-04 23:32:06.961 [http-nio-8080-exec-4] SimpleValueBinder - building SimpleValue for userFirstName
[DEBUG] 2025-05-04 23:32:06.961 [http-nio-8080-exec-4] PropertyBinder - Building property userFirstName
[DEBUG] 2025-05-04 23:32:06.961 [http-nio-8080-exec-4] Ejb3Column - Binding column: Ejb3Column{table=org.hibernate.mapping.Table(users), mappingColumn=household, insertable=true, updatable=true, unique=false}
[DEBUG] 2025-05-04 23:32:06.961 [http-nio-8080-exec-4] PropertyBinder - MetadataSourceProcessor property userHousehold with lazy=false
[DEBUG] 2025-05-04 23:32:06.961 [http-nio-8080-exec-4] AbstractPropertyHolder - Attempting to locate auto-apply AttributeConverter for property [roomley.entities.User:userHousehold]
[DEBUG] 2025-05-04 23:32:06.961 [http-nio-8080-exec-4] SimpleValueBinder - building SimpleValue for userHousehold
[DEBUG] 2025-05-04 23:32:06.961 [http-nio-8080-exec-4] PropertyBinder - Building property userHousehold
[DEBUG] 2025-05-04 23:32:06.961 [http-nio-8080-exec-4] Ejb3Column - Binding column: Ejb3Column{table=org.hibernate.mapping.Table(users), mappingColumn=last_name, insertable=true, updatable=true, unique=false}
[DEBUG] 2025-05-04 23:32:06.961 [http-nio-8080-exec-4] PropertyBinder - MetadataSourceProcessor property userLastName with lazy=false
[DEBUG] 2025-05-04 23:32:06.961 [http-nio-8080-exec-4] AbstractPropertyHolder - Attempting to locate auto-apply AttributeConverter for property [roomley.entities.User:userLastName]
[DEBUG] 2025-05-04 23:32:06.961 [http-nio-8080-exec-4] SimpleValueBinder - building SimpleValue for userLastName
[DEBUG] 2025-05-04 23:32:06.961 [http-nio-8080-exec-4] PropertyBinder - Building property userLastName
[DEBUG] 2025-05-04 23:32:06.961 [http-nio-8080-exec-4] Ejb3Column - Binding column: Ejb3Column{table=org.hibernate.mapping.Table(users), mappingColumn=user_level, insertable=true, updatable=true, unique=false}
[DEBUG] 2025-05-04 23:32:06.961 [http-nio-8080-exec-4] PropertyBinder - MetadataSourceProcessor property userLevel with lazy=false
[DEBUG] 2025-05-04 23:32:06.961 [http-nio-8080-exec-4] AbstractPropertyHolder - Attempting to locate auto-apply AttributeConverter for property [roomley.entities.User:userLevel]
[DEBUG] 2025-05-04 23:32:06.961 [http-nio-8080-exec-4] SimpleValueBinder - building SimpleValue for userLevel
[DEBUG] 2025-05-04 23:32:06.961 [http-nio-8080-exec-4] PropertyBinder - Building property userLevel
[DEBUG] 2025-05-04 23:32:06.961 [http-nio-8080-exec-4] Ejb3Column - Binding column: Ejb3Column{table=org.hibernate.mapping.Table(users), mappingColumn=user_type, insertable=true, updatable=true, unique=false}
[DEBUG] 2025-05-04 23:32:06.961 [http-nio-8080-exec-4] PropertyBinder - MetadataSourceProcessor property userType with lazy=false
[DEBUG] 2025-05-04 23:32:06.961 [http-nio-8080-exec-4] AbstractPropertyHolder - Attempting to locate auto-apply AttributeConverter for property [roomley.entities.User:userType]
[DEBUG] 2025-05-04 23:32:06.961 [http-nio-8080-exec-4] SimpleValueBinder - building SimpleValue for userType
[DEBUG] 2025-05-04 23:32:06.961 [http-nio-8080-exec-4] PropertyBinder - Building property userType
[DEBUG] 2025-05-04 23:32:06.961 [http-nio-8080-exec-4] Ejb3Column - Binding column: Ejb3Column{table=org.hibernate.mapping.Table(users), mappingColumn=username, insertable=true, updatable=true, unique=false}
[DEBUG] 2025-05-04 23:32:06.962 [http-nio-8080-exec-4] PropertyBinder - MetadataSourceProcessor property username with lazy=false
[DEBUG] 2025-05-04 23:32:06.962 [http-nio-8080-exec-4] AbstractPropertyHolder - Attempting to locate auto-apply AttributeConverter for property [roomley.entities.User:username]
[DEBUG] 2025-05-04 23:32:06.962 [http-nio-8080-exec-4] SimpleValueBinder - building SimpleValue for username
[DEBUG] 2025-05-04 23:32:06.962 [http-nio-8080-exec-4] PropertyBinder - Building property username
[DEBUG] 2025-05-04 23:32:06.963 [http-nio-8080-exec-4] SimpleValueBinder - Starting fillSimpleValue for taskId
[DEBUG] 2025-05-04 23:32:06.963 [http-nio-8080-exec-4] SimpleValueBinder - Starting fillSimpleValue for taskDescription
[DEBUG] 2025-05-04 23:32:06.963 [http-nio-8080-exec-4] SimpleValueBinder - Starting fillSimpleValue for taskName
[DEBUG] 2025-05-04 23:32:06.963 [http-nio-8080-exec-4] SimpleValueBinder - Starting fillSimpleValue for taskStatus
[DEBUG] 2025-05-04 23:32:06.963 [http-nio-8080-exec-4] SimpleValueBinder - Starting fillSimpleValue for taskType
[DEBUG] 2025-05-04 23:32:06.963 [http-nio-8080-exec-4] SimpleValueBinder - Starting fillSimpleValue for id
[DEBUG] 2025-05-04 23:32:06.963 [http-nio-8080-exec-4] SimpleValueBinder - Starting fillSimpleValue for householdId
[DEBUG] 2025-05-04 23:32:06.963 [http-nio-8080-exec-4] SimpleValueBinder - Starting fillSimpleValue for password
[DEBUG] 2025-05-04 23:32:06.963 [http-nio-8080-exec-4] SimpleValueBinder - Starting fillSimpleValue for userBirthDate
[DEBUG] 2025-05-04 23:32:06.963 [http-nio-8080-exec-4] SimpleValueBinder - Starting fillSimpleValue for userEmail
[DEBUG] 2025-05-04 23:32:06.963 [http-nio-8080-exec-4] SimpleValueBinder - Starting fillSimpleValue for userFirstName
[DEBUG] 2025-05-04 23:32:06.964 [http-nio-8080-exec-4] SimpleValueBinder - Starting fillSimpleValue for userHousehold
[DEBUG] 2025-05-04 23:32:06.964 [http-nio-8080-exec-4] SimpleValueBinder - Starting fillSimpleValue for userLastName
[DEBUG] 2025-05-04 23:32:06.964 [http-nio-8080-exec-4] SimpleValueBinder - Starting fillSimpleValue for userLevel
[DEBUG] 2025-05-04 23:32:06.964 [http-nio-8080-exec-4] SimpleValueBinder - Starting fillSimpleValue for userType
[DEBUG] 2025-05-04 23:32:06.964 [http-nio-8080-exec-4] SimpleValueBinder - Starting fillSimpleValue for username
[DEBUG] 2025-05-04 23:32:06.967 [http-nio-8080-exec-4] PrimaryKey - Forcing column [task_id] to be non-null as it is part of the primary key for table [tasks]
[DEBUG] 2025-05-04 23:32:06.967 [http-nio-8080-exec-4] PrimaryKey - Forcing column [user_id] to be non-null as it is part of the primary key for table [users]
[DEBUG] 2025-05-04 23:32:06.968 [http-nio-8080-exec-4] CollectionSecondPass - Second pass for collection: roomley.entities.User.task
[DEBUG] 2025-05-04 23:32:06.968 [http-nio-8080-exec-4] CollectionBinder - Binding a OneToMany: roomley.entities.User.task through a foreign key
[DEBUG] 2025-05-04 23:32:06.968 [http-nio-8080-exec-4] CollectionBinder - Mapping collection: roomley.entities.User.task -> tasks
[DEBUG] 2025-05-04 23:32:06.969 [http-nio-8080-exec-4] TableBinder - Retrieving property roomley.entities.Task.user
[DEBUG] 2025-05-04 23:32:06.969 [http-nio-8080-exec-4] CollectionSecondPass - Mapped collection key: Users_user_id, one-to-many: roomley.entities.Task
[DEBUG] 2025-05-04 23:32:06.969 [http-nio-8080-exec-4] InFlightMetadataCollectorImpl - Resolving reference to class: roomley.entities.User
[DEBUG] 2025-05-04 23:32:06.972 [http-nio-8080-exec-4] InFlightMetadataCollectorImpl - Resolving reference to class: roomley.entities.User
[DEBUG] 2025-05-04 23:32:07.002 [http-nio-8080-exec-4] SessionFactoryImpl - Building session factory
[DEBUG] 2025-05-04 23:32:07.003 [http-nio-8080-exec-4] Settings - SessionFactory name : null
[DEBUG] 2025-05-04 23:32:07.003 [http-nio-8080-exec-4] Settings - Automatic flush during beforeCompletion(): enabled
[DEBUG] 2025-05-04 23:32:07.003 [http-nio-8080-exec-4] Settings - Automatic session close at end of transaction: disabled
[DEBUG] 2025-05-04 23:32:07.003 [http-nio-8080-exec-4] Settings - Statistics: disabled
[DEBUG] 2025-05-04 23:32:07.003 [http-nio-8080-exec-4] Settings - Deleted entity synthetic identifier rollback: disabled
[DEBUG] 2025-05-04 23:32:07.003 [http-nio-8080-exec-4] Settings - Default entity-mode: pojo
[DEBUG] 2025-05-04 23:32:07.003 [http-nio-8080-exec-4] Settings - Check Nullability in Core (should be disabled when Bean Validation is on): enabled
[DEBUG] 2025-05-04 23:32:07.003 [http-nio-8080-exec-4] Settings - Allow initialization of lazy state outside session : disabled
[DEBUG] 2025-05-04 23:32:07.003 [http-nio-8080-exec-4] Settings - Using BatchFetchStyle : LEGACY
[DEBUG] 2025-05-04 23:32:07.003 [http-nio-8080-exec-4] Settings - Default batch fetch size: -1
[DEBUG] 2025-05-04 23:32:07.003 [http-nio-8080-exec-4] Settings - Maximum outer join fetch depth: 2
[DEBUG] 2025-05-04 23:32:07.003 [http-nio-8080-exec-4] Settings - Default null ordering: NONE
[DEBUG] 2025-05-04 23:32:07.003 [http-nio-8080-exec-4] Settings - Order SQL updates by primary key: disabled
[DEBUG] 2025-05-04 23:32:07.003 [http-nio-8080-exec-4] Settings - Order SQL inserts for batching: disabled
[DEBUG] 2025-05-04 23:32:07.003 [http-nio-8080-exec-4] Settings - multi-tenancy strategy : NONE
[DEBUG] 2025-05-04 23:32:07.003 [http-nio-8080-exec-4] Settings - JTA Track by Thread: enabled
[DEBUG] 2025-05-04 23:32:07.003 [http-nio-8080-exec-4] Settings - Query language substitutions: {}
[DEBUG] 2025-05-04 23:32:07.003 [http-nio-8080-exec-4] Settings - Named query checking : enabled
[DEBUG] 2025-05-04 23:32:07.003 [http-nio-8080-exec-4] Settings - Second-level cache: disabled
[DEBUG] 2025-05-04 23:32:07.004 [http-nio-8080-exec-4] Settings - Second-level query cache: disabled
[DEBUG] 2025-05-04 23:32:07.004 [http-nio-8080-exec-4] Settings - Second-level query cache factory: null
[DEBUG] 2025-05-04 23:32:07.004 [http-nio-8080-exec-4] Settings - Second-level cache region prefix: null
[DEBUG] 2025-05-04 23:32:07.004 [http-nio-8080-exec-4] Settings - Optimize second-level cache for minimal puts: disabled
[DEBUG] 2025-05-04 23:32:07.004 [http-nio-8080-exec-4] Settings - Structured second-level cache entries: disabled
[DEBUG] 2025-05-04 23:32:07.004 [http-nio-8080-exec-4] Settings - Second-level cache direct-reference entries: disabled
[DEBUG] 2025-05-04 23:32:07.004 [http-nio-8080-exec-4] Settings - Automatic eviction of collection cache: disabled
[DEBUG] 2025-05-04 23:32:07.004 [http-nio-8080-exec-4] Settings - JDBC batch size: 15
[DEBUG] 2025-05-04 23:32:07.004 [http-nio-8080-exec-4] Settings - JDBC batch updates for versioned data: enabled
[DEBUG] 2025-05-04 23:32:07.004 [http-nio-8080-exec-4] Settings - Scrollable result sets: enabled
[DEBUG] 2025-05-04 23:32:07.004 [http-nio-8080-exec-4] Settings - Wrap result sets: disabled
[DEBUG] 2025-05-04 23:32:07.004 [http-nio-8080-exec-4] Settings - JDBC3 getGeneratedKeys(): enabled
[DEBUG] 2025-05-04 23:32:07.004 [http-nio-8080-exec-4] Settings - JDBC result set fetch size: null
[DEBUG] 2025-05-04 23:32:07.004 [http-nio-8080-exec-4] Settings - Connection release mode: AFTER_TRANSACTION
[DEBUG] 2025-05-04 23:32:07.004 [http-nio-8080-exec-4] Settings - Generate SQL with comments: disabled
[DEBUG] 2025-05-04 23:32:07.004 [http-nio-8080-exec-4] Settings - JPA compliance - query : disabled
[DEBUG] 2025-05-04 23:32:07.004 [http-nio-8080-exec-4] Settings - JPA compliance - closed-handling : disabled
[DEBUG] 2025-05-04 23:32:07.004 [http-nio-8080-exec-4] Settings - JPA compliance - lists : disabled
[DEBUG] 2025-05-04 23:32:07.004 [http-nio-8080-exec-4] Settings - JPA compliance - transactions : disabled
[DEBUG] 2025-05-04 23:32:07.049 [http-nio-8080-exec-4] SessionFactoryServiceRegistryImpl - EventListenerRegistry access via ServiceRegistry is deprecated.  Use `sessionFactory.getEventEngine().getListenerRegistry()` instead
[DEBUG] 2025-05-04 23:32:07.049 [http-nio-8080-exec-4] SessionFactoryServiceRegistryImpl - EventListenerRegistry access via ServiceRegistry is deprecated.  Use `sessionFactory.getEventEngine().getListenerRegistry()` instead
[DEBUG] 2025-05-04 23:32:07.061 [http-nio-8080-exec-4] SessionFactoryImpl - Session factory constructed with filter configurations : {}
[DEBUG] 2025-05-04 23:32:07.061 [http-nio-8080-exec-4] SessionFactoryImpl - Instantiating session factory with properties: {java.specification.version=24, sun.cpu.isalist=amd64, hibernate.c3p0.idle_test_period=3000, sun.jnu.encoding=Cp1252, hibernate.dialect=org.hibernate.dialect.MySQLDialect, hibernate.c3p0.min_size=5, java.class.path=C:\Program Files\Apache Software Foundation\Tomcat 9.0\bin\bootstrap.jar;C:\Program Files\Apache Software Foundation\Tomcat 9.0\bin\tomcat-juli.jar, java.vm.vendor=Oracle Corporation, sun.arch.data.model=64, user.variant=, java.vendor.url=https://java.oracle.com/, catalina.useNaming=true, user.timezone=America/Chicago, org.apache.el.GET_CLASSLOADER_USE_PRIVILEGED=false, java.vm.specification.version=24, os.name=Windows 10, sun.io.useCanonCaches=false, sun.java.launcher=SUN_STANDARD, user.country=US, sun.boot.library.path=C:\Users\Andrew\.jdks\openjdk-24\bin, com.sun.management.jmxremote.ssl=false, sun.java.command=org.apache.catalina.startup.Bootstrap start, com.sun.management.jmxremote=, jdk.debug=release, sun.cpu.endian=little, user.home=C:\Users\Andrew, hibernate.c3p0.max_statements=50, user.language=en, java.specification.vendor=Oracle Corporation, java.naming.factory.url.pkgs=org.apache.naming, java.version.date=2025-03-18, java.home=C:\Users\Andrew\.jdks\openjdk-24, ignore.endorsed.dirs=, file.separator=\, java.vm.compressedOopsMode=Zero based, line.separator=
, hibernate.c3p0.timeout=300, java.specification.name=Java Platform API Specification, java.vm.specification.vendor=Oracle Corporation, com.sun.management.jmxremote.password.file=C:\Users\Andrew\AppData\Local\JetBrains\IntelliJIdea2024.3\tomcat\5279a7e4-99ca-4460-8ea9-e592b5fcd88a\jmxremote.password, package.access=sun.,org.apache.catalina.,org.apache.coyote.,org.apache.jasper.,org.apache.tomcat., package.definition=sun.,java.,org.apache.catalina.,org.apache.coyote.,org.apache.jasper.,org.apache.naming.,org.apache.tomcat., jdk.tls.ephemeralDHKeySize=2048, user.script=, server.loader=, java.protocol.handler.pkgs=org.apache.catalina.webresources, java.util.logging.config.file=C:\Users\Andrew\AppData\Local\JetBrains\IntelliJIdea2024.3\tomcat\5279a7e4-99ca-4460-8ea9-e592b5fcd88a\conf\logging.properties, com.sun.management.jmxremote.access.file=C:\Users\Andrew\AppData\Local\JetBrains\IntelliJIdea2024.3\tomcat\5279a7e4-99ca-4460-8ea9-e592b5fcd88a\jmxremote.access, sun.management.compiler=HotSpot 64-Bit Tiered Compilers, hibernate.c3p0.max_size=20, java.runtime.version=24+36-3646, java.naming.factory.initial=org.apache.naming.java.javaURLContextFactory, user.name=Andrew, stdout.encoding=Cp1252, path.separator=;, common.loader="C:/Program Files/Apache Software Foundation/Tomcat 9.0/lib","C:/Program Files/Apache Software Foundation/Tomcat 9.0/lib/*.jar","C:\Program Files\Apache Software Foundation\Tomcat 9.0/lib","C:\Program Files\Apache Software Foundation\Tomcat 9.0/lib/*.jar", hibernate.connection.username=****, os.version=10.0, java.runtime.name=OpenJDK Runtime Environment, hibernate.connection.url=jdbc:mysql://awseb-e-im5c23ijpi-stack-awsebrdsdatabase-hae1rqqdaejj.c9iku2weendw.us-east-2.rds.amazonaws.com:3306/ebdb, file.encoding=UTF-8, java.vm.name=OpenJDK 64-Bit Server VM, hibernate.connection.driver_class=com.mysql.cj.jdbc.Driver, java.vendor.url.bug=https://bugreport.java.com/bugreport/, java.io.tmpdir=C:\Program Files\Apache Software Foundation\Tomcat 9.0\temp, tomcat.util.scan.StandardJarScanFilter.jarsToScan=log4j-taglib*.jar,log4j-web*.jar,log4javascript*.jar,slf4j-taglib*.jar, catalina.home=C:\Program Files\Apache Software Foundation\Tomcat 9.0, java.version=24, com.sun.management.jmxremote.port=1099, tomcat.util.scan.StandardJarScanFilter.jarsToSkip=annotations-api.jar,ant-junit*.jar,ant-launcher*.jar,ant*.jar,asm-*.jar,aspectj*.jar,bcel*.jar,biz.aQute.bnd*.jar,bootstrap.jar,catalina-ant.jar,catalina-ha.jar,catalina-ssi.jar,catalina-storeconfig.jar,catalina-tribes.jar,catalina.jar,cglib-*.jar,cobertura-*.jar,commons-beanutils*.jar,commons-codec*.jar,commons-collections*.jar,commons-compress*.jar,commons-daemon.jar,commons-dbcp*.jar,commons-digester*.jar,commons-fileupload*.jar,commons-httpclient*.jar,commons-io*.jar,commons-lang*.jar,commons-logging*.jar,commons-math*.jar,commons-pool*.jar,derby-*.jar,dom4j-*.jar,easymock-*.jar,ecj-*.jar,el-api.jar,geronimo-spec-jaxrpc*.jar,h2*.jar,ha-api-*.jar,hamcrest-*.jar,hibernate*.jar,httpclient*.jar,icu4j-*.jar,jasper-el.jar,jasper.jar,jaspic-api.jar,jaxb-*.jar,jaxen-*.jar,jaxws-rt-*.jar,jdom-*.jar,jetty-*.jar,jmx-tools.jar,jmx.jar,jsp-api.jar,jstl.jar,jta*.jar,junit-*.jar,junit.jar,log4j*.jar,mail*.jar,objenesis-*.jar,oraclepki.jar,org.hamcrest.core_*.jar,org.junit_*.jar,oro-*.jar,servlet-api-*.jar,servlet-api.jar,slf4j*.jar,taglibs-standard-spec-*.jar,tagsoup-*.jar,tomcat-api.jar,tomcat-coyote.jar,tomcat-coyote-ffm.jar,tomcat-dbcp.jar,tomcat-i18n-*.jar,tomcat-jdbc.jar,tomcat-jni.jar,tomcat-juli-adapters.jar,tomcat-juli.jar,tomcat-util-scan.jar,tomcat-util.jar,tomcat-websocket.jar,tools.jar,unboundid-ldapsdk-*.jar,websocket-api.jar,wsdl4j*.jar,xercesImpl.jar,xml-apis.jar,xmlParserAPIs-*.jar,xmlParserAPIs.jar,xom-*.jar, user.dir=C:\Program Files\Apache Software Foundation\Tomcat 9.0\bin, os.arch=amd64, java.vm.specification.name=Java Virtual Machine Specification, hibernate.connection.password=****, sun.os.patch.level=, catalina.base=C:\Users\Andrew\AppData\Local\JetBrains\IntelliJIdea2024.3\tomcat\5279a7e4-99ca-4460-8ea9-e592b5fcd88a, shared.loader=, hibernate.boot.CfgXmlAccessService.key=org.hibernate.boot.cfgxml.spi.LoadedConfig@2083974, native.encoding=Cp1252, java.util.logging.manager=org.apache.juli.ClassLoaderLogManager, java.library.path=C:\Users\Andrew\.jdks\openjdk-24\bin;C:\Windows\Sun\Java\bin;C:\Windows\system32;C:\Windows;C:\Program Files\Eclipse Adoptium\jdk-11.0.26.4-hotspot\bin;C:\Python313\Scripts\;C:\Python313\;C:\Windows\system32;C:\Windows;C:\Windows\System32\Wbem;C:\Windows\System32\WindowsPowerShell\v1.0\;C:\Windows\System32\OpenSSH\;C:\Program Files\Git\cmd;C:\Program Files\NVIDIA Corporation\NVIDIA App\NvDLISR;C:\Program Files\nodejs\;C:\ProgramData\chocolatey\bin;C:\Strawberry\c\bin;C:\Strawberry\perl\site\bin;C:\Strawberry\perl\bin;C:\ProgramData\chocolatey\lib\maven\apache-maven-3.9.9\bin;C:\Program Files (x86)\NVIDIA Corporation\PhysX\Common;C:\Program Files\dotnet\;C:\Program Files\MySQL\MySQL Shell 8.0\bin\;C:\Users\Andrew\AppData\Local\Microsoft\WindowsApps;C:\Users\Andrew\AppData\Local\Programs\Microsoft VS Code\bin;C:\Users\Andrew\AppData\Roaming\npm;C:\Users\Andrew\AppData\Roaming\Python\Python313\Scripts;C:\Program Files\MySQL\MySQL Server 8.0\bin;;., java.vendor=Oracle Corporation, stderr.encoding=Cp1252, java.vm.info=mixed mode, sharing, java.vm.version=24+36-3646, hibernate.bytecode.use_reflection_optimizer=false, java.rmi.server.randomIDs=true, java.rmi.server.hostname=127.0.0.1, sun.io.unicode.encoding=UnicodeLittle, tomcat.util.buf.StringCache.byte.enabled=true, java.class.version=68.0}
[DEBUG] 2025-05-04 23:32:07.077 [http-nio-8080-exec-4] TypeSafeActivator - Unable to acquire Bean Validation ValidatorFactory, skipping activation
[DEBUG] 2025-05-04 23:32:07.077 [http-nio-8080-exec-4] JaccIntegrator - Skipping JACC integration as it was not enabled
[DEBUG] 2025-05-04 23:32:07.078 [http-nio-8080-exec-4] SessionFactoryImpl - Instantiated session factory
[DEBUG] 2025-05-04 23:32:07.078 [http-nio-8080-exec-4] TypeConfiguration$Scope - Scoping TypeConfiguration [org.hibernate.type.spi.TypeConfiguration@6521ac0f] to SessionFactoryImpl [org.hibernate.internal.SessionFactoryImpl@e171b13]
[DEBUG] 2025-05-04 23:32:07.133 [http-nio-8080-exec-4] interceptor - To-one property `roomley.entities.Task#user` was mapped with LAZY + NO_PROXY but the class was not enhanced
[DEBUG] 2025-05-04 23:32:07.134 [http-nio-8080-exec-4] interceptor - To-one property `roomley.entities.Task#user` was mapped with LAZY + NO_PROXY but the class was not enhanced
[DEBUG] 2025-05-04 23:32:07.135 [http-nio-8080-exec-4] ClassLoaderAccessImpl - Not known whether passed class name [roomley.entities.Task] is safe
[DEBUG] 2025-05-04 23:32:07.135 [http-nio-8080-exec-4] ClassLoaderAccessImpl - No temp ClassLoader provided; using live ClassLoader for loading potentially unsafe class : roomley.entities.Task
[DEBUG] 2025-05-04 23:32:07.300 [http-nio-8080-exec-4] interceptor - To-one property `roomley.entities.Task#user` was mapped with LAZY + NO_PROXY but the class was not enhanced
[DEBUG] 2025-05-04 23:32:07.300 [http-nio-8080-exec-4] interceptor - To-one property `roomley.entities.Task#user` was mapped with LAZY + NO_PROXY but the class was not enhanced
[DEBUG] 2025-05-04 23:32:07.307 [http-nio-8080-exec-4] ClassLoaderAccessImpl - Not known whether passed class name [roomley.entities.User] is safe
[DEBUG] 2025-05-04 23:32:07.307 [http-nio-8080-exec-4] ClassLoaderAccessImpl - No temp ClassLoader provided; using live ClassLoader for loading potentially unsafe class : roomley.entities.User
[DEBUG] 2025-05-04 23:32:07.335 [http-nio-8080-exec-4] AbstractCollectionPersister - Static SQL for collection: roomley.entities.User.task
[DEBUG] 2025-05-04 23:32:07.335 [http-nio-8080-exec-4] AbstractCollectionPersister -  Row insert: update tasks set Users_user_id=? where task_id=?
[DEBUG] 2025-05-04 23:32:07.335 [http-nio-8080-exec-4] AbstractCollectionPersister -  Row update: update tasks set  where task_id=?
[DEBUG] 2025-05-04 23:32:07.335 [http-nio-8080-exec-4] AbstractCollectionPersister -  Row delete: update tasks set Users_user_id=null where Users_user_id=? and task_id=?
[DEBUG] 2025-05-04 23:32:07.335 [http-nio-8080-exec-4] AbstractCollectionPersister -  One-shot delete: update tasks set Users_user_id=null where Users_user_id=?
[DEBUG] 2025-05-04 23:32:07.338 [http-nio-8080-exec-4] AbstractEntityPersister - Static SQL for entity: roomley.entities.Task
[DEBUG] 2025-05-04 23:32:07.338 [http-nio-8080-exec-4] AbstractEntityPersister -  Version select: select task_id from tasks where task_id =?
[DEBUG] 2025-05-04 23:32:07.338 [http-nio-8080-exec-4] AbstractEntityPersister -  Snapshot select: select task_.task_id, task_.task_description as task_des2_0_, task_.task_name as task_nam3_0_, task_.status as status4_0_, task_.task_type as task_typ5_0_, task_.Users_user_id as users_us6_0_ from tasks task_ where task_.task_id=?
[DEBUG] 2025-05-04 23:32:07.338 [http-nio-8080-exec-4] AbstractEntityPersister -  Insert 0: insert into tasks (task_description, task_name, status, task_type, Users_user_id, task_id) values (?, ?, ?, ?, ?, ?)
[DEBUG] 2025-05-04 23:32:07.339 [http-nio-8080-exec-4] AbstractEntityPersister -  Update 0: update tasks set task_description=?, task_name=?, status=?, task_type=?, Users_user_id=? where task_id=?
[DEBUG] 2025-05-04 23:32:07.339 [http-nio-8080-exec-4] AbstractEntityPersister -  Delete 0: delete from tasks where task_id=?
[DEBUG] 2025-05-04 23:32:07.339 [http-nio-8080-exec-4] AbstractEntityPersister -  Identity insert: insert into tasks (task_description, task_name, status, task_type, Users_user_id) values (?, ?, ?, ?, ?)
[DEBUG] 2025-05-04 23:32:07.363 [http-nio-8080-exec-4] QuerySpacesImpl - Adding QuerySpace : uid = <gen:0> -> org.hibernate.loader.plan.build.internal.spaces.EntityQuerySpaceImpl@4fa7081]
[DEBUG] 2025-05-04 23:32:07.364 [http-nio-8080-exec-4] MetamodelGraphWalker - Visiting attribute path : taskDescription
[DEBUG] 2025-05-04 23:32:07.364 [http-nio-8080-exec-4] MetamodelGraphWalker - Visiting attribute path : taskName
[DEBUG] 2025-05-04 23:32:07.364 [http-nio-8080-exec-4] MetamodelGraphWalker - Visiting attribute path : taskStatus
[DEBUG] 2025-05-04 23:32:07.364 [http-nio-8080-exec-4] MetamodelGraphWalker - Visiting attribute path : taskType
[DEBUG] 2025-05-04 23:32:07.364 [http-nio-8080-exec-4] MetamodelGraphWalker - Visiting attribute path : user
[DEBUG] 2025-05-04 23:32:07.368 [http-nio-8080-exec-4] QuerySpacesImpl - Adding QuerySpace : uid = <gen:1> -> org.hibernate.loader.plan.build.internal.spaces.EntityQuerySpaceImpl@b1d63b6]
[DEBUG] 2025-05-04 23:32:07.369 [http-nio-8080-exec-4] MetamodelGraphWalker - Visiting attribute path : user.householdId
[DEBUG] 2025-05-04 23:32:07.369 [http-nio-8080-exec-4] MetamodelGraphWalker - Visiting attribute path : user.password
[DEBUG] 2025-05-04 23:32:07.369 [http-nio-8080-exec-4] MetamodelGraphWalker - Visiting attribute path : user.task
[DEBUG] 2025-05-04 23:32:07.369 [http-nio-8080-exec-4] MetamodelGraphWalker - Property path deemed to be circular : user.task
[DEBUG] 2025-05-04 23:32:07.369 [http-nio-8080-exec-4] MetamodelGraphWalker - Visiting attribute path : user.userBirthDate
[DEBUG] 2025-05-04 23:32:07.369 [http-nio-8080-exec-4] MetamodelGraphWalker - Visiting attribute path : user.userEmail
[DEBUG] 2025-05-04 23:32:07.369 [http-nio-8080-exec-4] MetamodelGraphWalker - Visiting attribute path : user.userFirstName
[DEBUG] 2025-05-04 23:32:07.369 [http-nio-8080-exec-4] MetamodelGraphWalker - Visiting attribute path : user.userHousehold
[DEBUG] 2025-05-04 23:32:07.369 [http-nio-8080-exec-4] MetamodelGraphWalker - Visiting attribute path : user.userLastName
[DEBUG] 2025-05-04 23:32:07.369 [http-nio-8080-exec-4] MetamodelGraphWalker - Visiting attribute path : user.userLevel
[DEBUG] 2025-05-04 23:32:07.369 [http-nio-8080-exec-4] MetamodelGraphWalker - Visiting attribute path : user.userType
[DEBUG] 2025-05-04 23:32:07.369 [http-nio-8080-exec-4] MetamodelGraphWalker - Visiting attribute path : user.username
[DEBUG] 2025-05-04 23:32:07.370 [http-nio-8080-exec-4] FetchStyleLoadPlanBuildingAssociationVisitationStrategy - Building LoadPlan...
[DEBUG] 2025-05-04 23:32:07.380 [http-nio-8080-exec-4] LoadQueryJoinAndFetchProcessor - processing queryspace <gen:0>
[DEBUG] 2025-05-04 23:32:07.384 [http-nio-8080-exec-4] LoadPlanTreePrinter - LoadPlan(entity=roomley.entities.Task)
    - Returns
       - EntityReturnImpl(entity=roomley.entities.Task, querySpaceUid=<gen:0>, path=roomley.entities.Task)
          - EntityAttributeFetchImpl(entity=roomley.entities.User, querySpaceUid=<gen:1>, path=roomley.entities.Task.user)
    - QuerySpaces
       - EntityQuerySpaceImpl(uid=<gen:0>, entity=roomley.entities.Task)
          - SQL table alias mapping - task0_
          - alias suffix - 0_
          - suffixed key columns - {task_id1_0_0_}
          - JOIN (JoinDefinedByMetadata(user)) : <gen:0> -> <gen:1>
             - EntityQuerySpaceImpl(uid=<gen:1>, entity=roomley.entities.User)
                - SQL table alias mapping - user1_
                - alias suffix - 1_
                - suffixed key columns - {user_id1_1_1_}

[DEBUG] 2025-05-04 23:32:07.385 [http-nio-8080-exec-4] EntityLoader - Static select for entity roomley.entities.Task [NONE]: select task0_.task_id as task_id1_0_0_, task0_.task_description as task_des2_0_0_, task0_.task_name as task_nam3_0_0_, task0_.status as status4_0_0_, task0_.task_type as task_typ5_0_0_, task0_.Users_user_id as users_us6_0_0_, user1_.user_id as user_id1_1_1_, user1_.Households_household_id as househol2_1_1_, user1_.password as password3_1_1_, user1_.birthdate as birthdat4_1_1_, user1_.email as email5_1_1_, user1_.first_name as first_na6_1_1_, user1_.household as househol7_1_1_, user1_.last_name as last_nam8_1_1_, user1_.user_level as user_lev9_1_1_, user1_.user_type as user_ty10_1_1_, user1_.username as usernam11_1_1_ from tasks task0_ left outer join users user1_ on task0_.Users_user_id=user1_.user_id where task0_.task_id=?
[DEBUG] 2025-05-04 23:32:07.386 [http-nio-8080-exec-4] AbstractEntityPersister - Static SQL for entity: roomley.entities.User
[DEBUG] 2025-05-04 23:32:07.386 [http-nio-8080-exec-4] AbstractEntityPersister -  Version select: select user_id from users where user_id =?
[DEBUG] 2025-05-04 23:32:07.386 [http-nio-8080-exec-4] AbstractEntityPersister -  Snapshot select: select user_.user_id, user_.Households_household_id as househol2_1_, user_.password as password3_1_, user_.birthdate as birthdat4_1_, user_.email as email5_1_, user_.first_name as first_na6_1_, user_.household as househol7_1_, user_.last_name as last_nam8_1_, user_.user_level as user_lev9_1_, user_.user_type as user_ty10_1_, user_.username as usernam11_1_ from users user_ where user_.user_id=?
[DEBUG] 2025-05-04 23:32:07.386 [http-nio-8080-exec-4] AbstractEntityPersister -  Insert 0: insert into users (Households_household_id, password, birthdate, email, first_name, household, last_name, user_level, user_type, username, user_id) values (?, ?, ?, ?, ?, ?, ?, ?, ?, ?, ?)
[DEBUG] 2025-05-04 23:32:07.386 [http-nio-8080-exec-4] AbstractEntityPersister -  Update 0: update users set Households_household_id=?, password=?, birthdate=?, email=?, first_name=?, household=?, last_name=?, user_level=?, user_type=?, username=? where user_id=?
[DEBUG] 2025-05-04 23:32:07.386 [http-nio-8080-exec-4] AbstractEntityPersister -  Delete 0: delete from users where user_id=?
[DEBUG] 2025-05-04 23:32:07.386 [http-nio-8080-exec-4] AbstractEntityPersister -  Identity insert: insert into users (Households_household_id, password, birthdate, email, first_name, household, last_name, user_level, user_type, username) values (?, ?, ?, ?, ?, ?, ?, ?, ?, ?)
[DEBUG] 2025-05-04 23:32:07.386 [http-nio-8080-exec-4] QuerySpacesImpl - Adding QuerySpace : uid = <gen:0> -> org.hibernate.loader.plan.build.internal.spaces.EntityQuerySpaceImpl@2ba11e09]
[DEBUG] 2025-05-04 23:32:07.386 [http-nio-8080-exec-4] MetamodelGraphWalker - Visiting attribute path : householdId
[DEBUG] 2025-05-04 23:32:07.386 [http-nio-8080-exec-4] MetamodelGraphWalker - Visiting attribute path : password
[DEBUG] 2025-05-04 23:32:07.386 [http-nio-8080-exec-4] MetamodelGraphWalker - Visiting attribute path : task
[DEBUG] 2025-05-04 23:32:07.387 [http-nio-8080-exec-4] QuerySpacesImpl - Adding QuerySpace : uid = <gen:1> -> org.hibernate.loader.plan.build.internal.spaces.CollectionQuerySpaceImpl@2aab2edc]
[DEBUG] 2025-05-04 23:32:07.388 [http-nio-8080-exec-4] QuerySpacesImpl - Adding QuerySpace : uid = <gen:2> -> org.hibernate.loader.plan.build.internal.spaces.EntityQuerySpaceImpl@84da986]
[DEBUG] 2025-05-04 23:32:07.389 [http-nio-8080-exec-4] MetamodelGraphWalker - Visiting attribute path : task.taskDescription
[DEBUG] 2025-05-04 23:32:07.389 [http-nio-8080-exec-4] MetamodelGraphWalker - Visiting attribute path : task.taskName
[DEBUG] 2025-05-04 23:32:07.389 [http-nio-8080-exec-4] MetamodelGraphWalker - Visiting attribute path : task.taskStatus
[DEBUG] 2025-05-04 23:32:07.389 [http-nio-8080-exec-4] MetamodelGraphWalker - Visiting attribute path : task.taskType
[DEBUG] 2025-05-04 23:32:07.389 [http-nio-8080-exec-4] MetamodelGraphWalker - Visiting attribute path : task.user
[DEBUG] 2025-05-04 23:32:07.389 [http-nio-8080-exec-4] MetamodelGraphWalker - Property path deemed to be circular : task.user
[DEBUG] 2025-05-04 23:32:07.389 [http-nio-8080-exec-4] MetamodelGraphWalker - Visiting attribute path : userBirthDate
[DEBUG] 2025-05-04 23:32:07.389 [http-nio-8080-exec-4] MetamodelGraphWalker - Visiting attribute path : userEmail
[DEBUG] 2025-05-04 23:32:07.389 [http-nio-8080-exec-4] MetamodelGraphWalker - Visiting attribute path : userFirstName
[DEBUG] 2025-05-04 23:32:07.389 [http-nio-8080-exec-4] MetamodelGraphWalker - Visiting attribute path : userHousehold
[DEBUG] 2025-05-04 23:32:07.389 [http-nio-8080-exec-4] MetamodelGraphWalker - Visiting attribute path : userLastName
[DEBUG] 2025-05-04 23:32:07.389 [http-nio-8080-exec-4] MetamodelGraphWalker - Visiting attribute path : userLevel
[DEBUG] 2025-05-04 23:32:07.389 [http-nio-8080-exec-4] MetamodelGraphWalker - Visiting attribute path : userType
[DEBUG] 2025-05-04 23:32:07.389 [http-nio-8080-exec-4] MetamodelGraphWalker - Visiting attribute path : username
[DEBUG] 2025-05-04 23:32:07.389 [http-nio-8080-exec-4] FetchStyleLoadPlanBuildingAssociationVisitationStrategy - Building LoadPlan...
[DEBUG] 2025-05-04 23:32:07.389 [http-nio-8080-exec-4] LoadQueryJoinAndFetchProcessor - processing queryspace <gen:0>
[DEBUG] 2025-05-04 23:32:07.391 [http-nio-8080-exec-4] LoadPlanTreePrinter - LoadPlan(entity=roomley.entities.User)
    - Returns
       - EntityReturnImpl(entity=roomley.entities.User, querySpaceUid=<gen:0>, path=roomley.entities.User)
          - CollectionAttributeFetchImpl(collection=roomley.entities.User.task, querySpaceUid=<gen:1>, path=roomley.entities.User.task)
             - (collection element) CollectionFetchableElementEntityGraph(entity=roomley.entities.Task, querySpaceUid=<gen:2>, path=roomley.entities.User.task.<elements>)
    - QuerySpaces
       - EntityQuerySpaceImpl(uid=<gen:0>, entity=roomley.entities.User)
          - SQL table alias mapping - user0_
          - alias suffix - 0_
          - suffixed key columns - {user_id1_1_0_}
          - JOIN (JoinDefinedByMetadata(task)) : <gen:0> -> <gen:1>
             - CollectionQuerySpaceImpl(uid=<gen:1>, collection=roomley.entities.User.task)
                - SQL table alias mapping - task1_
                - alias suffix - 1_
                - suffixed key columns - {users_us6_0_1_}
                - entity-element alias suffix - 2_
                - 2_entity-element suffixed key columns - task_id1_0_2_
                - JOIN (JoinDefinedByMetadata(elements)) : <gen:1> -> <gen:2>
                   - EntityQuerySpaceImpl(uid=<gen:2>, entity=roomley.entities.Task)
                      - SQL table alias mapping - task1_
                      - alias suffix - 2_
                      - suffixed key columns - {task_id1_0_2_}

[DEBUG] 2025-05-04 23:32:07.391 [http-nio-8080-exec-4] EntityLoader - Static select for entity roomley.entities.User [NONE]: select user0_.user_id as user_id1_1_0_, user0_.Households_household_id as househol2_1_0_, user0_.password as password3_1_0_, user0_.birthdate as birthdat4_1_0_, user0_.email as email5_1_0_, user0_.first_name as first_na6_1_0_, user0_.household as househol7_1_0_, user0_.last_name as last_nam8_1_0_, user0_.user_level as user_lev9_1_0_, user0_.user_type as user_ty10_1_0_, user0_.username as usernam11_1_0_, task1_.Users_user_id as users_us6_0_1_, task1_.task_id as task_id1_0_1_, task1_.task_id as task_id1_0_2_, task1_.task_description as task_des2_0_2_, task1_.task_name as task_nam3_0_2_, task1_.status as status4_0_2_, task1_.task_type as task_typ5_0_2_, task1_.Users_user_id as users_us6_0_2_ from users user0_ left outer join tasks task1_ on user0_.user_id=task1_.Users_user_id where user0_.user_id=?
[DEBUG] 2025-05-04 23:32:07.394 [http-nio-8080-exec-4] QuerySpacesImpl - Adding QuerySpace : uid = <gen:0> -> org.hibernate.loader.plan.build.internal.spaces.CollectionQuerySpaceImpl@16215de8]
[DEBUG] 2025-05-04 23:32:07.394 [http-nio-8080-exec-4] QuerySpacesImpl - Adding QuerySpace : uid = <gen:1> -> org.hibernate.loader.plan.build.internal.spaces.EntityQuerySpaceImpl@50cd3604]
[DEBUG] 2025-05-04 23:32:07.394 [http-nio-8080-exec-4] MetamodelGraphWalker - Visiting attribute path : taskDescription
[DEBUG] 2025-05-04 23:32:07.394 [http-nio-8080-exec-4] MetamodelGraphWalker - Visiting attribute path : taskName
[DEBUG] 2025-05-04 23:32:07.394 [http-nio-8080-exec-4] MetamodelGraphWalker - Visiting attribute path : taskStatus
[DEBUG] 2025-05-04 23:32:07.394 [http-nio-8080-exec-4] MetamodelGraphWalker - Visiting attribute path : taskType
[DEBUG] 2025-05-04 23:32:07.394 [http-nio-8080-exec-4] MetamodelGraphWalker - Visiting attribute path : user
[DEBUG] 2025-05-04 23:32:07.394 [http-nio-8080-exec-4] MetamodelGraphWalker - Property path deemed to be circular : user
[DEBUG] 2025-05-04 23:32:07.394 [http-nio-8080-exec-4] FetchStyleLoadPlanBuildingAssociationVisitationStrategy - Building LoadPlan...
[DEBUG] 2025-05-04 23:32:07.396 [http-nio-8080-exec-4] LoadQueryJoinAndFetchProcessor - processing queryspace <gen:0>
[DEBUG] 2025-05-04 23:32:07.396 [http-nio-8080-exec-4] LoadPlanTreePrinter - LoadPlan(collection=roomley.entities.User.task)
    - Returns
       - CollectionReturnImpl(collection=roomley.entities.User.task, querySpaceUid=<gen:0>, path=[roomley.entities.User.task])
          - (collection element) CollectionFetchableElementEntityGraph(entity=roomley.entities.Task, querySpaceUid=<gen:1>, path=[roomley.entities.User.task].<elements>)
    - QuerySpaces
       - CollectionQuerySpaceImpl(uid=<gen:0>, collection=roomley.entities.User.task)
          - SQL table alias mapping - task0_
          - alias suffix - 0_
          - suffixed key columns - {users_us6_0_0_}
          - entity-element alias suffix - 1_
          - 1_entity-element suffixed key columns - task_id1_0_1_
          - JOIN (JoinDefinedByMetadata(elements)) : <gen:0> -> <gen:1>
             - EntityQuerySpaceImpl(uid=<gen:1>, entity=roomley.entities.Task)
                - SQL table alias mapping - task0_
                - alias suffix - 1_
                - suffixed key columns - {task_id1_0_1_}

[DEBUG] 2025-05-04 23:32:07.396 [http-nio-8080-exec-4] CollectionLoader - Static select for collection roomley.entities.User.task: select task0_.Users_user_id as users_us6_0_0_, task0_.task_id as task_id1_0_0_, task0_.task_id as task_id1_0_1_, task0_.task_description as task_des2_0_1_, task0_.task_name as task_nam3_0_1_, task0_.status as status4_0_1_, task0_.task_type as task_typ5_0_1_, task0_.Users_user_id as users_us6_0_1_ from tasks task0_ where task0_.Users_user_id=?
[DEBUG] 2025-05-04 23:32:07.425 [http-nio-8080-exec-4] SchemaManagementToolCoordinator - No schema actions specified
[DEBUG] 2025-05-04 23:32:07.425 [http-nio-8080-exec-4] SchemaManagementToolCoordinator - No actions specified; doing nothing
[DEBUG] 2025-05-04 23:32:07.425 [http-nio-8080-exec-4] JtaPlatformInitiator - No JtaPlatform was specified, checking resolver
[DEBUG] 2025-05-04 23:32:07.425 [http-nio-8080-exec-4] JtaPlatformResolverInitiator - No JtaPlatformResolver was specified, using default [org.hibernate.engine.transaction.jta.platform.internal.StandardJtaPlatformResolver]
[DEBUG] 2025-05-04 23:32:07.430 [http-nio-8080-exec-4] StandardJtaPlatformResolver - Could not resolve JtaPlatform, using default [org.hibernate.engine.transaction.jta.platform.internal.NoJtaPlatform]
[INFO ] 2025-05-04 23:32:07.430 [http-nio-8080-exec-4] JtaPlatformInitiator - HHH000490: Using JtaPlatform implementation: [org.hibernate.engine.transaction.jta.platform.internal.NoJtaPlatform]
[DEBUG] 2025-05-04 23:32:07.435 [http-nio-8080-exec-4] SessionFactoryServiceRegistryImpl - EventListenerRegistry access via ServiceRegistry is deprecated.  Use `sessionFactory.getEventEngine().getListenerRegistry()` instead
[DEBUG] 2025-05-04 23:32:07.436 [http-nio-8080-exec-4] QueryTranslatorFactoryInitiator - QueryTranslatorFactory: org.hibernate.hql.internal.ast.ASTQueryTranslatorFactory@21ffde80
[DEBUG] 2025-05-04 23:32:07.440 [http-nio-8080-exec-4] NamedQueryRepository - Checking 0 named HQL queries
[DEBUG] 2025-05-04 23:32:07.440 [http-nio-8080-exec-4] NamedQueryRepository - Checking 0 named SQL queries
[DEBUG] 2025-05-04 23:32:07.442 [http-nio-8080-exec-4] SessionFactoryRegistry - Initializing SessionFactoryRegistry : org.hibernate.internal.SessionFactoryRegistry@1228ccde
[DEBUG] 2025-05-04 23:32:07.443 [http-nio-8080-exec-4] SessionFactoryRegistry - Registering SessionFactory: e22fad30-ee92-47a7-88fc-38efe28e856a (<unnamed>)
[DEBUG] 2025-05-04 23:32:07.443 [http-nio-8080-exec-4] SessionFactoryRegistry - Not binding SessionFactory to JNDI, no JNDI name configured
[DEBUG] 2025-05-04 23:32:07.489 [http-nio-8080-exec-4] StatisticsInitiator - Statistics initialized [enabled=false]
[DEBUG] 2025-05-04 23:32:07.494 [http-nio-8080-exec-4] TransactionImpl - On TransactionImpl creation, JpaCompliance#isJpaTransactionComplianceEnabled == false
[DEBUG] 2025-05-04 23:32:07.494 [http-nio-8080-exec-4] TransactionImpl - begin
[DEBUG] 2025-05-04 23:32:07.631 [http-nio-8080-exec-4] ActionQueue - Executing identity-insert immediately
[DEBUG] 2025-05-04 23:32:07.636 [http-nio-8080-exec-4] SQL - insert into tasks (task_description, task_name, status, task_type, Users_user_id) values (?, ?, ?, ?, ?)
[DEBUG] 2025-05-04 23:32:07.690 [http-nio-8080-exec-4] SqlExceptionHelper - could not execute statement [n/a]
java.sql.SQLIntegrityConstraintViolationException: Column 'task_description' cannot be null
	at com.mysql.cj.jdbc.exceptions.SQLError.createSQLException(SQLError.java:118) ~[mysql-connector-j-8.0.33.jar:8.0.33]
	at com.mysql.cj.jdbc.exceptions.SQLExceptionsMapping.translateException(SQLExceptionsMapping.java:122) ~[mysql-connector-j-8.0.33.jar:8.0.33]
	at com.mysql.cj.jdbc.ClientPreparedStatement.executeInternal(ClientPreparedStatement.java:916) ~[mysql-connector-j-8.0.33.jar:8.0.33]
	at com.mysql.cj.jdbc.ClientPreparedStatement.executeUpdateInternal(ClientPreparedStatement.java:1061) ~[mysql-connector-j-8.0.33.jar:8.0.33]
	at com.mysql.cj.jdbc.ClientPreparedStatement.executeUpdateInternal(ClientPreparedStatement.java:1009) ~[mysql-connector-j-8.0.33.jar:8.0.33]
	at com.mysql.cj.jdbc.ClientPreparedStatement.executeLargeUpdate(ClientPreparedStatement.java:1320) ~[mysql-connector-j-8.0.33.jar:8.0.33]
	at com.mysql.cj.jdbc.ClientPreparedStatement.executeUpdate(ClientPreparedStatement.java:994) ~[mysql-connector-j-8.0.33.jar:8.0.33]
	at org.hibernate.engine.jdbc.internal.ResultSetReturnImpl.executeUpdate(ResultSetReturnImpl.java:197) [hibernate-core-5.6.15.Final.jar:5.6.15.Final]
	at org.hibernate.dialect.identity.GetGeneratedKeysDelegate.executeAndExtract(GetGeneratedKeysDelegate.java:58) [hibernate-core-5.6.15.Final.jar:5.6.15.Final]
	at org.hibernate.id.insert.AbstractReturningDelegate.performInsert(AbstractReturningDelegate.java:43) [hibernate-core-5.6.15.Final.jar:5.6.15.Final]
	at org.hibernate.persister.entity.AbstractEntityPersister.insert(AbstractEntityPersister.java:3279) [hibernate-core-5.6.15.Final.jar:5.6.15.Final]
	at org.hibernate.persister.entity.AbstractEntityPersister.insert(AbstractEntityPersister.java:3914) [hibernate-core-5.6.15.Final.jar:5.6.15.Final]
	at org.hibernate.action.internal.EntityIdentityInsertAction.execute(EntityIdentityInsertAction.java:84) [hibernate-core-5.6.15.Final.jar:5.6.15.Final]
	at org.hibernate.engine.spi.ActionQueue.execute(ActionQueue.java:645) [hibernate-core-5.6.15.Final.jar:5.6.15.Final]
	at org.hibernate.engine.spi.ActionQueue.addResolvedEntityInsertAction(ActionQueue.java:282) [hibernate-core-5.6.15.Final.jar:5.6.15.Final]
	at org.hibernate.engine.spi.ActionQueue.addInsertAction(ActionQueue.java:263) [hibernate-core-5.6.15.Final.jar:5.6.15.Final]
	at org.hibernate.engine.spi.ActionQueue.addAction(ActionQueue.java:317) [hibernate-core-5.6.15.Final.jar:5.6.15.Final]
	at org.hibernate.event.internal.AbstractSaveEventListener.addInsertAction(AbstractSaveEventListener.java:329) [hibernate-core-5.6.15.Final.jar:5.6.15.Final]
	at org.hibernate.event.internal.AbstractSaveEventListener.performSaveOrReplicate(AbstractSaveEventListener.java:286) [hibernate-core-5.6.15.Final.jar:5.6.15.Final]
	at org.hibernate.event.internal.AbstractSaveEventListener.performSave(AbstractSaveEventListener.java:192) [hibernate-core-5.6.15.Final.jar:5.6.15.Final]
	at org.hibernate.event.internal.AbstractSaveEventListener.saveWithGeneratedId(AbstractSaveEventListener.java:122) [hibernate-core-5.6.15.Final.jar:5.6.15.Final]
	at org.hibernate.event.internal.DefaultPersistEventListener.entityIsTransient(DefaultPersistEventListener.java:185) [hibernate-core-5.6.15.Final.jar:5.6.15.Final]
	at org.hibernate.event.internal.DefaultPersistEventListener.onPersist(DefaultPersistEventListener.java:128) [hibernate-core-5.6.15.Final.jar:5.6.15.Final]
	at org.hibernate.event.internal.DefaultPersistEventListener.onPersist(DefaultPersistEventListener.java:55) [hibernate-core-5.6.15.Final.jar:5.6.15.Final]
	at org.hibernate.event.service.internal.EventListenerGroupImpl.fireEventOnEachListener(EventListenerGroupImpl.java:107) [hibernate-core-5.6.15.Final.jar:5.6.15.Final]
	at org.hibernate.internal.SessionImpl.firePersist(SessionImpl.java:756) [hibernate-core-5.6.15.Final.jar:5.6.15.Final]
	at org.hibernate.internal.SessionImpl.persist(SessionImpl.java:742) [hibernate-core-5.6.15.Final.jar:5.6.15.Final]
	at roomley.persistence.TaskDao.insert(TaskDao.java:59) [classes/:?]
	at roomley.controller.TaskCreator.doGet(TaskCreator.java:39) [classes/:?]
	at javax.servlet.http.HttpServlet.service(HttpServlet.java:529) [servlet-api.jar:4.0.FR]
	at javax.servlet.http.HttpServlet.service(HttpServlet.java:623) [servlet-api.jar:4.0.FR]
	at org.apache.catalina.core.ApplicationFilterChain.internalDoFilter(ApplicationFilterChain.java:199) [catalina.jar:9.0.104]
	at org.apache.catalina.core.ApplicationFilterChain.doFilter(ApplicationFilterChain.java:144) [catalina.jar:9.0.104]
	at org.apache.tomcat.websocket.server.WsFilter.doFilter(WsFilter.java:51) [tomcat-websocket.jar:9.0.104]
	at org.apache.catalina.core.ApplicationFilterChain.internalDoFilter(ApplicationFilterChain.java:168) [catalina.jar:9.0.104]
	at org.apache.catalina.core.ApplicationFilterChain.doFilter(ApplicationFilterChain.java:144) [catalina.jar:9.0.104]
	at org.apache.catalina.core.StandardWrapperValve.invoke(StandardWrapperValve.java:168) [catalina.jar:9.0.104]
	at org.apache.catalina.core.StandardContextValve.invoke(StandardContextValve.java:90) [catalina.jar:9.0.104]
	at org.apache.catalina.authenticator.AuthenticatorBase.invoke(AuthenticatorBase.java:482) [catalina.jar:9.0.104]
	at org.apache.catalina.core.StandardHostValve.invoke(StandardHostValve.java:130) [catalina.jar:9.0.104]
	at org.apache.catalina.valves.ErrorReportValve.invoke(ErrorReportValve.java:93) [catalina.jar:9.0.104]
	at org.apache.catalina.valves.AbstractAccessLogValve.invoke(AbstractAccessLogValve.java:656) [catalina.jar:9.0.104]
	at org.apache.catalina.core.StandardEngineValve.invoke(StandardEngineValve.java:74) [catalina.jar:9.0.104]
	at org.apache.catalina.connector.CoyoteAdapter.service(CoyoteAdapter.java:346) [catalina.jar:9.0.104]
	at org.apache.coyote.http11.Http11Processor.service(Http11Processor.java:397) [tomcat-coyote.jar:9.0.104]
	at org.apache.coyote.AbstractProcessorLight.process(AbstractProcessorLight.java:63) [tomcat-coyote.jar:9.0.104]
	at org.apache.coyote.AbstractProtocol$ConnectionHandler.process(AbstractProtocol.java:935) [tomcat-coyote.jar:9.0.104]
	at org.apache.tomcat.util.net.NioEndpoint$SocketProcessor.doRun(NioEndpoint.java:1792) [tomcat-coyote.jar:9.0.104]
	at org.apache.tomcat.util.net.SocketProcessorBase.run(SocketProcessorBase.java:52) [tomcat-coyote.jar:9.0.104]
	at org.apache.tomcat.util.threads.ThreadPoolExecutor.runWorker(ThreadPoolExecutor.java:1189) [tomcat-util.jar:9.0.104]
	at org.apache.tomcat.util.threads.ThreadPoolExecutor$Worker.run(ThreadPoolExecutor.java:658) [tomcat-util.jar:9.0.104]
	at org.apache.tomcat.util.threads.TaskThread$WrappingRunnable.run(TaskThread.java:63) [tomcat-util.jar:9.0.104]
	at java.lang.Thread.run(Thread.java:1447) [?:?]
[WARN ] 2025-05-04 23:32:07.691 [http-nio-8080-exec-4] SqlExceptionHelper - SQL Error: 1048, SQLState: 23000
[ERROR] 2025-05-04 23:32:07.691 [http-nio-8080-exec-4] SqlExceptionHelper - Column 'task_description' cannot be null
[DEBUG] 2025-05-04 23:32:07.696 [http-nio-8080-exec-4] JdbcResourceLocalTransactionCoordinatorImpl - JDBC transaction marked for rollback-only (exception provided for stack trace)
java.lang.Exception: exception just for purpose of providing stack trace
	at org.hibernate.resource.transaction.backend.jdbc.internal.JdbcResourceLocalTransactionCoordinatorImpl$TransactionDriverControlImpl.markRollbackOnly(JdbcResourceLocalTransactionCoordinatorImpl.java:324) [hibernate-core-5.6.15.Final.jar:5.6.15.Final]
	at org.hibernate.engine.transaction.internal.TransactionImpl.markRollbackOnly(TransactionImpl.java:203) [hibernate-core-5.6.15.Final.jar:5.6.15.Final]
	at org.hibernate.internal.AbstractSharedSessionContract.markForRollbackOnly(AbstractSharedSessionContract.java:428) [hibernate-core-5.6.15.Final.jar:5.6.15.Final]
	at org.hibernate.internal.ExceptionConverterImpl.handlePersistenceException(ExceptionConverterImpl.java:297) [hibernate-core-5.6.15.Final.jar:5.6.15.Final]
	at org.hibernate.internal.ExceptionConverterImpl.convert(ExceptionConverterImpl.java:155) [hibernate-core-5.6.15.Final.jar:5.6.15.Final]
	at org.hibernate.internal.ExceptionConverterImpl.convert(ExceptionConverterImpl.java:181) [hibernate-core-5.6.15.Final.jar:5.6.15.Final]
	at org.hibernate.internal.ExceptionConverterImpl.convert(ExceptionConverterImpl.java:188) [hibernate-core-5.6.15.Final.jar:5.6.15.Final]
	at org.hibernate.internal.SessionImpl.firePersist(SessionImpl.java:762) [hibernate-core-5.6.15.Final.jar:5.6.15.Final]
	at org.hibernate.internal.SessionImpl.persist(SessionImpl.java:742) [hibernate-core-5.6.15.Final.jar:5.6.15.Final]
	at roomley.persistence.TaskDao.insert(TaskDao.java:59) [classes/:?]
	at roomley.controller.TaskCreator.doGet(TaskCreator.java:39) [classes/:?]
	at javax.servlet.http.HttpServlet.service(HttpServlet.java:529) [servlet-api.jar:4.0.FR]
	at javax.servlet.http.HttpServlet.service(HttpServlet.java:623) [servlet-api.jar:4.0.FR]
	at org.apache.catalina.core.ApplicationFilterChain.internalDoFilter(ApplicationFilterChain.java:199) [catalina.jar:9.0.104]
	at org.apache.catalina.core.ApplicationFilterChain.doFilter(ApplicationFilterChain.java:144) [catalina.jar:9.0.104]
	at org.apache.tomcat.websocket.server.WsFilter.doFilter(WsFilter.java:51) [tomcat-websocket.jar:9.0.104]
	at org.apache.catalina.core.ApplicationFilterChain.internalDoFilter(ApplicationFilterChain.java:168) [catalina.jar:9.0.104]
	at org.apache.catalina.core.ApplicationFilterChain.doFilter(ApplicationFilterChain.java:144) [catalina.jar:9.0.104]
	at org.apache.catalina.core.StandardWrapperValve.invoke(StandardWrapperValve.java:168) [catalina.jar:9.0.104]
	at org.apache.catalina.core.StandardContextValve.invoke(StandardContextValve.java:90) [catalina.jar:9.0.104]
	at org.apache.catalina.authenticator.AuthenticatorBase.invoke(AuthenticatorBase.java:482) [catalina.jar:9.0.104]
	at org.apache.catalina.core.StandardHostValve.invoke(StandardHostValve.java:130) [catalina.jar:9.0.104]
	at org.apache.catalina.valves.ErrorReportValve.invoke(ErrorReportValve.java:93) [catalina.jar:9.0.104]
	at org.apache.catalina.valves.AbstractAccessLogValve.invoke(AbstractAccessLogValve.java:656) [catalina.jar:9.0.104]
	at org.apache.catalina.core.StandardEngineValve.invoke(StandardEngineValve.java:74) [catalina.jar:9.0.104]
	at org.apache.catalina.connector.CoyoteAdapter.service(CoyoteAdapter.java:346) [catalina.jar:9.0.104]
	at org.apache.coyote.http11.Http11Processor.service(Http11Processor.java:397) [tomcat-coyote.jar:9.0.104]
	at org.apache.coyote.AbstractProcessorLight.process(AbstractProcessorLight.java:63) [tomcat-coyote.jar:9.0.104]
	at org.apache.coyote.AbstractProtocol$ConnectionHandler.process(AbstractProtocol.java:935) [tomcat-coyote.jar:9.0.104]
	at org.apache.tomcat.util.net.NioEndpoint$SocketProcessor.doRun(NioEndpoint.java:1792) [tomcat-coyote.jar:9.0.104]
	at org.apache.tomcat.util.net.SocketProcessorBase.run(SocketProcessorBase.java:52) [tomcat-coyote.jar:9.0.104]
	at org.apache.tomcat.util.threads.ThreadPoolExecutor.runWorker(ThreadPoolExecutor.java:1189) [tomcat-util.jar:9.0.104]
	at org.apache.tomcat.util.threads.ThreadPoolExecutor$Worker.run(ThreadPoolExecutor.java:658) [tomcat-util.jar:9.0.104]
	at org.apache.tomcat.util.threads.TaskThread$WrappingRunnable.run(TaskThread.java:63) [tomcat-util.jar:9.0.104]
	at java.lang.Thread.run(Thread.java:1447) [?:?]
